2024-11-21 19:29:57,219 - INFO - ----------------------------------------------------
2024-11-21 19:29:57,220 - INFO - Searching for papers from the following parameters:
2024-11-21 19:29:57,220 - INFO - Journal level: A
2024-11-21 19:29:57,220 - INFO - Years: [2022, 2023, 2024]
2024-11-21 19:29:57,220 - INFO - Keywords: TEE, SGX, TrustZone, Confident
2024-11-21 19:29:57,220 - INFO - All journals/conferences will be included.
2024-11-21 19:29:57,220 - INFO - Selected categories: 1, 2, 3, 4, 5
2024-11-21 19:29:57,221 - INFO - ----------------------------------------------------
2024-11-21 19:29:57,234 - INFO - ----------------------------------------------------
2024-11-21 19:29:57,234 - INFO - Processing journal 1/55
2024-11-21 19:29:57,235 - INFO - Currently find 0 papers.
2024-11-21 19:29:57,235 - INFO - ----------------------------------------------------
2024-11-21 19:29:57,235 - INFO - Fetching papers from PPoPP (http://dblp.uni-trier.de/db/conf/ppopp/)
2024-11-21 19:29:57,235 - INFO - Fetching papers in PPoPP (2022)...
2024-11-21 19:30:00,657 - INFO - Search in https://dblp.uni-trier.de/db/conf/ppopp/ppopp2022.html...
2024-11-21 19:30:02,809 - INFO - Search in https://dblp.uni-trier.de/db/conf/ppopp/exhet2022.html...
2024-11-21 19:30:04,119 - INFO - Search in https://dblp.uni-trier.de/db/conf/ppopp/pmam2022.html...
2024-11-21 19:30:05,967 - INFO - Search in https://dblp.uni-trier.de/db/conf/ppopp/bid2022.html...
2024-11-21 19:30:07,476 - INFO - Year 2022: Found 0 papers.
2024-11-21 19:30:07,476 - INFO - Fetching papers in PPoPP (2023)...
2024-11-21 19:30:10,759 - INFO - Search in https://dblp.uni-trier.de/db/conf/ppopp/ppopp2023.html...
2024-11-21 19:30:13,024 - INFO - Search in https://dblp.uni-trier.de/db/conf/ppopp/exhet2023.html...
2024-11-21 19:30:14,375 - INFO - Search in https://dblp.uni-trier.de/db/conf/ppopp/pmam2023.html...
2024-11-21 19:30:15,852 - INFO - Search in https://dblp.uni-trier.de/db/conf/ppopp/bid2023.html...
2024-11-21 19:30:17,619 - INFO - Year 2023: Found 0 papers.
2024-11-21 19:30:17,619 - INFO - Fetching papers in PPoPP (2024)...
2024-11-21 19:30:21,060 - INFO - Search in https://dblp.uni-trier.de/db/conf/ppopp/ppopp2024.html...
2024-11-21 19:30:22,864 - INFO - Search in https://dblp.uni-trier.de/db/conf/ppopp/pmam2024.html...
2024-11-21 19:30:24,694 - INFO - Year 2024: Found 0 papers.
2024-11-21 19:30:24,694 - INFO - No papers found in PPoPP.
2024-11-21 19:30:24,695 - INFO - ----------------------------------------------------
2024-11-21 19:30:24,695 - INFO - Processing journal 2/55
2024-11-21 19:30:24,695 - INFO - Currently find 0 papers.
2024-11-21 19:30:24,695 - INFO - ----------------------------------------------------
2024-11-21 19:30:24,696 - INFO - Fetching papers from FAST (http://dblp.uni-trier.de/db/conf/fast/)
2024-11-21 19:30:24,696 - INFO - Fetching papers in FAST (2022)...
2024-11-21 19:30:28,011 - INFO - Search in https://dblp.uni-trier.de/db/conf/fast/fast2022.html...
2024-11-21 19:30:29,766 - INFO - Year 2022: Found 0 papers.
2024-11-21 19:30:29,766 - INFO - Fetching papers in FAST (2023)...
2024-11-21 19:30:32,828 - INFO - Search in https://dblp.uni-trier.de/db/conf/fast/fast2023.html...
2024-11-21 19:30:34,797 - INFO - Year 2023: Found 0 papers.
2024-11-21 19:30:34,797 - INFO - Fetching papers in FAST (2024)...
2024-11-21 19:30:37,661 - INFO - Search in https://dblp.uni-trier.de/db/conf/fast/fast2024.html...
2024-11-21 19:30:39,450 - INFO - Year 2024: Found 0 papers.
2024-11-21 19:30:39,450 - INFO - No papers found in FAST.
2024-11-21 19:30:39,450 - INFO - ----------------------------------------------------
2024-11-21 19:30:39,451 - INFO - Processing journal 3/55
2024-11-21 19:30:39,451 - INFO - Currently find 0 papers.
2024-11-21 19:30:39,451 - INFO - ----------------------------------------------------
2024-11-21 19:30:39,451 - INFO - Fetching papers from DAC (https://dblp.uni-trier.de/db/conf/dac/)
2024-11-21 19:30:39,451 - INFO - Fetching papers in DAC (2022)...
2024-11-21 19:30:41,837 - INFO - Search in https://dblp.uni-trier.de/db/conf/dac/dac2022.html...
2024-11-21 19:30:46,620 - INFO - Year 2022: Found 1 papers.
2024-11-21 19:30:46,620 - INFO - Fetching papers in DAC (2023)...
2024-11-21 19:30:49,282 - INFO - Search in https://dblp.uni-trier.de/db/conf/dac/dac2023.html...
2024-11-21 19:30:58,384 - INFO - Year 2023: Found 2 papers.
2024-11-21 19:30:58,384 - INFO - Fetching papers in DAC (2024)...
2024-11-21 19:31:00,738 - INFO - Search in https://dblp.uni-trier.de/db/conf/dac/dac2024.html...
2024-11-21 19:31:09,977 - INFO - Year 2024: Found 2 papers.
2024-11-21 19:31:09,980 - INFO - Found 5 papers in DAC.
2024-11-21 19:31:10,249 - INFO - ----------------------------------------------------
2024-11-21 19:31:10,249 - INFO - Processing journal 4/55
2024-11-21 19:31:10,249 - INFO - Currently find 5 papers.
2024-11-21 19:31:10,249 - INFO - ----------------------------------------------------
2024-11-21 19:31:10,249 - INFO - Fetching papers from HPCA (http://dblp.uni-trier.de/db/conf/cnhpca/)
2024-11-21 19:31:10,250 - INFO - Fetching papers in HPCA (2022)...
2024-11-21 19:31:13,121 - WARNING - No data for 2022
2024-11-21 19:31:13,122 - INFO - Fetching papers in HPCA (2023)...
2024-11-21 19:31:16,502 - WARNING - No data for 2023
2024-11-21 19:31:16,502 - INFO - Fetching papers in HPCA (2024)...
2024-11-21 19:31:21,110 - WARNING - No data for 2024
2024-11-21 19:31:21,111 - INFO - No papers found in HPCA.
2024-11-21 19:31:21,111 - INFO - ----------------------------------------------------
2024-11-21 19:31:21,111 - INFO - Processing journal 5/55
2024-11-21 19:31:21,111 - INFO - Currently find 5 papers.
2024-11-21 19:31:21,111 - INFO - ----------------------------------------------------
2024-11-21 19:31:21,111 - INFO - Fetching papers from MICRO (http://dblp.uni-trier.de/db/conf/micro/)
2024-11-21 19:31:21,112 - INFO - Fetching papers in MICRO (2022)...
2024-11-21 19:31:24,860 - INFO - Search in https://dblp.uni-trier.de/db/conf/micro/micro2022.html...
2024-11-21 19:31:42,603 - INFO - Year 2022: Found 0 papers.
2024-11-21 19:31:42,603 - INFO - Fetching papers in MICRO (2023)...
2024-11-21 19:31:46,493 - INFO - Search in https://dblp.uni-trier.de/db/conf/micro/micro2023.html...
2024-11-21 19:31:48,953 - INFO - Search in https://dblp.uni-trier.de/db/conf/micro/nocarc2023.html...
2024-11-21 19:31:50,431 - INFO - Year 2023: Found 1 papers.
2024-11-21 19:31:50,431 - INFO - Fetching papers in MICRO (2024)...
2024-11-21 19:31:54,237 - WARNING - No data for 2024
2024-11-21 19:31:54,238 - INFO - Found 1 papers in MICRO.
2024-11-21 19:31:54,255 - INFO - ----------------------------------------------------
2024-11-21 19:31:54,255 - INFO - Processing journal 6/55
2024-11-21 19:31:54,255 - INFO - Currently find 6 papers.
2024-11-21 19:31:54,256 - INFO - ----------------------------------------------------
2024-11-21 19:31:54,256 - INFO - Fetching papers from SC (http://dblp.uni-trier.de/db/conf/sc/)
2024-11-21 19:31:54,256 - INFO - Fetching papers in SC (2022)...
2024-11-21 19:31:58,693 - INFO - Search in https://dblp.uni-trier.de/db/conf/sc/sc2022.html...
2024-11-21 19:32:01,344 - INFO - Search in https://dblp.uni-trier.de/db/conf/sc/scalah2022.html...
2024-11-21 19:32:03,207 - INFO - Search in https://dblp.uni-trier.de/db/conf/sc/hipar2022.html...
2024-11-21 19:32:04,541 - INFO - Search in https://dblp.uni-trier.de/db/conf/sc/rsdha2022.html...
2024-11-21 19:32:06,307 - INFO - Search in https://dblp.uni-trier.de/db/conf/sc/shpc2022.html...
2024-11-21 19:32:07,980 - INFO - Year 2022: Found 0 papers.
2024-11-21 19:32:07,980 - INFO - Fetching papers in SC (2023)...
2024-11-21 19:32:12,399 - INFO - Search in https://dblp.uni-trier.de/db/conf/sc/sc2023.html...
2024-11-21 19:32:15,313 - INFO - Search in https://dblp.uni-trier.de/db/conf/sc/sc2023w.html...
2024-11-21 19:32:21,437 - INFO - Year 2023: Found 2 papers.
2024-11-21 19:32:21,437 - INFO - Fetching papers in SC (2024)...
2024-11-21 19:32:25,366 - WARNING - No data for 2024
2024-11-21 19:32:25,368 - INFO - Found 2 papers in SC.
2024-11-21 19:32:25,384 - INFO - ----------------------------------------------------
2024-11-21 19:32:25,384 - INFO - Processing journal 7/55
2024-11-21 19:32:25,384 - INFO - Currently find 8 papers.
2024-11-21 19:32:25,384 - INFO - ----------------------------------------------------
2024-11-21 19:32:25,385 - INFO - Fetching papers from ASPLOS (http://dblp.uni-trier.de/db/conf/asplos/)
2024-11-21 19:32:25,385 - INFO - Fetching papers in ASPLOS (2022)...
2024-11-21 19:32:28,743 - INFO - Search in https://dblp.uni-trier.de/db/conf/asplos/asplos2022.html...
2024-11-21 19:32:30,928 - INFO - Year 2022: Found 0 papers.
2024-11-21 19:32:30,929 - INFO - Fetching papers in ASPLOS (2023)...
2024-11-21 19:32:35,320 - INFO - Search in https://dblp.uni-trier.de/db/conf/asplos/asplos2023-1.html...
2024-11-21 19:32:37,381 - INFO - Search in https://dblp.uni-trier.de/db/conf/asplos/asplos2023-2.html...
2024-11-21 19:32:39,707 - INFO - Search in https://dblp.uni-trier.de/db/conf/asplos/asplos2023-3.html...
2024-11-21 19:32:41,903 - INFO - Search in https://dblp.uni-trier.de/db/conf/asplos/asplos2023-4.html...
2024-11-21 19:32:43,847 - INFO - Year 2023: Found 2 papers.
2024-11-21 19:32:43,847 - INFO - Fetching papers in ASPLOS (2024)...
2024-11-21 19:32:47,127 - INFO - Search in https://dblp.uni-trier.de/db/conf/asplos/asplos2024-1.html...
2024-11-21 19:32:49,149 - INFO - Search in https://dblp.uni-trier.de/db/conf/asplos/asplos2024-2.html...
2024-11-21 19:32:51,777 - INFO - Search in https://dblp.uni-trier.de/db/conf/asplos/asplos2024-3.html...
2024-11-21 19:32:54,315 - INFO - Year 2024: Found 2 papers.
2024-11-21 19:32:54,316 - INFO - Found 4 papers in ASPLOS.
2024-11-21 19:32:54,335 - INFO - ----------------------------------------------------
2024-11-21 19:32:54,335 - INFO - Processing journal 8/55
2024-11-21 19:32:54,336 - INFO - Currently find 12 papers.
2024-11-21 19:32:54,336 - INFO - ----------------------------------------------------
2024-11-21 19:32:54,336 - INFO - Fetching papers from ISCA (http://dblp.uni-trier.de/db/conf/isca/)
2024-11-21 19:32:54,336 - INFO - Fetching papers in ISCA (2022)...
2024-11-21 19:32:58,053 - INFO - Search in https://dblp.uni-trier.de/db/conf/isca/isca2022.html...
2024-11-21 19:33:00,082 - INFO - Year 2022: Found 0 papers.
2024-11-21 19:33:00,082 - INFO - Fetching papers in ISCA (2023)...
2024-11-21 19:33:03,752 - INFO - Search in https://dblp.uni-trier.de/db/conf/isca/isca2023.html...
2024-11-21 19:33:06,224 - INFO - Year 2023: Found 1 papers.
2024-11-21 19:33:06,224 - INFO - Fetching papers in ISCA (2024)...
2024-11-21 19:33:09,557 - INFO - Search in https://dblp.uni-trier.de/db/conf/isca/isca2024.html...
2024-11-21 19:33:12,404 - INFO - Year 2024: Found 0 papers.
2024-11-21 19:33:12,405 - INFO - Found 1 papers in ISCA.
2024-11-21 19:33:12,426 - INFO - ----------------------------------------------------
2024-11-21 19:33:12,427 - INFO - Processing journal 9/55
2024-11-21 19:33:12,427 - INFO - Currently find 13 papers.
2024-11-21 19:33:12,427 - INFO - ----------------------------------------------------
2024-11-21 19:33:12,427 - INFO - Fetching papers from USENIX ATC (http://dblp.uni-trier.de/db/conf/usenix/index.html)
2024-11-21 19:33:12,428 - INFO - Fetching papers in USENIX ATC (2022)...
2024-11-21 19:33:15,583 - INFO - Search in https://dblp.uni-trier.de/db/conf/usenix/usenix2022.html...
2024-11-21 19:33:17,388 - INFO - Year 2022: Found 1 papers.
2024-11-21 19:33:17,389 - INFO - Fetching papers in USENIX ATC (2023)...
2024-11-21 19:33:20,408 - INFO - Search in https://dblp.uni-trier.de/db/conf/usenix/usenix2023.html...
2024-11-21 19:33:22,697 - INFO - Year 2023: Found 2 papers.
2024-11-21 19:33:22,697 - INFO - Fetching papers in USENIX ATC (2024)...
2024-11-21 19:33:25,779 - INFO - Search in https://dblp.uni-trier.de/db/conf/usenix/usenix2024.html...
2024-11-21 19:33:29,411 - INFO - Year 2024: Found 2 papers.
2024-11-21 19:33:29,413 - INFO - Found 5 papers in USENIX ATC.
2024-11-21 19:33:29,437 - INFO - ----------------------------------------------------
2024-11-21 19:33:29,438 - INFO - Processing journal 10/55
2024-11-21 19:33:29,438 - INFO - Currently find 18 papers.
2024-11-21 19:33:29,438 - INFO - ----------------------------------------------------
2024-11-21 19:33:29,439 - INFO - Fetching papers from EuroSys (http://dblp.uni-trier.de/db/conf/eurosys/)
2024-11-21 19:33:29,439 - INFO - Fetching papers in EuroSys (2022)...
2024-11-21 19:33:32,792 - INFO - Search in https://dblp.uni-trier.de/db/conf/eurosys/eurosys2022.html...
2024-11-21 19:33:34,503 - INFO - Year 2022: Found 1 papers.
2024-11-21 19:33:34,503 - INFO - Fetching papers in EuroSys (2023)...
2024-11-21 19:33:38,079 - INFO - Search in https://dblp.uni-trier.de/db/conf/eurosys/eurosys2023.html...
2024-11-21 19:33:39,996 - INFO - Year 2023: Found 1 papers.
2024-11-21 19:33:39,996 - INFO - Fetching papers in EuroSys (2024)...
2024-11-21 19:33:42,969 - INFO - Search in https://dblp.uni-trier.de/db/conf/eurosys/eurosys2024.html...
2024-11-21 19:33:45,079 - INFO - Year 2024: Found 0 papers.
2024-11-21 19:33:45,080 - INFO - Found 2 papers in EuroSys.
2024-11-21 19:33:45,106 - INFO - ----------------------------------------------------
2024-11-21 19:33:45,107 - INFO - Processing journal 11/55
2024-11-21 19:33:45,107 - INFO - Currently find 20 papers.
2024-11-21 19:33:45,107 - INFO - ----------------------------------------------------
2024-11-21 19:33:45,107 - INFO - Fetching papers from TOCS (http://dblp.uni-trier.de/db/journals/tocs/)
2024-11-21 19:33:45,108 - INFO - Fetching papers in TOCS (2022)...
2024-11-21 19:33:48,460 - INFO - Search in https://dblp.uni-trier.de/db/journals/tocs/tocs40.html...
2024-11-21 19:33:50,080 - INFO - Year 2022: Found 0 papers.
2024-11-21 19:33:50,080 - INFO - Fetching papers in TOCS (2023)...
2024-11-21 19:33:53,260 - INFO - Search in https://dblp.uni-trier.de/db/journals/tocs/tocs41.html...
2024-11-21 19:33:54,709 - INFO - Year 2023: Found 0 papers.
2024-11-21 19:33:54,709 - INFO - Fetching papers in TOCS (2024)...
2024-11-21 19:33:57,983 - INFO - Search in https://dblp.uni-trier.de/db/journals/tocs/tocs42.html...
2024-11-21 19:33:59,359 - INFO - Year 2024: Found 0 papers.
2024-11-21 19:33:59,359 - INFO - No papers found in TOCS.
2024-11-21 19:33:59,359 - INFO - ----------------------------------------------------
2024-11-21 19:33:59,360 - INFO - Processing journal 12/55
2024-11-21 19:33:59,360 - INFO - Currently find 20 papers.
2024-11-21 19:33:59,360 - INFO - ----------------------------------------------------
2024-11-21 19:33:59,360 - INFO - Fetching papers from TOS (http://dblp.uni-trier.de/db/journals/tos/)
2024-11-21 19:33:59,361 - INFO - Fetching papers in TOS (2022)...
2024-11-21 19:34:02,044 - INFO - Search in https://dblp.uni-trier.de/db/journals/tos/tos18.html...
2024-11-21 19:34:04,204 - INFO - Year 2022: Found 0 papers.
2024-11-21 19:34:04,204 - INFO - Fetching papers in TOS (2023)...
2024-11-21 19:34:06,916 - INFO - Search in https://dblp.uni-trier.de/db/journals/tos/tos19.html...
2024-11-21 19:34:09,001 - INFO - Year 2023: Found 0 papers.
2024-11-21 19:34:09,001 - INFO - Fetching papers in TOS (2024)...
2024-11-21 19:34:12,271 - INFO - Search in https://dblp.uni-trier.de/db/journals/tos/tos20.html...
2024-11-21 19:34:13,830 - INFO - Year 2024: Found 0 papers.
2024-11-21 19:34:13,830 - INFO - No papers found in TOS.
2024-11-21 19:34:13,830 - INFO - ----------------------------------------------------
2024-11-21 19:34:13,830 - INFO - Processing journal 13/55
2024-11-21 19:34:13,830 - INFO - Currently find 20 papers.
2024-11-21 19:34:13,830 - INFO - ----------------------------------------------------
2024-11-21 19:34:13,831 - INFO - Fetching papers from TCAD (http://dblp.uni-trier.de/db/journals/tcad/)
2024-11-21 19:34:13,831 - INFO - Fetching papers in TCAD (2022)...
2024-11-21 19:34:17,017 - INFO - Search in https://dblp.uni-trier.de/db/journals/tcad/tcad41.html...
2024-11-21 19:34:29,450 - INFO - Year 2022: Found 2 papers.
2024-11-21 19:34:29,450 - INFO - Fetching papers in TCAD (2023)...
2024-11-21 19:34:32,809 - INFO - Search in https://dblp.uni-trier.de/db/journals/tcad/tcad42.html...
2024-11-21 19:34:42,950 - INFO - Year 2023: Found 0 papers.
2024-11-21 19:34:42,950 - INFO - Fetching papers in TCAD (2024)...
2024-11-21 19:34:46,182 - INFO - Search in https://dblp.uni-trier.de/db/journals/tcad/tcad43.html...
2024-11-21 19:34:51,709 - INFO - Year 2024: Found 1 papers.
2024-11-21 19:34:51,710 - INFO - Found 3 papers in TCAD.
2024-11-21 19:34:51,740 - INFO - ----------------------------------------------------
2024-11-21 19:34:51,740 - INFO - Processing journal 14/55
2024-11-21 19:34:51,740 - INFO - Currently find 23 papers.
2024-11-21 19:34:51,740 - INFO - ----------------------------------------------------
2024-11-21 19:34:51,741 - INFO - Fetching papers from TC (http://dblp.uni-trier.de/db/journals/tc/index.html)
2024-11-21 19:34:51,741 - INFO - Fetching papers in TC (2022)...
2024-11-21 19:34:54,093 - INFO - Search in https://dblp.uni-trier.de/db/journals/tc/tc71.html...
2024-11-21 19:34:59,542 - INFO - Year 2022: Found 4 papers.
2024-11-21 19:34:59,542 - INFO - Fetching papers in TC (2023)...
2024-11-21 19:35:01,880 - INFO - Search in https://dblp.uni-trier.de/db/journals/tc/tc72.html...
2024-11-21 19:35:08,143 - INFO - Year 2023: Found 1 papers.
2024-11-21 19:35:08,144 - INFO - Fetching papers in TC (2024)...
2024-11-21 19:35:10,608 - INFO - Search in https://dblp.uni-trier.de/db/journals/tc/tc73.html...
2024-11-21 19:35:14,432 - INFO - Year 2024: Found 2 papers.
2024-11-21 19:35:14,435 - INFO - Found 7 papers in TC.
2024-11-21 19:35:14,467 - INFO - ----------------------------------------------------
2024-11-21 19:35:14,467 - INFO - Processing journal 15/55
2024-11-21 19:35:14,467 - INFO - Currently find 30 papers.
2024-11-21 19:35:14,468 - INFO - ----------------------------------------------------
2024-11-21 19:35:14,468 - INFO - Fetching papers from TPDS (http://dblp.uni-trier.de/db/journals/tpds/)
2024-11-21 19:35:14,468 - INFO - Fetching papers in TPDS (2022)...
2024-11-21 19:35:17,901 - INFO - Search in https://dblp.uni-trier.de/db/journals/tpds/tpds33.html...
2024-11-21 19:35:27,205 - INFO - Year 2022: Found 4 papers.
2024-11-21 19:35:27,205 - INFO - Fetching papers in TPDS (2023)...
2024-11-21 19:35:30,575 - INFO - Search in https://dblp.uni-trier.de/db/journals/tpds/tpds34.html...
2024-11-21 19:35:35,429 - INFO - Year 2023: Found 3 papers.
2024-11-21 19:35:35,429 - INFO - Fetching papers in TPDS (2024)...
2024-11-21 19:35:38,613 - INFO - Search in https://dblp.uni-trier.de/db/journals/tpds/tpds35.html...
2024-11-21 19:35:42,449 - INFO - Year 2024: Found 1 papers.
2024-11-21 19:35:42,450 - INFO - Found 8 papers in TPDS.
2024-11-21 19:35:42,486 - INFO - ----------------------------------------------------
2024-11-21 19:35:42,487 - INFO - Processing journal 16/55
2024-11-21 19:35:42,487 - INFO - Currently find 38 papers.
2024-11-21 19:35:42,487 - INFO - ----------------------------------------------------
2024-11-21 19:35:42,487 - INFO - Fetching papers from TACO (http://dblp.uni-trier.de/db/journals/taco/)
2024-11-21 19:35:42,488 - INFO - Fetching papers in TACO (2022)...
2024-11-21 19:35:45,353 - INFO - Search in https://dblp.uni-trier.de/db/journals/taco/taco19.html...
2024-11-21 19:35:47,715 - INFO - Year 2022: Found 0 papers.
2024-11-21 19:35:47,715 - INFO - Fetching papers in TACO (2023)...
2024-11-21 19:35:50,409 - INFO - Search in https://dblp.uni-trier.de/db/journals/taco/taco20.html...
2024-11-21 19:35:52,812 - INFO - Year 2023: Found 1 papers.
2024-11-21 19:35:52,813 - INFO - Fetching papers in TACO (2024)...
2024-11-21 19:35:56,178 - INFO - Search in https://dblp.uni-trier.de/db/journals/taco/taco21.html...
2024-11-21 19:35:58,251 - INFO - Year 2024: Found 0 papers.
2024-11-21 19:35:58,252 - INFO - Found 1 papers in TACO.
2024-11-21 19:35:58,294 - INFO - ----------------------------------------------------
2024-11-21 19:35:58,294 - INFO - Processing journal 17/55
2024-11-21 19:35:58,295 - INFO - Currently find 39 papers.
2024-11-21 19:35:58,295 - INFO - ----------------------------------------------------
2024-11-21 19:35:58,295 - INFO - Fetching papers from SIGCOMM (http://dblp.uni-trier.de/db/conf/sigcomm/index.html)
2024-11-21 19:35:58,295 - INFO - Fetching papers in SIGCOMM (2022)...
2024-11-21 19:36:01,773 - INFO - Search in https://dblp.uni-trier.de/db/conf/sigcomm/sigcomm2022.html...
2024-11-21 19:36:03,547 - INFO - Search in https://dblp.uni-trier.de/db/conf/sigcomm/p2022.html...
2024-11-21 19:36:05,490 - INFO - Search in https://dblp.uni-trier.de/db/conf/sigcomm/nai2022.html...
2024-11-21 19:36:07,368 - INFO - Search in https://dblp.uni-trier.de/db/conf/sigcomm/net4us2022.html...
2024-11-21 19:36:08,807 - INFO - Search in https://dblp.uni-trier.de/db/conf/sigcomm/ffspin2022.html...
2024-11-21 19:36:10,425 - INFO - Search in https://dblp.uni-trier.de/db/conf/sigcomm/fira2022.html...
2024-11-21 19:36:11,909 - INFO - Year 2022: Found 2 papers.
2024-11-21 19:36:11,909 - INFO - Fetching papers in SIGCOMM (2023)...
2024-11-21 19:36:15,823 - INFO - Search in https://dblp.uni-trier.de/db/conf/sigcomm/sigcomm2023.html...
2024-11-21 19:36:18,418 - INFO - Search in https://dblp.uni-trier.de/db/conf/sigcomm/fira2023.html...
2024-11-21 19:36:20,310 - INFO - Search in https://dblp.uni-trier.de/db/conf/sigcomm/qunet2023.html...
2024-11-21 19:36:21,788 - INFO - Year 2023: Found 1 papers.
2024-11-21 19:36:21,788 - INFO - Fetching papers in SIGCOMM (2024)...
2024-11-21 19:36:27,711 - INFO - Search in https://dblp.uni-trier.de/db/conf/sigcomm/sigcomm2024.html...
2024-11-21 19:36:29,996 - INFO - Search in https://dblp.uni-trier.de/db/conf/sigcomm/sigcomm2024pd.html...
2024-11-21 19:36:32,181 - INFO - Year 2024: Found 0 papers.
2024-11-21 19:36:32,182 - INFO - Found 3 papers in SIGCOMM.
2024-11-21 19:36:32,228 - INFO - ----------------------------------------------------
2024-11-21 19:36:32,228 - INFO - Processing journal 18/55
2024-11-21 19:36:32,228 - INFO - Currently find 42 papers.
2024-11-21 19:36:32,229 - INFO - ----------------------------------------------------
2024-11-21 19:36:32,229 - INFO - Fetching papers from MobiCom (http://dblp.uni-trier.de/db/conf/mobicom/)
2024-11-21 19:36:32,229 - INFO - Fetching papers in MobiCom (2022)...
2024-11-21 19:36:41,883 - INFO - Search in https://dblp.uni-trier.de/db/conf/mobicom/mobicom2022.html...
2024-11-21 19:36:44,341 - INFO - Search in https://dblp.uni-trier.de/db/conf/mobicom/mwssh2022.html...
2024-11-21 19:36:45,796 - INFO - Year 2022: Found 0 papers.
2024-11-21 19:36:45,796 - INFO - Fetching papers in MobiCom (2023)...
2024-11-21 19:36:49,321 - INFO - Search in https://dblp.uni-trier.de/db/conf/mobicom/mobicom2023.html...
2024-11-21 19:36:52,922 - INFO - Year 2023: Found 0 papers.
2024-11-21 19:36:52,922 - INFO - Fetching papers in MobiCom (2024)...
2024-11-21 19:36:56,448 - INFO - Search in https://dblp.uni-trier.de/db/conf/mobicom/mobicom2024.html...
2024-11-21 19:36:58,752 - INFO - Year 2024: Found 0 papers.
2024-11-21 19:36:58,752 - INFO - No papers found in MobiCom.
2024-11-21 19:36:58,752 - INFO - ----------------------------------------------------
2024-11-21 19:36:58,752 - INFO - Processing journal 19/55
2024-11-21 19:36:58,752 - INFO - Currently find 42 papers.
2024-11-21 19:36:58,753 - INFO - ----------------------------------------------------
2024-11-21 19:36:58,753 - INFO - Fetching papers from INFOCOM (http://dblp.uni-trier.de/db/conf/infocom/)
2024-11-21 19:36:58,753 - INFO - Fetching papers in INFOCOM (2022)...
2024-11-21 19:37:02,511 - INFO - Search in https://dblp.uni-trier.de/db/conf/infocom/infocom2022.html...
2024-11-21 19:37:07,654 - INFO - Search in https://dblp.uni-trier.de/db/conf/infocom/infocom2022w.html...
2024-11-21 19:37:12,089 - INFO - Year 2022: Found 5 papers.
2024-11-21 19:37:12,089 - INFO - Fetching papers in INFOCOM (2023)...
2024-11-21 19:37:15,507 - INFO - Search in https://dblp.uni-trier.de/db/conf/infocom/infocom2023.html...
2024-11-21 19:37:20,438 - INFO - Search in https://dblp.uni-trier.de/db/conf/infocom/infocom2023w.html...
2024-11-21 19:37:24,698 - INFO - Year 2023: Found 1 papers.
2024-11-21 19:37:24,698 - INFO - Fetching papers in INFOCOM (2024)...
2024-11-21 19:37:28,043 - INFO - Search in https://dblp.uni-trier.de/db/conf/infocom/infocom2024.html...
2024-11-21 19:37:33,934 - INFO - Search in https://dblp.uni-trier.de/db/conf/infocom/infocom2024w.html...
2024-11-21 19:37:38,125 - INFO - Year 2024: Found 3 papers.
2024-11-21 19:37:38,127 - INFO - Found 9 papers in INFOCOM.
2024-11-21 19:37:38,203 - INFO - ----------------------------------------------------
2024-11-21 19:37:38,203 - INFO - Processing journal 20/55
2024-11-21 19:37:38,203 - INFO - Currently find 51 papers.
2024-11-21 19:37:38,204 - INFO - ----------------------------------------------------
2024-11-21 19:37:38,204 - INFO - Fetching papers from NSDI (http://dblp.uni-trier.de/db/conf/nsdi/)
2024-11-21 19:37:38,204 - INFO - Fetching papers in NSDI (2022)...
2024-11-21 19:37:41,309 - INFO - Search in https://dblp.uni-trier.de/db/conf/nsdi/nsdi2022.html...
2024-11-21 19:37:43,370 - INFO - Year 2022: Found 0 papers.
2024-11-21 19:37:43,370 - INFO - Fetching papers in NSDI (2023)...
2024-11-21 19:37:47,003 - INFO - Search in https://dblp.uni-trier.de/db/conf/nsdi/nsdi2023.html...
2024-11-21 19:37:49,267 - INFO - Year 2023: Found 1 papers.
2024-11-21 19:37:49,267 - INFO - Fetching papers in NSDI (2024)...
2024-11-21 19:37:52,613 - INFO - Search in https://dblp.uni-trier.de/db/conf/nsdi/nsdi2024.html...
2024-11-21 19:37:55,675 - INFO - Year 2024: Found 0 papers.
2024-11-21 19:37:55,677 - INFO - Found 1 papers in NSDI.
2024-11-21 19:37:55,739 - INFO - ----------------------------------------------------
2024-11-21 19:37:55,739 - INFO - Processing journal 21/55
2024-11-21 19:37:55,739 - INFO - Currently find 52 papers.
2024-11-21 19:37:55,740 - INFO - ----------------------------------------------------
2024-11-21 19:37:55,740 - INFO - Fetching papers from JSAC (http://dblp.uni-trier.de/db/journals/jsac/)
2024-11-21 19:37:55,740 - INFO - Fetching papers in JSAC (2022)...
2024-11-21 19:37:58,720 - INFO - Search in https://dblp.uni-trier.de/db/journals/jsac/jsac40.html...
2024-11-21 19:38:04,258 - INFO - Year 2022: Found 2 papers.
2024-11-21 19:38:04,258 - INFO - Fetching papers in JSAC (2023)...
2024-11-21 19:38:07,661 - INFO - Search in https://dblp.uni-trier.de/db/journals/jsac/jsac41.html...
2024-11-21 19:38:14,276 - INFO - Year 2023: Found 1 papers.
2024-11-21 19:38:14,276 - INFO - Fetching papers in JSAC (2024)...
2024-11-21 19:38:17,006 - INFO - Search in https://dblp.uni-trier.de/db/journals/jsac/jsac42.html...
2024-11-21 19:38:22,134 - INFO - Year 2024: Found 2 papers.
2024-11-21 19:38:22,135 - INFO - Found 5 papers in JSAC.
2024-11-21 19:38:22,192 - INFO - ----------------------------------------------------
2024-11-21 19:38:22,193 - INFO - Processing journal 22/55
2024-11-21 19:38:22,193 - INFO - Currently find 57 papers.
2024-11-21 19:38:22,193 - INFO - ----------------------------------------------------
2024-11-21 19:38:22,194 - INFO - Fetching papers from TMC (http://dblp.uni-trier.de/db/journals/tmc/)
2024-11-21 19:38:22,194 - INFO - Fetching papers in TMC (2022)...
2024-11-21 19:38:24,977 - INFO - Search in https://dblp.uni-trier.de/db/journals/tmc/tmc21.html...
2024-11-21 19:38:31,947 - INFO - Year 2022: Found 1 papers.
2024-11-21 19:38:31,947 - INFO - Fetching papers in TMC (2023)...
2024-11-21 19:38:35,229 - INFO - Search in https://dblp.uni-trier.de/db/journals/tmc/tmc22.html...
2024-11-21 19:38:49,906 - INFO - Year 2023: Found 5 papers.
2024-11-21 19:38:49,907 - INFO - Fetching papers in TMC (2024)...
2024-11-21 19:38:52,635 - INFO - Search in https://dblp.uni-trier.de/db/journals/tmc/tmc23.html...
2024-11-21 19:39:18,029 - INFO - Year 2024: Found 10 papers.
2024-11-21 19:39:18,030 - INFO - Found 16 papers in TMC.
2024-11-21 19:39:18,088 - INFO - ----------------------------------------------------
2024-11-21 19:39:18,088 - INFO - Processing journal 23/55
2024-11-21 19:39:18,089 - INFO - Currently find 73 papers.
2024-11-21 19:39:18,089 - INFO - ----------------------------------------------------
2024-11-21 19:39:18,089 - INFO - Fetching papers from TON (http://dblp.uni-trier.de/db/journals/ton/)
2024-11-21 19:39:18,089 - INFO - Fetching papers in TON (2022)...
2024-11-21 19:39:20,893 - INFO - Search in https://dblp.uni-trier.de/db/journals/ton/ton30.html...
2024-11-21 19:39:25,272 - INFO - Year 2022: Found 7 papers.
2024-11-21 19:39:25,273 - INFO - Fetching papers in TON (2023)...
2024-11-21 19:39:28,229 - INFO - Search in https://dblp.uni-trier.de/db/journals/ton/ton31.html...
2024-11-21 19:39:33,302 - INFO - Year 2023: Found 3 papers.
2024-11-21 19:39:33,302 - INFO - Fetching papers in TON (2024)...
2024-11-21 19:39:36,600 - INFO - Search in https://dblp.uni-trier.de/db/journals/ton/ton32.html...
2024-11-21 19:39:44,741 - INFO - Year 2024: Found 9 papers.
2024-11-21 19:39:44,743 - INFO - Found 19 papers in TON.
2024-11-21 19:39:44,808 - INFO - ----------------------------------------------------
2024-11-21 19:39:44,808 - INFO - Processing journal 24/55
2024-11-21 19:39:44,808 - INFO - Currently find 92 papers.
2024-11-21 19:39:44,808 - INFO - ----------------------------------------------------
2024-11-21 19:39:44,808 - INFO - Fetching papers from CCS (http://dblp.uni-trier.de/db/conf/ccs/)
2024-11-21 19:39:44,809 - INFO - Fetching papers in CCS (2022)...
2024-11-21 19:39:48,309 - INFO - Search in https://dblp.uni-trier.de/db/conf/ccs/ccs2022.html...
2024-11-21 19:39:54,857 - INFO - Year 2022: Found 3 papers.
2024-11-21 19:39:54,857 - INFO - Fetching papers in CCS (2023)...
2024-11-21 19:39:57,842 - INFO - Search in https://dblp.uni-trier.de/db/conf/ccs/ccs2023.html...
2024-11-21 19:40:04,764 - INFO - Year 2023: Found 8 papers.
2024-11-21 19:40:04,764 - INFO - Fetching papers in CCS (2024)...
2024-11-21 19:40:07,816 - WARNING - No data for 2024
2024-11-21 19:40:07,817 - INFO - Found 11 papers in CCS.
2024-11-21 19:40:07,908 - INFO - ----------------------------------------------------
2024-11-21 19:40:07,910 - INFO - Processing journal 25/55
2024-11-21 19:40:07,910 - INFO - Currently find 103 papers.
2024-11-21 19:40:07,910 - INFO - ----------------------------------------------------
2024-11-21 19:40:07,911 - INFO - Fetching papers from EUROCRYPT (http://dblp.uni-trier.de/db/conf/eurocrypt/)
2024-11-21 19:40:07,911 - INFO - Fetching papers in EUROCRYPT (2022)...
2024-11-21 19:40:11,524 - INFO - Search in https://dblp.uni-trier.de/db/conf/eurocrypt/eurocrypt2022-1.html...
2024-11-21 19:40:13,517 - INFO - Search in https://dblp.uni-trier.de/db/conf/eurocrypt/eurocrypt2022-2.html...
2024-11-21 19:40:15,504 - INFO - Search in https://dblp.uni-trier.de/db/conf/eurocrypt/eurocrypt2022-3.html...
2024-11-21 19:40:17,132 - INFO - Year 2022: Found 1 papers.
2024-11-21 19:40:17,132 - INFO - Fetching papers in EUROCRYPT (2023)...
2024-11-21 19:40:20,431 - INFO - Search in https://dblp.uni-trier.de/db/conf/eurocrypt/eurocrypt2023-1.html...
2024-11-21 19:40:22,360 - INFO - Search in https://dblp.uni-trier.de/db/conf/eurocrypt/eurocrypt2023-2.html...
2024-11-21 19:40:24,353 - INFO - Search in https://dblp.uni-trier.de/db/conf/eurocrypt/eurocrypt2023-3.html...
2024-11-21 19:40:26,306 - INFO - Search in https://dblp.uni-trier.de/db/conf/eurocrypt/eurocrypt2023-4.html...
2024-11-21 19:40:29,363 - INFO - Search in https://dblp.uni-trier.de/db/conf/eurocrypt/eurocrypt2023-5.html...
2024-11-21 19:40:31,341 - INFO - Year 2023: Found 0 papers.
2024-11-21 19:40:31,341 - INFO - Fetching papers in EUROCRYPT (2024)...
2024-11-21 19:40:35,279 - INFO - Search in https://dblp.uni-trier.de/db/conf/eurocrypt/eurocrypt2024-1.html...
2024-11-21 19:40:36,798 - INFO - Search in https://dblp.uni-trier.de/db/conf/eurocrypt/eurocrypt2024-2.html...
2024-11-21 19:40:38,281 - INFO - Search in https://dblp.uni-trier.de/db/conf/eurocrypt/eurocrypt2024-3.html...
2024-11-21 19:40:40,130 - INFO - Search in https://dblp.uni-trier.de/db/conf/eurocrypt/eurocrypt2024-4.html...
2024-11-21 19:40:41,608 - INFO - Search in https://dblp.uni-trier.de/db/conf/eurocrypt/eurocrypt2024-5.html...
2024-11-21 19:40:43,095 - INFO - Search in https://dblp.uni-trier.de/db/conf/eurocrypt/eurocrypt2024-6.html...
2024-11-21 19:40:44,682 - INFO - Search in https://dblp.uni-trier.de/db/conf/eurocrypt/eurocrypt2024-7.html...
2024-11-21 19:40:46,543 - INFO - Year 2024: Found 3 papers.
2024-11-21 19:40:46,545 - INFO - Found 4 papers in EUROCRYPT.
2024-11-21 19:40:46,616 - INFO - ----------------------------------------------------
2024-11-21 19:40:46,616 - INFO - Processing journal 26/55
2024-11-21 19:40:46,616 - INFO - Currently find 107 papers.
2024-11-21 19:40:46,617 - INFO - ----------------------------------------------------
2024-11-21 19:40:46,617 - INFO - Fetching papers from S&P (http://dblp.uni-trier.de/db/conf/sp/)
2024-11-21 19:40:46,617 - INFO - Fetching papers in S&P (2022)...
2024-11-21 19:40:57,126 - INFO - Search in https://dblp.uni-trier.de/db/conf/sp/sp2022.html...
2024-11-21 19:41:00,184 - INFO - Search in https://dblp.uni-trier.de/db/conf/sp/sp2022w.html...
2024-11-21 19:41:02,511 - INFO - Year 2022: Found 4 papers.
2024-11-21 19:41:02,511 - INFO - Fetching papers in S&P (2023)...
2024-11-21 19:41:05,948 - INFO - Search in https://dblp.uni-trier.de/db/conf/sp/sp2023.html...
2024-11-21 19:41:10,308 - INFO - Search in https://dblp.uni-trier.de/db/conf/sp/sp2023w.html...
2024-11-21 19:41:11,939 - INFO - Year 2023: Found 3 papers.
2024-11-21 19:41:11,939 - INFO - Fetching papers in S&P (2024)...
2024-11-21 19:41:15,640 - INFO - Search in https://dblp.uni-trier.de/db/conf/sp/sp2024.html...
2024-11-21 19:41:21,322 - INFO - Search in https://dblp.uni-trier.de/db/conf/sp/sp2024w.html...
2024-11-21 19:41:22,948 - INFO - Year 2024: Found 7 papers.
2024-11-21 19:41:22,950 - INFO - Found 14 papers in S&P.
2024-11-21 19:41:23,065 - INFO - ----------------------------------------------------
2024-11-21 19:41:23,066 - INFO - Processing journal 27/55
2024-11-21 19:41:23,066 - INFO - Currently find 121 papers.
2024-11-21 19:41:23,066 - INFO - ----------------------------------------------------
2024-11-21 19:41:23,066 - INFO - Fetching papers from CRYPTO (http://dblp.uni-trier.de/db/conf/crypto/)
2024-11-21 19:41:23,066 - INFO - Fetching papers in CRYPTO (2022)...
2024-11-21 19:41:26,810 - INFO - Search in https://dblp.uni-trier.de/db/conf/crypto/crypto2022-1.html...
2024-11-21 19:41:28,770 - INFO - Search in https://dblp.uni-trier.de/db/conf/crypto/crypto2022-2.html...
2024-11-21 19:41:30,336 - INFO - Search in https://dblp.uni-trier.de/db/conf/crypto/crypto2022-3.html...
2024-11-21 19:41:32,298 - INFO - Search in https://dblp.uni-trier.de/db/conf/crypto/crypto2022-4.html...
2024-11-21 19:41:34,185 - INFO - Year 2022: Found 0 papers.
2024-11-21 19:41:34,185 - INFO - Fetching papers in CRYPTO (2023)...
2024-11-21 19:41:37,758 - INFO - Search in https://dblp.uni-trier.de/db/conf/crypto/crypto2023-1.html...
2024-11-21 19:41:40,577 - INFO - Search in https://dblp.uni-trier.de/db/conf/crypto/crypto2023-2.html...
2024-11-21 19:41:42,984 - INFO - Search in https://dblp.uni-trier.de/db/conf/crypto/crypto2023-3.html...
2024-11-21 19:41:45,061 - INFO - Search in https://dblp.uni-trier.de/db/conf/crypto/crypto2023-4.html...
2024-11-21 19:41:46,975 - INFO - Search in https://dblp.uni-trier.de/db/conf/crypto/crypto2023-5.html...
2024-11-21 19:41:48,597 - INFO - Year 2023: Found 0 papers.
2024-11-21 19:41:48,597 - INFO - Fetching papers in CRYPTO (2024)...
2024-11-21 19:41:52,209 - INFO - Search in https://dblp.uni-trier.de/db/conf/crypto/crypto2024-1.html...
2024-11-21 19:41:53,724 - INFO - Search in https://dblp.uni-trier.de/db/conf/crypto/crypto2024-2.html...
2024-11-21 19:41:55,611 - INFO - Search in https://dblp.uni-trier.de/db/conf/crypto/crypto2024-3.html...
2024-11-21 19:41:57,085 - INFO - Search in https://dblp.uni-trier.de/db/conf/crypto/crypto2024-4.html...
2024-11-21 19:41:58,938 - INFO - Search in https://dblp.uni-trier.de/db/conf/crypto/crypto2024-5.html...
2024-11-21 19:42:00,626 - INFO - Search in https://dblp.uni-trier.de/db/conf/crypto/crypto2024-6.html...
2024-11-21 19:42:02,127 - INFO - Search in https://dblp.uni-trier.de/db/conf/crypto/crypto2024-7.html...
2024-11-21 19:42:03,638 - INFO - Search in https://dblp.uni-trier.de/db/conf/crypto/crypto2024-8.html...
2024-11-21 19:42:05,546 - INFO - Search in https://dblp.uni-trier.de/db/conf/crypto/crypto2024-9.html...
2024-11-21 19:42:07,412 - INFO - Search in https://dblp.uni-trier.de/db/conf/crypto/crypto2024-10.html...
2024-11-21 19:42:08,895 - INFO - Year 2024: Found 0 papers.
2024-11-21 19:42:08,896 - INFO - No papers found in CRYPTO.
2024-11-21 19:42:08,896 - INFO - ----------------------------------------------------
2024-11-21 19:42:08,896 - INFO - Processing journal 28/55
2024-11-21 19:42:08,897 - INFO - Currently find 121 papers.
2024-11-21 19:42:08,897 - INFO - ----------------------------------------------------
2024-11-21 19:42:08,897 - INFO - Fetching papers from USENIX Security (http://dblp.uni-trier.de/db/conf/uss/)
2024-11-21 19:42:08,897 - INFO - Fetching papers in USENIX Security (2022)...
2024-11-21 19:42:13,142 - INFO - Search in https://dblp.uni-trier.de/db/conf/uss/uss2022.html...
2024-11-21 19:42:18,292 - INFO - Search in https://dblp.uni-trier.de/db/conf/uss/cset2022.html...
2024-11-21 19:42:20,323 - INFO - Year 2022: Found 7 papers.
2024-11-21 19:42:20,323 - INFO - Fetching papers in USENIX Security (2023)...
2024-11-21 19:42:23,749 - INFO - Search in https://dblp.uni-trier.de/db/conf/uss/uss2023.html...
2024-11-21 19:42:32,535 - INFO - Search in https://dblp.uni-trier.de/db/conf/uss/cset2023.html...
2024-11-21 19:42:34,024 - INFO - Year 2023: Found 9 papers.
2024-11-21 19:42:34,024 - INFO - Fetching papers in USENIX Security (2024)...
2024-11-21 19:42:37,964 - INFO - Search in https://dblp.uni-trier.de/db/conf/uss/uss2024.html...
2024-11-21 19:42:46,955 - INFO - Search in https://dblp.uni-trier.de/db/conf/uss/cset2024.html...
2024-11-21 19:42:48,445 - INFO - Year 2024: Found 5 papers.
2024-11-21 19:42:48,446 - INFO - Found 21 papers in USENIX Security.
2024-11-21 19:42:48,526 - INFO - ----------------------------------------------------
2024-11-21 19:42:48,527 - INFO - Processing journal 29/55
2024-11-21 19:42:48,527 - INFO - Currently find 142 papers.
2024-11-21 19:42:48,527 - INFO - ----------------------------------------------------
2024-11-21 19:42:48,527 - INFO - Fetching papers from NDSS (http://dblp.uni-trier.de/db/conf/ndss/)
2024-11-21 19:42:48,528 - INFO - Fetching papers in NDSS (2022)...
2024-11-21 19:42:51,588 - INFO - Search in https://dblp.uni-trier.de/db/conf/ndss/ndss2022.html...
2024-11-21 19:42:54,089 - INFO - Year 2022: Found 0 papers.
2024-11-21 19:42:54,089 - INFO - Fetching papers in NDSS (2023)...
2024-11-21 19:42:57,446 - INFO - Search in https://dblp.uni-trier.de/db/conf/ndss/ndss2023.html...
2024-11-21 19:42:59,916 - INFO - Year 2023: Found 2 papers.
2024-11-21 19:42:59,916 - INFO - Fetching papers in NDSS (2024)...
2024-11-21 19:43:03,461 - INFO - Search in https://dblp.uni-trier.de/db/conf/ndss/ndss2024.html...
2024-11-21 19:43:06,644 - INFO - Year 2024: Found 6 papers.
2024-11-21 19:43:06,644 - INFO - Found 8 papers in NDSS.
2024-11-21 19:43:06,734 - INFO - ----------------------------------------------------
2024-11-21 19:43:06,734 - INFO - Processing journal 30/55
2024-11-21 19:43:06,734 - INFO - Currently find 150 papers.
2024-11-21 19:43:06,734 - INFO - ----------------------------------------------------
2024-11-21 19:43:06,735 - INFO - Fetching papers from TDSC (http://dblp.uni-trier.de/db/journals/tdsc/)
2024-11-21 19:43:06,735 - INFO - Fetching papers in TDSC (2022)...
2024-11-21 19:43:09,726 - INFO - Search in https://dblp.uni-trier.de/db/journals/tdsc/tdsc19.html...
2024-11-21 19:43:16,483 - INFO - Year 2022: Found 4 papers.
2024-11-21 19:43:16,483 - INFO - Fetching papers in TDSC (2023)...
2024-11-21 19:43:19,223 - INFO - Search in https://dblp.uni-trier.de/db/journals/tdsc/tdsc20.html...
2024-11-21 19:43:27,553 - INFO - Year 2023: Found 10 papers.
2024-11-21 19:43:27,554 - INFO - Fetching papers in TDSC (2024)...
2024-11-21 19:43:30,990 - INFO - Search in https://dblp.uni-trier.de/db/journals/tdsc/tdsc21.html...
2024-11-21 19:43:39,754 - INFO - Year 2024: Found 2 papers.
2024-11-21 19:43:39,755 - INFO - Found 16 papers in TDSC.
2024-11-21 19:43:39,844 - INFO - ----------------------------------------------------
2024-11-21 19:43:39,844 - INFO - Processing journal 31/55
2024-11-21 19:43:39,844 - INFO - Currently find 166 papers.
2024-11-21 19:43:39,845 - INFO - ----------------------------------------------------
2024-11-21 19:43:39,845 - INFO - Fetching papers from TIFS (http://dblp.uni-trier.de/db/journals/tifs/)
2024-11-21 19:43:39,845 - INFO - Fetching papers in TIFS (2022)...
2024-11-21 19:43:43,168 - INFO - Search in https://dblp.uni-trier.de/db/journals/tifs/tifs17.html...
2024-11-21 19:43:49,506 - INFO - Year 2022: Found 4 papers.
2024-11-21 19:43:49,506 - INFO - Fetching papers in TIFS (2023)...
2024-11-21 19:43:52,295 - INFO - Search in https://dblp.uni-trier.de/db/journals/tifs/tifs18.html...
2024-11-21 19:44:03,468 - INFO - Year 2023: Found 6 papers.
2024-11-21 19:44:03,468 - INFO - Fetching papers in TIFS (2024)...
2024-11-21 19:44:06,913 - INFO - Search in https://dblp.uni-trier.de/db/journals/tifs/tifs19.html...
2024-11-21 19:44:35,396 - INFO - Year 2024: Found 10 papers.
2024-11-21 19:44:35,396 - INFO - Found 20 papers in TIFS.
2024-11-21 19:44:35,492 - INFO - ----------------------------------------------------
2024-11-21 19:44:35,492 - INFO - Processing journal 32/55
2024-11-21 19:44:35,493 - INFO - Currently find 186 papers.
2024-11-21 19:44:35,493 - INFO - ----------------------------------------------------
2024-11-21 19:44:35,493 - INFO - Fetching papers from nan (http://dblp.uni-trier.de/db/journals/joc/)
2024-11-21 19:44:35,493 - INFO - Fetching papers in nan (2022)...
2024-11-21 19:44:38,280 - INFO - Search in https://dblp.uni-trier.de/db/journals/joc/joc35.html...
2024-11-21 19:44:39,910 - INFO - Year 2022: Found 0 papers.
2024-11-21 19:44:39,910 - INFO - Fetching papers in nan (2023)...
2024-11-21 19:44:42,673 - INFO - Search in https://dblp.uni-trier.de/db/journals/joc/joc36.html...
2024-11-21 19:44:44,288 - INFO - Year 2023: Found 0 papers.
2024-11-21 19:44:44,289 - INFO - Fetching papers in nan (2024)...
2024-11-21 19:44:47,225 - INFO - Search in https://dblp.uni-trier.de/db/journals/joc/joc37.html...
2024-11-21 19:44:48,873 - INFO - Year 2024: Found 0 papers.
2024-11-21 19:44:48,873 - INFO - No papers found in nan.
2024-11-21 19:44:48,873 - INFO - ----------------------------------------------------
2024-11-21 19:44:48,874 - INFO - Processing journal 33/55
2024-11-21 19:44:48,874 - INFO - Currently find 186 papers.
2024-11-21 19:44:48,874 - INFO - ----------------------------------------------------
2024-11-21 19:44:48,874 - INFO - Fetching papers from PLDI (http://dblp.uni-trier.de/db/conf/pldi/)
2024-11-21 19:44:48,874 - INFO - Fetching papers in PLDI (2022)...
2024-11-21 19:44:52,946 - INFO - Search in https://dblp.uni-trier.de/db/conf/pldi/pldi2022.html...
2024-11-21 19:44:54,814 - INFO - Year 2022: Found 1 papers.
2024-11-21 19:44:54,814 - INFO - Fetching papers in PLDI (2023)...
2024-11-21 19:44:58,661 - INFO - Search in https://dblp.uni-trier.de/db/conf/pldi/pldi2022.html...
2024-11-21 19:45:00,951 - INFO - Year 2023: Found 1 papers.
2024-11-21 19:45:00,951 - INFO - Fetching papers in PLDI (2024)...
2024-11-21 19:45:04,440 - INFO - Search in https://dblp.uni-trier.de/db/conf/pldi/pldi2022.html...
2024-11-21 19:45:07,205 - INFO - Year 2024: Found 1 papers.
2024-11-21 19:45:07,205 - INFO - Found 3 papers in PLDI.
2024-11-21 19:45:07,403 - INFO - ----------------------------------------------------
2024-11-21 19:45:07,403 - INFO - Processing journal 34/55
2024-11-21 19:45:07,403 - INFO - Currently find 189 papers.
2024-11-21 19:45:07,404 - INFO - ----------------------------------------------------
2024-11-21 19:45:07,404 - INFO - Fetching papers from POPL (http://dblp.uni-trier.de/db/conf/popl/)
2024-11-21 19:45:07,404 - INFO - Fetching papers in POPL (2022)...
2024-11-21 19:45:10,994 - INFO - Search in https://dblp.uni-trier.de/db/conf/popl/popl2017.html...
2024-11-21 19:45:13,263 - INFO - Year 2022: Found 0 papers.
2024-11-21 19:45:13,264 - INFO - Fetching papers in POPL (2023)...
2024-11-21 19:45:16,590 - INFO - Search in https://dblp.uni-trier.de/db/conf/popl/popl2017.html...
2024-11-21 19:45:18,593 - INFO - Year 2023: Found 0 papers.
2024-11-21 19:45:18,594 - INFO - Fetching papers in POPL (2024)...
2024-11-21 19:45:22,189 - INFO - Search in https://dblp.uni-trier.de/db/conf/popl/popl2017.html...
2024-11-21 19:45:24,072 - INFO - Year 2024: Found 0 papers.
2024-11-21 19:45:24,072 - INFO - No papers found in POPL.
2024-11-21 19:45:24,072 - INFO - ----------------------------------------------------
2024-11-21 19:45:24,073 - INFO - Processing journal 35/55
2024-11-21 19:45:24,073 - INFO - Currently find 189 papers.
2024-11-21 19:45:24,073 - INFO - ----------------------------------------------------
2024-11-21 19:45:24,073 - INFO - Fetching papers from FSE/ESEC (http://dblp.uni-trier.de/db/conf/sigsoft/)
2024-11-21 19:45:24,074 - INFO - Fetching papers in FSE/ESEC (2022)...
2024-11-21 19:45:27,517 - INFO - Search in https://dblp.uni-trier.de/db/conf/sigsoft/fse2022.html...
2024-11-21 19:45:31,102 - INFO - Search in https://dblp.uni-trier.de/db/conf/sigsoft/atest2022.html...
2024-11-21 19:45:32,562 - INFO - Search in https://dblp.uni-trier.de/db/conf/sigsoft/easeai2022.html...
2024-11-21 19:45:33,986 - INFO - Search in https://dblp.uni-trier.de/db/conf/sigsoft/maltesque2022.html...
2024-11-21 19:45:35,833 - INFO - Search in https://dblp.uni-trier.de/db/conf/qp4se/qp4se2022.html...
2024-11-21 19:45:37,641 - INFO - Year 2022: Found 0 papers.
2024-11-21 19:45:37,641 - INFO - Fetching papers in FSE/ESEC (2023)...
2024-11-21 19:45:41,553 - INFO - Search in https://dblp.uni-trier.de/db/conf/sigsoft/fse2023.html...
2024-11-21 19:45:46,595 - INFO - Year 2023: Found 0 papers.
2024-11-21 19:45:46,596 - INFO - Fetching papers in FSE/ESEC (2024)...
2024-11-21 19:45:51,381 - INFO - Search in https://dblp.uni-trier.de/db/conf/sigsoft/fse2024c.html...
2024-11-21 19:45:53,896 - INFO - Year 2024: Found 0 papers.
2024-11-21 19:45:53,896 - INFO - No papers found in FSE/ESEC.
2024-11-21 19:45:53,898 - INFO - ----------------------------------------------------
2024-11-21 19:45:53,898 - INFO - Processing journal 36/55
2024-11-21 19:45:53,898 - INFO - Currently find 189 papers.
2024-11-21 19:45:53,898 - INFO - ----------------------------------------------------
2024-11-21 19:45:53,898 - INFO - Fetching papers from SOSP (http://dblp.uni-trier.de/db/conf/sosp/)
2024-11-21 19:45:53,898 - INFO - Fetching papers in SOSP (2022)...
2024-11-21 19:45:57,853 - WARNING - No data for 2022
2024-11-21 19:45:57,854 - INFO - Fetching papers in SOSP (2023)...
2024-11-21 19:46:01,222 - INFO - Search in https://dblp.uni-trier.de/db/conf/sosp/sosp2023.html...
2024-11-21 19:46:03,330 - INFO - Search in https://dblp.uni-trier.de/db/conf/plos/plos2023.html...
2024-11-21 19:46:05,206 - INFO - Year 2023: Found 0 papers.
2024-11-21 19:46:05,207 - INFO - Fetching papers in SOSP (2024)...
2024-11-21 19:46:08,532 - INFO - Search in https://dblp.uni-trier.de/db/conf/sosp/sosp2024.html...
2024-11-21 19:46:10,258 - INFO - Year 2024: Found 0 papers.
2024-11-21 19:46:10,258 - INFO - No papers found in SOSP.
2024-11-21 19:46:10,259 - INFO - ----------------------------------------------------
2024-11-21 19:46:10,260 - INFO - Processing journal 37/55
2024-11-21 19:46:10,260 - INFO - Currently find 189 papers.
2024-11-21 19:46:10,260 - INFO - ----------------------------------------------------
2024-11-21 19:46:10,260 - INFO - Fetching papers from OOPSLA (http://dblp.uni-trier.de/db/conf/oopsla/)
2024-11-21 19:46:10,260 - INFO - Fetching papers in OOPSLA (2022)...
2024-11-21 19:46:18,189 - INFO - Search in https://dblp.uni-trier.de/db/conf/oopsla/oopsla2016.html...
2024-11-21 19:46:20,057 - INFO - Year 2022: Found 0 papers.
2024-11-21 19:46:20,057 - INFO - Fetching papers in OOPSLA (2023)...
2024-11-21 19:46:23,253 - INFO - Search in https://dblp.uni-trier.de/db/conf/oopsla/oopsla2016.html...
2024-11-21 19:46:25,525 - INFO - Year 2023: Found 0 papers.
2024-11-21 19:46:25,525 - INFO - Fetching papers in OOPSLA (2024)...
2024-11-21 19:46:28,657 - INFO - Search in https://dblp.uni-trier.de/db/conf/oopsla/oopsla2016.html...
2024-11-21 19:46:30,488 - INFO - Year 2024: Found 0 papers.
2024-11-21 19:46:30,488 - INFO - No papers found in OOPSLA.
2024-11-21 19:46:30,488 - INFO - ----------------------------------------------------
2024-11-21 19:46:30,489 - INFO - Processing journal 38/55
2024-11-21 19:46:30,489 - INFO - Currently find 189 papers.
2024-11-21 19:46:30,489 - INFO - ----------------------------------------------------
2024-11-21 19:46:30,489 - INFO - Fetching papers from ASE (http://dblp.uni-trier.de/db/conf/kbse/)
2024-11-21 19:46:30,489 - INFO - Fetching papers in ASE (2022)...
2024-11-21 19:46:34,115 - INFO - Search in https://dblp.uni-trier.de/db/conf/kbse/ase2022.html...
2024-11-21 19:46:38,957 - INFO - Year 2022: Found 0 papers.
2024-11-21 19:46:38,958 - INFO - Fetching papers in ASE (2023)...
2024-11-21 19:46:42,607 - INFO - Search in https://dblp.uni-trier.de/db/conf/kbse/ase2023.html...
2024-11-21 19:46:46,732 - INFO - Search in https://dblp.uni-trier.de/db/conf/kbse/ase2023w.html...
2024-11-21 19:46:49,232 - INFO - Year 2023: Found 1 papers.
2024-11-21 19:46:49,233 - INFO - Fetching papers in ASE (2024)...
2024-11-21 19:46:53,170 - INFO - Search in https://dblp.uni-trier.de/db/conf/kbse/ase2024w.html...
2024-11-21 19:46:55,144 - INFO - Year 2024: Found 0 papers.
2024-11-21 19:46:55,146 - INFO - Found 1 papers in ASE.
2024-11-21 19:46:55,250 - INFO - ----------------------------------------------------
2024-11-21 19:46:55,252 - INFO - Processing journal 39/55
2024-11-21 19:46:55,252 - INFO - Currently find 190 papers.
2024-11-21 19:46:55,252 - INFO - ----------------------------------------------------
2024-11-21 19:46:55,253 - INFO - Fetching papers from ICSE (http://dblp.uni-trier.de/db/conf/icse/)
2024-11-21 19:46:55,253 - INFO - Fetching papers in ICSE (2022)...
2024-11-21 19:46:58,946 - INFO - Search in https://dblp.uni-trier.de/db/conf/icse/icse2022.html...
2024-11-21 19:47:02,952 - INFO - Search in https://dblp.uni-trier.de/db/conf/icse/icse2022c.html...
2024-11-21 19:47:05,127 - INFO - Search in https://dblp.uni-trier.de/db/conf/icse/nier2022.html...
2024-11-21 19:47:07,272 - INFO - Search in https://dblp.uni-trier.de/db/conf/icse/icse2022seis.html...
2024-11-21 19:47:09,180 - INFO - Year 2022: Found 0 papers.
2024-11-21 19:47:09,181 - INFO - Fetching papers in ICSE (2023)...
2024-11-21 19:47:12,973 - INFO - Search in https://dblp.uni-trier.de/db/conf/icse/icse2023.html...
2024-11-21 19:47:17,086 - INFO - Search in https://dblp.uni-trier.de/db/conf/icse/icse2023c.html...
2024-11-21 19:47:19,375 - INFO - Search in https://dblp.uni-trier.de/db/conf/icse/aiops2023.html...
2024-11-21 19:47:20,990 - INFO - Search in https://dblp.uni-trier.de/db/conf/icse/innersoft2023.html...
2024-11-21 19:47:22,307 - INFO - Search in https://dblp.uni-trier.de/db/conf/icse/intense2023.html...
2024-11-21 19:47:23,897 - INFO - Search in https://dblp.uni-trier.de/db/conf/icse/nier2023.html...
2024-11-21 19:47:25,469 - INFO - Search in https://dblp.uni-trier.de/db/conf/icse/seis2023.html...
2024-11-21 19:47:27,464 - INFO - Search in https://dblp.uni-trier.de/db/conf/icse/svm2023.html...
2024-11-21 19:47:28,768 - INFO - Year 2023: Found 1 papers.
2024-11-21 19:47:28,768 - INFO - Fetching papers in ICSE (2024)...
2024-11-21 19:47:32,689 - INFO - Search in https://dblp.uni-trier.de/db/conf/icse/icse2024.html...
2024-11-21 19:47:37,632 - INFO - Search in https://dblp.uni-trier.de/db/conf/icse/icse2024c.html...
2024-11-21 19:47:40,875 - INFO - Search in https://dblp.uni-trier.de/db/conf/icse/designing2024.html...
2024-11-21 19:47:42,328 - INFO - Search in https://dblp.uni-trier.de/db/conf/icse/ftw2024.html...
2024-11-21 19:47:43,650 - INFO - Search in https://dblp.uni-trier.de/db/conf/icse/intense2024.html...
2024-11-21 19:47:45,020 - INFO - Search in https://dblp.uni-trier.de/db/conf/icse/more2024.html...
2024-11-21 19:47:46,844 - INFO - Search in https://dblp.uni-trier.de/db/conf/icse/nier2024.html...
2024-11-21 19:47:48,406 - INFO - Search in https://dblp.uni-trier.de/db/conf/icse/satrends2024.html...
2024-11-21 19:47:50,202 - INFO - Search in https://dblp.uni-trier.de/db/conf/icse/seis2024.html...
2024-11-21 19:47:51,821 - INFO - Year 2024: Found 1 papers.
2024-11-21 19:47:51,821 - INFO - Found 2 papers in ICSE.
2024-11-21 19:47:51,924 - INFO - ----------------------------------------------------
2024-11-21 19:47:51,924 - INFO - Processing journal 40/55
2024-11-21 19:47:51,924 - INFO - Currently find 192 papers.
2024-11-21 19:47:51,925 - INFO - ----------------------------------------------------
2024-11-21 19:47:51,925 - INFO - Fetching papers from ISSTA (http://dblp.uni-trier.de/db/conf/issta/)
2024-11-21 19:47:51,925 - INFO - Fetching papers in ISSTA (2022)...
2024-11-21 19:47:55,230 - INFO - Search in https://dblp.uni-trier.de/db/conf/issta/issta2022.html...
2024-11-21 19:47:57,770 - INFO - Year 2022: Found 0 papers.
2024-11-21 19:47:57,770 - INFO - Fetching papers in ISSTA (2023)...
2024-11-21 19:48:01,225 - INFO - Search in https://dblp.uni-trier.de/db/conf/issta/issta2023.html...
2024-11-21 19:48:04,582 - INFO - Year 2023: Found 0 papers.
2024-11-21 19:48:04,582 - INFO - Fetching papers in ISSTA (2024)...
2024-11-21 19:48:07,925 - INFO - Search in https://dblp.uni-trier.de/db/conf/issta/issta2024.html...
2024-11-21 19:48:12,802 - INFO - Year 2024: Found 0 papers.
2024-11-21 19:48:12,802 - INFO - No papers found in ISSTA.
2024-11-21 19:48:12,803 - INFO - ----------------------------------------------------
2024-11-21 19:48:12,803 - INFO - Processing journal 41/55
2024-11-21 19:48:12,803 - INFO - Currently find 192 papers.
2024-11-21 19:48:12,803 - INFO - ----------------------------------------------------
2024-11-21 19:48:12,803 - INFO - Fetching papers from OSDI (http://dblp.uni-trier.de/db/conf/osdi/)
2024-11-21 19:48:12,804 - INFO - Fetching papers in OSDI (2022)...
2024-11-21 19:48:17,338 - INFO - Search in https://dblp.uni-trier.de/db/conf/osdi/osdi2022.html...
2024-11-21 19:48:19,154 - INFO - Year 2022: Found 1 papers.
2024-11-21 19:48:19,154 - INFO - Fetching papers in OSDI (2023)...
2024-11-21 19:48:22,213 - INFO - Search in https://dblp.uni-trier.de/db/conf/osdi/osdi2023.html...
2024-11-21 19:48:24,033 - INFO - Year 2023: Found 3 papers.
2024-11-21 19:48:24,033 - INFO - Fetching papers in OSDI (2024)...
2024-11-21 19:48:27,089 - INFO - Search in https://dblp.uni-trier.de/db/conf/osdi/osdi2024.html...
2024-11-21 19:48:28,849 - INFO - Year 2024: Found 1 papers.
2024-11-21 19:48:28,850 - INFO - Found 5 papers in OSDI.
2024-11-21 19:48:28,963 - INFO - ----------------------------------------------------
2024-11-21 19:48:28,964 - INFO - Processing journal 42/55
2024-11-21 19:48:28,964 - INFO - Currently find 197 papers.
2024-11-21 19:48:28,964 - INFO - ----------------------------------------------------
2024-11-21 19:48:28,964 - INFO - Fetching papers from FM (http://dblp.uni-trier.de/db/conf/fm/)
2024-11-21 19:48:28,965 - INFO - Fetching papers in FM (2022)...
2024-11-21 19:48:32,622 - WARNING - No data for 2022
2024-11-21 19:48:32,623 - INFO - Fetching papers in FM (2023)...
2024-11-21 19:48:35,928 - INFO - Search in https://dblp.uni-trier.de/db/conf/fm/fm2023.html...
2024-11-21 19:48:37,755 - INFO - Search in https://dblp.uni-trier.de/db/conf/fm/fmdt2023.html...
2024-11-21 19:48:39,487 - INFO - Year 2023: Found 0 papers.
2024-11-21 19:48:39,487 - INFO - Fetching papers in FM (2024)...
2024-11-21 19:48:42,569 - INFO - Search in https://dblp.uni-trier.de/db/conf/fm/fm2024-1.html...
2024-11-21 19:48:44,562 - INFO - Search in https://dblp.uni-trier.de/db/conf/fm/fm2024-2.html...
2024-11-21 19:48:46,655 - INFO - Year 2024: Found 1 papers.
2024-11-21 19:48:46,655 - INFO - Found 1 papers in FM.
2024-11-21 19:48:46,766 - INFO - ----------------------------------------------------
2024-11-21 19:48:46,766 - INFO - Processing journal 43/55
2024-11-21 19:48:46,767 - INFO - Currently find 198 papers.
2024-11-21 19:48:46,767 - INFO - ----------------------------------------------------
2024-11-21 19:48:46,767 - INFO - Fetching papers from TOPLAS (http://dblp.uni-trier.de/db/journals/toplas/)
2024-11-21 19:48:46,767 - INFO - Fetching papers in TOPLAS (2022)...
2024-11-21 19:48:49,709 - INFO - Search in https://dblp.uni-trier.de/db/journals/toplas/toplas44.html...
2024-11-21 19:48:51,350 - INFO - Year 2022: Found 0 papers.
2024-11-21 19:48:51,350 - INFO - Fetching papers in TOPLAS (2023)...
2024-11-21 19:48:54,331 - INFO - Search in https://dblp.uni-trier.de/db/journals/toplas/toplas45.html...
2024-11-21 19:48:55,924 - INFO - Year 2023: Found 0 papers.
2024-11-21 19:48:55,924 - INFO - Fetching papers in TOPLAS (2024)...
2024-11-21 19:48:59,378 - INFO - Search in https://dblp.uni-trier.de/db/journals/toplas/toplas46.html...
2024-11-21 19:49:00,868 - INFO - Year 2024: Found 0 papers.
2024-11-21 19:49:00,868 - INFO - No papers found in TOPLAS.
2024-11-21 19:49:00,869 - INFO - ----------------------------------------------------
2024-11-21 19:49:00,869 - INFO - Processing journal 44/55
2024-11-21 19:49:00,869 - INFO - Currently find 198 papers.
2024-11-21 19:49:00,870 - INFO - ----------------------------------------------------
2024-11-21 19:49:00,870 - INFO - Fetching papers from TOSEM (http://dblp.uni-trier.de/db/journals/tosem/)
2024-11-21 19:49:00,870 - INFO - Fetching papers in TOSEM (2022)...
2024-11-21 19:49:03,634 - INFO - Search in https://dblp.uni-trier.de/db/journals/tosem/tosem31.html...
2024-11-21 19:49:05,836 - INFO - Year 2022: Found 1 papers.
2024-11-21 19:49:05,836 - INFO - Fetching papers in TOSEM (2023)...
2024-11-21 19:49:09,232 - INFO - Search in https://dblp.uni-trier.de/db/journals/tosem/tosem32.html...
2024-11-21 19:49:12,988 - INFO - Year 2023: Found 0 papers.
2024-11-21 19:49:12,988 - INFO - Fetching papers in TOSEM (2024)...
2024-11-21 19:49:16,044 - INFO - Search in https://dblp.uni-trier.de/db/journals/tosem/tosem33.html...
2024-11-21 19:49:19,573 - INFO - Year 2024: Found 1 papers.
2024-11-21 19:49:19,574 - INFO - Found 2 papers in TOSEM.
2024-11-21 19:49:19,704 - INFO - ----------------------------------------------------
2024-11-21 19:49:19,705 - INFO - Processing journal 45/55
2024-11-21 19:49:19,705 - INFO - Currently find 200 papers.
2024-11-21 19:49:19,705 - INFO - ----------------------------------------------------
2024-11-21 19:49:19,705 - INFO - Fetching papers from TSE (http://dblp.uni-trier.de/db/journals/tse/)
2024-11-21 19:49:19,706 - INFO - Fetching papers in TSE (2022)...
2024-11-21 19:49:22,635 - INFO - Search in https://dblp.uni-trier.de/db/journals/tse/tse48.html...
2024-11-21 19:49:28,534 - INFO - Year 2022: Found 2 papers.
2024-11-21 19:49:28,534 - INFO - Fetching papers in TSE (2023)...
2024-11-21 19:49:31,227 - INFO - Search in https://dblp.uni-trier.de/db/journals/tse/tse49.html...
2024-11-21 19:49:37,247 - INFO - Year 2023: Found 0 papers.
2024-11-21 19:49:37,247 - INFO - Fetching papers in TSE (2024)...
2024-11-21 19:49:40,534 - INFO - Search in https://dblp.uni-trier.de/db/journals/tse/tse50.html...
2024-11-21 19:49:44,042 - INFO - Year 2024: Found 0 papers.
2024-11-21 19:49:44,043 - INFO - Found 2 papers in TSE.
2024-11-21 19:49:44,155 - INFO - ----------------------------------------------------
2024-11-21 19:49:44,156 - INFO - Processing journal 46/55
2024-11-21 19:49:44,156 - INFO - Currently find 202 papers.
2024-11-21 19:49:44,156 - INFO - ----------------------------------------------------
2024-11-21 19:49:44,157 - INFO - Fetching papers from TSC (http://dblp.uni-trier.de/db/journals/tsc/)
2024-11-21 19:49:44,158 - INFO - Fetching papers in TSC (2022)...
2024-11-21 19:49:47,573 - INFO - Search in https://dblp.uni-trier.de/db/journals/tsc/tsc15.html...
2024-11-21 19:49:53,181 - INFO - Year 2022: Found 1 papers.
2024-11-21 19:49:53,181 - INFO - Fetching papers in TSC (2023)...
2024-11-21 19:49:56,662 - INFO - Search in https://dblp.uni-trier.de/db/journals/tsc/tsc16.html...
2024-11-21 19:50:03,996 - INFO - Year 2023: Found 3 papers.
2024-11-21 19:50:03,996 - INFO - Fetching papers in TSC (2024)...
2024-11-21 19:50:08,411 - INFO - Search in https://dblp.uni-trier.de/db/journals/tsc/tsc17.html...
2024-11-21 19:50:11,987 - INFO - Year 2024: Found 3 papers.
2024-11-21 19:50:11,988 - INFO - Found 7 papers in TSC.
2024-11-21 19:50:12,113 - INFO - ----------------------------------------------------
2024-11-21 19:50:12,113 - INFO - Processing journal 47/55
2024-11-21 19:50:12,113 - INFO - Currently find 209 papers.
2024-11-21 19:50:12,114 - INFO - ----------------------------------------------------
2024-11-21 19:50:12,114 - INFO - Fetching papers from SIGMOD (http://dblp.uni-trier.de/db/conf/sigmod/)
2024-11-21 19:50:12,114 - INFO - Fetching papers in SIGMOD (2022)...
2024-11-21 19:50:15,543 - INFO - Search in https://dblp.uni-trier.de/db/conf/sigmod/sigmod2022.html...
2024-11-21 19:50:19,667 - INFO - Year 2022: Found 2 papers.
2024-11-21 19:50:19,667 - INFO - Fetching papers in SIGMOD (2023)...
2024-11-21 19:50:23,914 - INFO - Search in https://dblp.uni-trier.de/db/conf/sigmod/sigmod2023c.html...
2024-11-21 19:50:26,302 - INFO - Year 2023: Found 1 papers.
2024-11-21 19:50:26,302 - INFO - Fetching papers in SIGMOD (2024)...
2024-11-21 19:50:30,143 - INFO - Search in https://dblp.uni-trier.de/db/conf/sigmod/sigmod2024c.html...
2024-11-21 19:50:32,983 - INFO - Year 2024: Found 0 papers.
2024-11-21 19:50:32,984 - INFO - Found 3 papers in SIGMOD.
2024-11-21 19:50:33,104 - INFO - ----------------------------------------------------
2024-11-21 19:50:33,105 - INFO - Processing journal 48/55
2024-11-21 19:50:33,105 - INFO - Currently find 212 papers.
2024-11-21 19:50:33,105 - INFO - ----------------------------------------------------
2024-11-21 19:50:33,106 - INFO - Fetching papers from SIGKDD (http://dblp.uni-trier.de/db/conf/kdd/)
2024-11-21 19:50:33,106 - INFO - Fetching papers in SIGKDD (2022)...
2024-11-21 19:50:37,428 - INFO - Search in https://dblp.uni-trier.de/db/conf/kdd/kdd2022.html...
2024-11-21 19:50:51,951 - INFO - Year 2022: Found 0 papers.
2024-11-21 19:50:51,952 - INFO - Fetching papers in SIGKDD (2023)...
2024-11-21 19:50:56,383 - INFO - Search in https://dblp.uni-trier.de/db/conf/kdd/kdd2023.html...
2024-11-21 19:51:14,063 - INFO - Search in https://dblp.uni-trier.de/db/conf/kdd/evalrs2023.html...
2024-11-21 19:51:15,927 - INFO - Year 2023: Found 2 papers.
2024-11-21 19:51:15,928 - INFO - Fetching papers in SIGKDD (2024)...
2024-11-21 19:51:20,309 - INFO - Search in https://dblp.uni-trier.de/db/conf/kdd/kdd2024.html...
2024-11-21 19:51:42,203 - INFO - Year 2024: Found 1 papers.
2024-11-21 19:51:42,204 - INFO - Found 3 papers in SIGKDD.
2024-11-21 19:51:42,329 - INFO - ----------------------------------------------------
2024-11-21 19:51:42,329 - INFO - Processing journal 49/55
2024-11-21 19:51:42,329 - INFO - Currently find 215 papers.
2024-11-21 19:51:42,329 - INFO - ----------------------------------------------------
2024-11-21 19:51:42,329 - INFO - Fetching papers from ICDE (http://dblp.uni-trier.de/db/conf/icde/)
2024-11-21 19:51:42,330 - INFO - Fetching papers in ICDE (2022)...
2024-11-21 19:51:45,673 - INFO - Search in https://dblp.uni-trier.de/db/conf/icde/icde2022.html...
2024-11-21 19:51:52,413 - INFO - Search in https://dblp.uni-trier.de/db/conf/icde/icde2022w.html...
2024-11-21 19:51:57,510 - INFO - Year 2022: Found 3 papers.
2024-11-21 19:51:57,510 - INFO - Fetching papers in ICDE (2023)...
2024-11-21 19:52:00,854 - INFO - Search in https://dblp.uni-trier.de/db/conf/icde/icde2023.html...
2024-11-21 19:52:09,550 - INFO - Search in https://dblp.uni-trier.de/db/conf/icde/icde2023w.html...
2024-11-21 19:52:11,155 - INFO - Year 2023: Found 0 papers.
2024-11-21 19:52:11,155 - INFO - Fetching papers in ICDE (2024)...
2024-11-21 19:52:14,811 - INFO - Search in https://dblp.uni-trier.de/db/conf/icde/icde2024.html...
2024-11-21 19:52:28,385 - INFO - Search in https://dblp.uni-trier.de/db/conf/icde/icde2024w.html...
2024-11-21 19:52:30,566 - INFO - Year 2024: Found 3 papers.
2024-11-21 19:52:30,567 - INFO - Found 6 papers in ICDE.
2024-11-21 19:52:30,697 - INFO - ----------------------------------------------------
2024-11-21 19:52:30,697 - INFO - Processing journal 50/55
2024-11-21 19:52:30,698 - INFO - Currently find 221 papers.
2024-11-21 19:52:30,698 - INFO - ----------------------------------------------------
2024-11-21 19:52:30,698 - INFO - Fetching papers from SIGIR (http://dblp.uni-trier.de/db/conf/sigir/)
2024-11-21 19:52:30,698 - INFO - Fetching papers in SIGIR (2022)...
2024-11-21 19:52:34,765 - INFO - Search in https://dblp.uni-trier.de/db/conf/sigir/sigir2022.html...
2024-11-21 19:52:45,212 - INFO - Search in https://dblp.uni-trier.de/db/conf/sigir/inra2022.html...
2024-11-21 19:52:46,715 - INFO - Year 2022: Found 0 papers.
2024-11-21 19:52:46,715 - INFO - Fetching papers in SIGIR (2023)...
2024-11-21 19:52:50,389 - INFO - Search in https://dblp.uni-trier.de/db/conf/sigir/sigir2023.html...
2024-11-21 19:53:03,775 - INFO - Year 2023: Found 0 papers.
2024-11-21 19:53:03,775 - INFO - Fetching papers in SIGIR (2024)...
2024-11-21 19:53:07,569 - INFO - Search in https://dblp.uni-trier.de/db/conf/sigir/sigir2024.html...
2024-11-21 19:53:17,490 - INFO - Year 2024: Found 1 papers.
2024-11-21 19:53:17,490 - INFO - Found 1 papers in SIGIR.
2024-11-21 19:53:17,617 - INFO - ----------------------------------------------------
2024-11-21 19:53:17,617 - INFO - Processing journal 51/55
2024-11-21 19:53:17,618 - INFO - Currently find 222 papers.
2024-11-21 19:53:17,618 - INFO - ----------------------------------------------------
2024-11-21 19:53:17,618 - INFO - Fetching papers from VLDB (http://dblp.uni-trier.de/db/conf/vldb/)
2024-11-21 19:53:17,618 - INFO - Fetching papers in VLDB (2022)...
2024-11-21 19:53:21,402 - INFO - Search in https://dblp.uni-trier.de/db/conf/vldb/phd2022.html...
2024-11-21 19:53:22,814 - INFO - Search in https://dblp.uni-trier.de/db/conf/vldb/cdms2022.html...
2024-11-21 19:53:24,386 - INFO - Search in https://dblp.uni-trier.de/db/conf/vldb/deco2022.html...
2024-11-21 19:53:25,893 - INFO - Year 2022: Found 0 papers.
2024-11-21 19:53:25,894 - INFO - Fetching papers in VLDB (2023)...
2024-11-21 19:53:29,489 - INFO - Search in https://dblp.uni-trier.de/db/conf/vldb/w2023.html...
2024-11-21 19:53:31,425 - INFO - Search in https://dblp.uni-trier.de/db/conf/vldb/phd2023.html...
2024-11-21 19:53:32,919 - INFO - Year 2023: Found 1 papers.
2024-11-21 19:53:32,919 - INFO - Fetching papers in VLDB (2024)...
2024-11-21 19:53:36,780 - INFO - Search in https://dblp.uni-trier.de/db/conf/vldb/vldb2024w.html...
2024-11-21 19:53:38,666 - INFO - Year 2024: Found 0 papers.
2024-11-21 19:53:38,668 - INFO - Found 1 papers in VLDB.
2024-11-21 19:53:38,808 - INFO - ----------------------------------------------------
2024-11-21 19:53:38,809 - INFO - Processing journal 52/55
2024-11-21 19:53:38,809 - INFO - Currently find 223 papers.
2024-11-21 19:53:38,809 - INFO - ----------------------------------------------------
2024-11-21 19:53:38,809 - INFO - Fetching papers from TODS (http://dblp.uni-trier.de/db/journals/tods/)
2024-11-21 19:53:38,809 - INFO - Fetching papers in TODS (2022)...
2024-11-21 19:53:42,186 - INFO - Search in https://dblp.uni-trier.de/db/journals/tods/tods47.html...
2024-11-21 19:53:44,199 - INFO - Year 2022: Found 0 papers.
2024-11-21 19:53:44,200 - INFO - Fetching papers in TODS (2023)...
2024-11-21 19:53:47,010 - INFO - Search in https://dblp.uni-trier.de/db/journals/tods/tods48.html...
2024-11-21 19:53:48,479 - INFO - Year 2023: Found 0 papers.
2024-11-21 19:53:48,479 - INFO - Fetching papers in TODS (2024)...
2024-11-21 19:53:51,599 - INFO - Search in https://dblp.uni-trier.de/db/journals/tods/tods49.html...
2024-11-21 19:53:53,045 - INFO - Year 2024: Found 0 papers.
2024-11-21 19:53:53,045 - INFO - No papers found in TODS.
2024-11-21 19:53:53,046 - INFO - ----------------------------------------------------
2024-11-21 19:53:53,046 - INFO - Processing journal 53/55
2024-11-21 19:53:53,046 - INFO - Currently find 223 papers.
2024-11-21 19:53:53,046 - INFO - ----------------------------------------------------
2024-11-21 19:53:53,047 - INFO - Fetching papers from TOIS (http://dblp.uni-trier.de/db/journals/tois/)
2024-11-21 19:53:53,047 - INFO - Fetching papers in TOIS (2022)...
2024-11-21 19:53:55,825 - INFO - Search in https://dblp.uni-trier.de/db/journals/tois/tois40.html...
2024-11-21 19:53:58,508 - INFO - Year 2022: Found 0 papers.
2024-11-21 19:53:58,508 - INFO - Fetching papers in TOIS (2023)...
2024-11-21 19:54:01,876 - INFO - Search in https://dblp.uni-trier.de/db/journals/tois/tois41.html...
2024-11-21 19:54:04,968 - INFO - Year 2023: Found 0 papers.
2024-11-21 19:54:04,968 - INFO - Fetching papers in TOIS (2024)...
2024-11-21 19:54:07,778 - INFO - Search in https://dblp.uni-trier.de/db/journals/tois/tois42.html...
2024-11-21 19:54:11,214 - INFO - Year 2024: Found 0 papers.
2024-11-21 19:54:11,214 - INFO - No papers found in TOIS.
2024-11-21 19:54:11,214 - INFO - ----------------------------------------------------
2024-11-21 19:54:11,215 - INFO - Processing journal 54/55
2024-11-21 19:54:11,215 - INFO - Currently find 223 papers.
2024-11-21 19:54:11,215 - INFO - ----------------------------------------------------
2024-11-21 19:54:11,216 - INFO - Fetching papers from TKDE (http://dblp.uni-trier.de/db/journals/tkde/)
2024-11-21 19:54:11,216 - INFO - Fetching papers in TKDE (2022)...
2024-11-21 19:54:14,599 - INFO - Search in https://dblp.uni-trier.de/db/journals/tkde/tkde34.html...
2024-11-21 19:54:26,038 - INFO - Year 2022: Found 1 papers.
2024-11-21 19:54:26,038 - INFO - Fetching papers in TKDE (2023)...
2024-11-21 19:54:28,745 - INFO - Search in https://dblp.uni-trier.de/db/journals/tkde/tkde35.html...
2024-11-21 19:55:18,768 - INFO - Year 2023: Found 1 papers.
2024-11-21 19:55:18,769 - INFO - Fetching papers in TKDE (2024)...
2024-11-21 19:55:22,199 - INFO - Search in https://dblp.uni-trier.de/db/journals/tkde/tkde36.html...
2024-11-21 19:55:39,931 - INFO - Year 2024: Found 3 papers.
2024-11-21 19:55:39,932 - INFO - Found 5 papers in TKDE.
2024-11-21 19:55:40,071 - INFO - ----------------------------------------------------
2024-11-21 19:55:40,071 - INFO - Processing journal 55/55
2024-11-21 19:55:40,071 - INFO - Currently find 228 papers.
2024-11-21 19:55:40,072 - INFO - ----------------------------------------------------
2024-11-21 19:55:40,072 - INFO - Fetching papers from VLDBJ (http://dblp.uni-trier.de/db/journals/vldb/)
2024-11-21 19:55:40,072 - INFO - Fetching papers in VLDBJ (2022)...
2024-11-21 19:55:43,484 - INFO - Search in https://dblp.uni-trier.de/db/journals/vldb/vldb31.html...
2024-11-21 19:55:45,774 - INFO - Year 2022: Found 1 papers.
2024-11-21 19:55:45,774 - INFO - Fetching papers in VLDBJ (2023)...
2024-11-21 19:55:48,469 - INFO - Search in https://dblp.uni-trier.de/db/journals/vldb/vldb32.html...
2024-11-21 19:55:50,629 - INFO - Year 2023: Found 2 papers.
2024-11-21 19:55:50,630 - INFO - Fetching papers in VLDBJ (2024)...
2024-11-21 19:55:54,040 - INFO - Search in https://dblp.uni-trier.de/db/journals/vldb/vldb33.html...
2024-11-21 19:55:56,270 - INFO - Year 2024: Found 0 papers.
2024-11-21 19:55:56,271 - INFO - Found 3 papers in VLDBJ.
2024-11-21 19:55:56,456 - INFO - Total papers found: 231
2024-11-21 19:55:56,456 - INFO - Results saved to output\papers_results.xlsx
