2024-11-21 19:57:19,023 - INFO - ----------------------------------------------------
2024-11-21 19:57:19,023 - INFO - Searching for papers from the following parameters:
2024-11-21 19:57:19,023 - INFO - Journal level: A
2024-11-21 19:57:19,024 - INFO - Years: [2022, 2023, 2024]
2024-11-21 19:57:19,024 - INFO - Keywords: blockchain, contract
2024-11-21 19:57:19,024 - INFO - All journals/conferences will be included.
2024-11-21 19:57:19,024 - INFO - Selected categories: 1, 2, 3, 4, 5
2024-11-21 19:57:19,024 - INFO - ----------------------------------------------------
2024-11-21 19:57:19,034 - INFO - ----------------------------------------------------
2024-11-21 19:57:19,034 - INFO - Processing journal 1/55
2024-11-21 19:57:19,035 - INFO - Currently find 0 papers.
2024-11-21 19:57:19,035 - INFO - ----------------------------------------------------
2024-11-21 19:57:19,035 - INFO - Fetching papers from PPoPP (http://dblp.uni-trier.de/db/conf/ppopp/)
2024-11-21 19:57:19,035 - INFO - Fetching papers in PPoPP (2022)...
2024-11-21 19:57:22,102 - INFO - Search in https://dblp.uni-trier.de/db/conf/ppopp/ppopp2022.html...
2024-11-21 19:57:23,831 - INFO - Search in https://dblp.uni-trier.de/db/conf/ppopp/exhet2022.html...
2024-11-21 19:57:25,169 - INFO - Search in https://dblp.uni-trier.de/db/conf/ppopp/pmam2022.html...
2024-11-21 19:57:27,016 - INFO - Search in https://dblp.uni-trier.de/db/conf/ppopp/bid2022.html...
2024-11-21 19:57:28,423 - INFO - Year 2022: Found 0 papers.
2024-11-21 19:57:28,423 - INFO - Fetching papers in PPoPP (2023)...
2024-11-21 19:57:32,128 - INFO - Search in https://dblp.uni-trier.de/db/conf/ppopp/ppopp2023.html...
2024-11-21 19:57:33,877 - INFO - Search in https://dblp.uni-trier.de/db/conf/ppopp/exhet2023.html...
2024-11-21 19:57:35,199 - INFO - Search in https://dblp.uni-trier.de/db/conf/ppopp/pmam2023.html...
2024-11-21 19:57:36,679 - INFO - Search in https://dblp.uni-trier.de/db/conf/ppopp/bid2023.html...
2024-11-21 19:57:38,284 - INFO - Year 2023: Found 1 papers.
2024-11-21 19:57:38,284 - INFO - Fetching papers in PPoPP (2024)...
2024-11-21 19:57:41,380 - INFO - Search in https://dblp.uni-trier.de/db/conf/ppopp/ppopp2024.html...
2024-11-21 19:57:43,552 - INFO - Search in https://dblp.uni-trier.de/db/conf/ppopp/pmam2024.html...
2024-11-21 19:57:45,035 - INFO - Year 2024: Found 2 papers.
2024-11-21 19:57:45,036 - INFO - Found 3 papers in PPoPP.
2024-11-21 19:57:45,257 - INFO - ----------------------------------------------------
2024-11-21 19:57:45,258 - INFO - Processing journal 2/55
2024-11-21 19:57:45,258 - INFO - Currently find 3 papers.
2024-11-21 19:57:45,258 - INFO - ----------------------------------------------------
2024-11-21 19:57:45,258 - INFO - Fetching papers from FAST (http://dblp.uni-trier.de/db/conf/fast/)
2024-11-21 19:57:45,258 - INFO - Fetching papers in FAST (2022)...
2024-11-21 19:57:48,816 - INFO - Search in https://dblp.uni-trier.de/db/conf/fast/fast2022.html...
2024-11-21 19:57:50,441 - INFO - Year 2022: Found 0 papers.
2024-11-21 19:57:50,441 - INFO - Fetching papers in FAST (2023)...
2024-11-21 19:57:53,787 - INFO - Search in https://dblp.uni-trier.de/db/conf/fast/fast2023.html...
2024-11-21 19:57:55,401 - INFO - Year 2023: Found 0 papers.
2024-11-21 19:57:55,402 - INFO - Fetching papers in FAST (2024)...
2024-11-21 19:57:59,057 - INFO - Search in https://dblp.uni-trier.de/db/conf/fast/fast2024.html...
2024-11-21 19:58:00,631 - INFO - Year 2024: Found 1 papers.
2024-11-21 19:58:00,632 - INFO - Found 1 papers in FAST.
2024-11-21 19:58:00,644 - INFO - ----------------------------------------------------
2024-11-21 19:58:00,645 - INFO - Processing journal 3/55
2024-11-21 19:58:00,645 - INFO - Currently find 4 papers.
2024-11-21 19:58:00,645 - INFO - ----------------------------------------------------
2024-11-21 19:58:00,645 - INFO - Fetching papers from DAC (https://dblp.uni-trier.de/db/conf/dac/)
2024-11-21 19:58:00,646 - INFO - Fetching papers in DAC (2022)...
2024-11-21 19:58:03,405 - INFO - Search in https://dblp.uni-trier.de/db/conf/dac/dac2022.html...
2024-11-21 19:58:08,749 - INFO - Year 2022: Found 0 papers.
2024-11-21 19:58:08,750 - INFO - Fetching papers in DAC (2023)...
2024-11-21 19:58:11,485 - INFO - Search in https://dblp.uni-trier.de/db/conf/dac/dac2023.html...
2024-11-21 19:58:18,700 - INFO - Year 2023: Found 0 papers.
2024-11-21 19:58:18,701 - INFO - Fetching papers in DAC (2024)...
2024-11-21 19:58:21,045 - INFO - Search in https://dblp.uni-trier.de/db/conf/dac/dac2024.html...
2024-11-21 19:58:29,369 - INFO - Year 2024: Found 0 papers.
2024-11-21 19:58:29,371 - INFO - No papers found in DAC.
2024-11-21 19:58:29,371 - INFO - ----------------------------------------------------
2024-11-21 19:58:29,371 - INFO - Processing journal 4/55
2024-11-21 19:58:29,371 - INFO - Currently find 4 papers.
2024-11-21 19:58:29,373 - INFO - ----------------------------------------------------
2024-11-21 19:58:29,373 - INFO - Fetching papers from HPCA (http://dblp.uni-trier.de/db/conf/cnhpca/)
2024-11-21 19:58:29,373 - INFO - Fetching papers in HPCA (2022)...
2024-11-21 19:58:32,615 - WARNING - No data for 2022
2024-11-21 19:58:32,616 - INFO - Fetching papers in HPCA (2023)...
2024-11-21 19:58:35,379 - WARNING - No data for 2023
2024-11-21 19:58:35,379 - INFO - Fetching papers in HPCA (2024)...
2024-11-21 19:58:38,138 - WARNING - No data for 2024
2024-11-21 19:58:38,139 - INFO - No papers found in HPCA.
2024-11-21 19:58:38,139 - INFO - ----------------------------------------------------
2024-11-21 19:58:38,140 - INFO - Processing journal 5/55
2024-11-21 19:58:38,140 - INFO - Currently find 4 papers.
2024-11-21 19:58:38,140 - INFO - ----------------------------------------------------
2024-11-21 19:58:38,141 - INFO - Fetching papers from MICRO (http://dblp.uni-trier.de/db/conf/micro/)
2024-11-21 19:58:38,141 - INFO - Fetching papers in MICRO (2022)...
2024-11-21 19:58:42,372 - INFO - Search in https://dblp.uni-trier.de/db/conf/micro/micro2022.html...
2024-11-21 19:58:44,552 - INFO - Year 2022: Found 0 papers.
2024-11-21 19:58:44,552 - INFO - Fetching papers in MICRO (2023)...
2024-11-21 19:58:48,608 - INFO - Search in https://dblp.uni-trier.de/db/conf/micro/micro2023.html...
2024-11-21 19:58:51,161 - INFO - Search in https://dblp.uni-trier.de/db/conf/micro/nocarc2023.html...
2024-11-21 19:58:52,675 - INFO - Year 2023: Found 0 papers.
2024-11-21 19:58:52,675 - INFO - Fetching papers in MICRO (2024)...
2024-11-21 19:58:56,300 - WARNING - No data for 2024
2024-11-21 19:58:56,301 - INFO - No papers found in MICRO.
2024-11-21 19:58:56,301 - INFO - ----------------------------------------------------
2024-11-21 19:58:56,301 - INFO - Processing journal 6/55
2024-11-21 19:58:56,302 - INFO - Currently find 4 papers.
2024-11-21 19:58:56,302 - INFO - ----------------------------------------------------
2024-11-21 19:58:56,302 - INFO - Fetching papers from SC (http://dblp.uni-trier.de/db/conf/sc/)
2024-11-21 19:58:56,302 - INFO - Fetching papers in SC (2022)...
2024-11-21 19:59:00,346 - INFO - Search in https://dblp.uni-trier.de/db/conf/sc/sc2022.html...
2024-11-21 19:59:02,699 - INFO - Search in https://dblp.uni-trier.de/db/conf/sc/scalah2022.html...
2024-11-21 19:59:04,328 - INFO - Search in https://dblp.uni-trier.de/db/conf/sc/hipar2022.html...
2024-11-21 19:59:05,649 - INFO - Search in https://dblp.uni-trier.de/db/conf/sc/rsdha2022.html...
2024-11-21 19:59:07,039 - INFO - Search in https://dblp.uni-trier.de/db/conf/sc/shpc2022.html...
2024-11-21 19:59:08,347 - INFO - Year 2022: Found 0 papers.
2024-11-21 19:59:08,347 - INFO - Fetching papers in SC (2023)...
2024-11-21 19:59:13,153 - INFO - Search in https://dblp.uni-trier.de/db/conf/sc/sc2023.html...
2024-11-21 19:59:15,635 - INFO - Search in https://dblp.uni-trier.de/db/conf/sc/sc2023w.html...
2024-11-21 19:59:22,310 - INFO - Year 2023: Found 1 papers.
2024-11-21 19:59:22,310 - INFO - Fetching papers in SC (2024)...
2024-11-21 19:59:26,867 - WARNING - No data for 2024
2024-11-21 19:59:26,868 - INFO - Found 1 papers in SC.
2024-11-21 19:59:26,887 - INFO - ----------------------------------------------------
2024-11-21 19:59:26,887 - INFO - Processing journal 7/55
2024-11-21 19:59:26,887 - INFO - Currently find 5 papers.
2024-11-21 19:59:26,887 - INFO - ----------------------------------------------------
2024-11-21 19:59:26,887 - INFO - Fetching papers from ASPLOS (http://dblp.uni-trier.de/db/conf/asplos/)
2024-11-21 19:59:26,888 - INFO - Fetching papers in ASPLOS (2022)...
2024-11-21 19:59:30,605 - INFO - Search in https://dblp.uni-trier.de/db/conf/asplos/asplos2022.html...
2024-11-21 19:59:33,492 - INFO - Year 2022: Found 1 papers.
2024-11-21 19:59:33,492 - INFO - Fetching papers in ASPLOS (2023)...
2024-11-21 19:59:36,603 - INFO - Search in https://dblp.uni-trier.de/db/conf/asplos/asplos2023-1.html...
2024-11-21 19:59:38,498 - INFO - Search in https://dblp.uni-trier.de/db/conf/asplos/asplos2023-2.html...
2024-11-21 19:59:40,475 - INFO - Search in https://dblp.uni-trier.de/db/conf/asplos/asplos2023-3.html...
2024-11-21 19:59:42,683 - INFO - Search in https://dblp.uni-trier.de/db/conf/asplos/asplos2023-4.html...
2024-11-21 19:59:44,670 - INFO - Year 2023: Found 0 papers.
2024-11-21 19:59:44,670 - INFO - Fetching papers in ASPLOS (2024)...
2024-11-21 19:59:48,441 - INFO - Search in https://dblp.uni-trier.de/db/conf/asplos/asplos2024-1.html...
2024-11-21 19:59:50,449 - INFO - Search in https://dblp.uni-trier.de/db/conf/asplos/asplos2024-2.html...
2024-11-21 19:59:53,223 - INFO - Search in https://dblp.uni-trier.de/db/conf/asplos/asplos2024-3.html...
2024-11-21 19:59:56,308 - INFO - Year 2024: Found 0 papers.
2024-11-21 19:59:56,309 - INFO - Found 1 papers in ASPLOS.
2024-11-21 19:59:56,327 - INFO - ----------------------------------------------------
2024-11-21 19:59:56,327 - INFO - Processing journal 8/55
2024-11-21 19:59:56,328 - INFO - Currently find 6 papers.
2024-11-21 19:59:56,328 - INFO - ----------------------------------------------------
2024-11-21 19:59:56,328 - INFO - Fetching papers from ISCA (http://dblp.uni-trier.de/db/conf/isca/)
2024-11-21 19:59:56,329 - INFO - Fetching papers in ISCA (2022)...
2024-11-21 19:59:59,771 - INFO - Search in https://dblp.uni-trier.de/db/conf/isca/isca2022.html...
2024-11-21 20:00:01,796 - INFO - Year 2022: Found 1 papers.
2024-11-21 20:00:01,796 - INFO - Fetching papers in ISCA (2023)...
2024-11-21 20:00:05,608 - INFO - Search in https://dblp.uni-trier.de/db/conf/isca/isca2023.html...
2024-11-21 20:00:07,960 - INFO - Year 2023: Found 1 papers.
2024-11-21 20:00:07,960 - INFO - Fetching papers in ISCA (2024)...
2024-11-21 20:00:11,452 - INFO - Search in https://dblp.uni-trier.de/db/conf/isca/isca2024.html...
2024-11-21 20:00:14,150 - INFO - Year 2024: Found 1 papers.
2024-11-21 20:00:14,151 - INFO - Found 3 papers in ISCA.
2024-11-21 20:00:14,171 - INFO - ----------------------------------------------------
2024-11-21 20:00:14,171 - INFO - Processing journal 9/55
2024-11-21 20:00:14,171 - INFO - Currently find 9 papers.
2024-11-21 20:00:14,171 - INFO - ----------------------------------------------------
2024-11-21 20:00:14,171 - INFO - Fetching papers from USENIX ATC (http://dblp.uni-trier.de/db/conf/usenix/index.html)
2024-11-21 20:00:14,172 - INFO - Fetching papers in USENIX ATC (2022)...
2024-11-21 20:00:17,106 - INFO - Search in https://dblp.uni-trier.de/db/conf/usenix/usenix2022.html...
2024-11-21 20:00:18,945 - INFO - Year 2022: Found 0 papers.
2024-11-21 20:00:18,945 - INFO - Fetching papers in USENIX ATC (2023)...
2024-11-21 20:00:21,888 - INFO - Search in https://dblp.uni-trier.de/db/conf/usenix/usenix2023.html...
2024-11-21 20:00:24,097 - INFO - Year 2023: Found 2 papers.
2024-11-21 20:00:24,097 - INFO - Fetching papers in USENIX ATC (2024)...
2024-11-21 20:00:26,660 - INFO - Search in https://dblp.uni-trier.de/db/conf/usenix/usenix2024.html...
2024-11-21 20:00:28,796 - INFO - Year 2024: Found 0 papers.
2024-11-21 20:00:28,799 - INFO - Found 2 papers in USENIX ATC.
2024-11-21 20:00:28,821 - INFO - ----------------------------------------------------
2024-11-21 20:00:28,821 - INFO - Processing journal 10/55
2024-11-21 20:00:28,822 - INFO - Currently find 11 papers.
2024-11-21 20:00:28,822 - INFO - ----------------------------------------------------
2024-11-21 20:00:28,822 - INFO - Fetching papers from EuroSys (http://dblp.uni-trier.de/db/conf/eurosys/)
2024-11-21 20:00:28,824 - INFO - Fetching papers in EuroSys (2022)...
2024-11-21 20:00:32,170 - INFO - Search in https://dblp.uni-trier.de/db/conf/eurosys/eurosys2022.html...
2024-11-21 20:00:33,926 - INFO - Year 2022: Found 0 papers.
2024-11-21 20:00:33,926 - INFO - Fetching papers in EuroSys (2023)...
2024-11-21 20:00:37,027 - INFO - Search in https://dblp.uni-trier.de/db/conf/eurosys/eurosys2023.html...
2024-11-21 20:00:38,799 - INFO - Year 2023: Found 1 papers.
2024-11-21 20:00:38,799 - INFO - Fetching papers in EuroSys (2024)...
2024-11-21 20:00:41,799 - INFO - Search in https://dblp.uni-trier.de/db/conf/eurosys/eurosys2024.html...
2024-11-21 20:00:44,516 - INFO - Year 2024: Found 0 papers.
2024-11-21 20:00:44,517 - INFO - Found 1 papers in EuroSys.
2024-11-21 20:00:44,542 - INFO - ----------------------------------------------------
2024-11-21 20:00:44,542 - INFO - Processing journal 11/55
2024-11-21 20:00:44,542 - INFO - Currently find 12 papers.
2024-11-21 20:00:44,542 - INFO - ----------------------------------------------------
2024-11-21 20:00:44,542 - INFO - Fetching papers from TOCS (http://dblp.uni-trier.de/db/journals/tocs/)
2024-11-21 20:00:44,543 - INFO - Fetching papers in TOCS (2022)...
2024-11-21 20:00:47,455 - INFO - Search in https://dblp.uni-trier.de/db/journals/tocs/tocs40.html...
2024-11-21 20:00:48,773 - INFO - Year 2022: Found 0 papers.
2024-11-21 20:00:48,773 - INFO - Fetching papers in TOCS (2023)...
2024-11-21 20:00:52,098 - INFO - Search in https://dblp.uni-trier.de/db/journals/tocs/tocs41.html...
2024-11-21 20:00:53,544 - INFO - Year 2023: Found 1 papers.
2024-11-21 20:00:53,545 - INFO - Fetching papers in TOCS (2024)...
2024-11-21 20:00:56,520 - INFO - Search in https://dblp.uni-trier.de/db/journals/tocs/tocs42.html...
2024-11-21 20:00:57,868 - INFO - Year 2024: Found 0 papers.
2024-11-21 20:00:57,869 - INFO - Found 1 papers in TOCS.
2024-11-21 20:00:57,897 - INFO - ----------------------------------------------------
2024-11-21 20:00:57,897 - INFO - Processing journal 12/55
2024-11-21 20:00:57,898 - INFO - Currently find 13 papers.
2024-11-21 20:00:57,898 - INFO - ----------------------------------------------------
2024-11-21 20:00:57,898 - INFO - Fetching papers from TOS (http://dblp.uni-trier.de/db/journals/tos/)
2024-11-21 20:00:57,898 - INFO - Fetching papers in TOS (2022)...
2024-11-21 20:01:01,101 - INFO - Search in https://dblp.uni-trier.de/db/journals/tos/tos18.html...
2024-11-21 20:01:03,176 - INFO - Year 2022: Found 0 papers.
2024-11-21 20:01:03,176 - INFO - Fetching papers in TOS (2023)...
2024-11-21 20:01:06,404 - INFO - Search in https://dblp.uni-trier.de/db/journals/tos/tos19.html...
2024-11-21 20:01:08,075 - INFO - Year 2023: Found 1 papers.
2024-11-21 20:01:08,075 - INFO - Fetching papers in TOS (2024)...
2024-11-21 20:01:10,877 - INFO - Search in https://dblp.uni-trier.de/db/journals/tos/tos20.html...
2024-11-21 20:01:12,440 - INFO - Year 2024: Found 2 papers.
2024-11-21 20:01:12,441 - INFO - Found 3 papers in TOS.
2024-11-21 20:01:12,481 - INFO - ----------------------------------------------------
2024-11-21 20:01:12,481 - INFO - Processing journal 13/55
2024-11-21 20:01:12,482 - INFO - Currently find 16 papers.
2024-11-21 20:01:12,482 - INFO - ----------------------------------------------------
2024-11-21 20:01:12,482 - INFO - Fetching papers from TCAD (http://dblp.uni-trier.de/db/journals/tcad/)
2024-11-21 20:01:12,482 - INFO - Fetching papers in TCAD (2022)...
2024-11-21 20:01:15,850 - INFO - Search in https://dblp.uni-trier.de/db/journals/tcad/tcad41.html...
2024-11-21 20:01:29,908 - INFO - Year 2022: Found 0 papers.
2024-11-21 20:01:29,909 - INFO - Fetching papers in TCAD (2023)...
2024-11-21 20:01:32,849 - INFO - Search in https://dblp.uni-trier.de/db/journals/tcad/tcad42.html...
2024-11-21 20:01:42,605 - INFO - Year 2023: Found 0 papers.
2024-11-21 20:01:42,606 - INFO - Fetching papers in TCAD (2024)...
2024-11-21 20:01:45,506 - INFO - Search in https://dblp.uni-trier.de/db/journals/tcad/tcad43.html...
2024-11-21 20:01:50,896 - INFO - Year 2024: Found 2 papers.
2024-11-21 20:01:50,897 - INFO - Found 2 papers in TCAD.
2024-11-21 20:01:50,933 - INFO - ----------------------------------------------------
2024-11-21 20:01:50,933 - INFO - Processing journal 14/55
2024-11-21 20:01:50,933 - INFO - Currently find 18 papers.
2024-11-21 20:01:50,933 - INFO - ----------------------------------------------------
2024-11-21 20:01:50,933 - INFO - Fetching papers from TC (http://dblp.uni-trier.de/db/journals/tc/index.html)
2024-11-21 20:01:50,934 - INFO - Fetching papers in TC (2022)...
2024-11-21 20:01:53,142 - INFO - Search in https://dblp.uni-trier.de/db/journals/tc/tc71.html...
2024-11-21 20:01:59,007 - INFO - Year 2022: Found 8 papers.
2024-11-21 20:01:59,007 - INFO - Fetching papers in TC (2023)...
2024-11-21 20:02:02,001 - INFO - Search in https://dblp.uni-trier.de/db/journals/tc/tc72.html...
2024-11-21 20:02:08,505 - INFO - Year 2023: Found 16 papers.
2024-11-21 20:02:08,505 - INFO - Fetching papers in TC (2024)...
2024-11-21 20:02:11,129 - INFO - Search in https://dblp.uni-trier.de/db/journals/tc/tc73.html...
2024-11-21 20:02:15,307 - INFO - Year 2024: Found 8 papers.
2024-11-21 20:02:15,309 - INFO - Found 32 papers in TC.
2024-11-21 20:02:15,350 - INFO - ----------------------------------------------------
2024-11-21 20:02:15,350 - INFO - Processing journal 15/55
2024-11-21 20:02:15,350 - INFO - Currently find 50 papers.
2024-11-21 20:02:15,350 - INFO - ----------------------------------------------------
2024-11-21 20:02:15,351 - INFO - Fetching papers from TPDS (http://dblp.uni-trier.de/db/journals/tpds/)
2024-11-21 20:02:15,351 - INFO - Fetching papers in TPDS (2022)...
2024-11-21 20:02:18,130 - INFO - Search in https://dblp.uni-trier.de/db/journals/tpds/tpds33.html...
2024-11-21 20:02:26,518 - INFO - Year 2022: Found 7 papers.
2024-11-21 20:02:26,519 - INFO - Fetching papers in TPDS (2023)...
2024-11-21 20:02:29,230 - INFO - Search in https://dblp.uni-trier.de/db/journals/tpds/tpds34.html...
2024-11-21 20:02:35,100 - INFO - Year 2023: Found 10 papers.
2024-11-21 20:02:35,100 - INFO - Fetching papers in TPDS (2024)...
2024-11-21 20:02:37,821 - INFO - Search in https://dblp.uni-trier.de/db/journals/tpds/tpds35.html...
2024-11-21 20:02:41,641 - INFO - Year 2024: Found 8 papers.
2024-11-21 20:02:41,641 - INFO - Found 25 papers in TPDS.
2024-11-21 20:02:41,689 - INFO - ----------------------------------------------------
2024-11-21 20:02:41,689 - INFO - Processing journal 16/55
2024-11-21 20:02:41,690 - INFO - Currently find 75 papers.
2024-11-21 20:02:41,690 - INFO - ----------------------------------------------------
2024-11-21 20:02:41,690 - INFO - Fetching papers from TACO (http://dblp.uni-trier.de/db/journals/taco/)
2024-11-21 20:02:41,690 - INFO - Fetching papers in TACO (2022)...
2024-11-21 20:02:45,031 - INFO - Search in https://dblp.uni-trier.de/db/journals/taco/taco19.html...
2024-11-21 20:02:47,652 - INFO - Year 2022: Found 0 papers.
2024-11-21 20:02:47,653 - INFO - Fetching papers in TACO (2023)...
2024-11-21 20:02:51,459 - INFO - Search in https://dblp.uni-trier.de/db/journals/taco/taco20.html...
2024-11-21 20:02:54,289 - INFO - Year 2023: Found 1 papers.
2024-11-21 20:02:54,290 - INFO - Fetching papers in TACO (2024)...
2024-11-21 20:02:57,791 - INFO - Search in https://dblp.uni-trier.de/db/journals/taco/taco21.html...
2024-11-21 20:03:00,227 - INFO - Year 2024: Found 0 papers.
2024-11-21 20:03:00,228 - INFO - Found 1 papers in TACO.
2024-11-21 20:03:00,277 - INFO - ----------------------------------------------------
2024-11-21 20:03:00,278 - INFO - Processing journal 17/55
2024-11-21 20:03:00,278 - INFO - Currently find 76 papers.
2024-11-21 20:03:00,278 - INFO - ----------------------------------------------------
2024-11-21 20:03:00,279 - INFO - Fetching papers from SIGCOMM (http://dblp.uni-trier.de/db/conf/sigcomm/index.html)
2024-11-21 20:03:00,279 - INFO - Fetching papers in SIGCOMM (2022)...
2024-11-21 20:03:04,057 - INFO - Search in https://dblp.uni-trier.de/db/conf/sigcomm/sigcomm2022.html...
2024-11-21 20:03:05,829 - INFO - Search in https://dblp.uni-trier.de/db/conf/sigcomm/p2022.html...
2024-11-21 20:03:07,465 - INFO - Search in https://dblp.uni-trier.de/db/conf/sigcomm/nai2022.html...
2024-11-21 20:03:08,967 - INFO - Search in https://dblp.uni-trier.de/db/conf/sigcomm/net4us2022.html...
2024-11-21 20:03:10,962 - INFO - Search in https://dblp.uni-trier.de/db/conf/sigcomm/ffspin2022.html...
2024-11-21 20:03:12,361 - INFO - Search in https://dblp.uni-trier.de/db/conf/sigcomm/fira2022.html...
2024-11-21 20:03:14,249 - INFO - Year 2022: Found 1 papers.
2024-11-21 20:03:14,250 - INFO - Fetching papers in SIGCOMM (2023)...
2024-11-21 20:03:17,409 - INFO - Search in https://dblp.uni-trier.de/db/conf/sigcomm/sigcomm2023.html...
2024-11-21 20:03:20,142 - INFO - Search in https://dblp.uni-trier.de/db/conf/sigcomm/fira2023.html...
2024-11-21 20:03:21,994 - INFO - Search in https://dblp.uni-trier.de/db/conf/sigcomm/qunet2023.html...
2024-11-21 20:03:23,919 - INFO - Year 2023: Found 0 papers.
2024-11-21 20:03:23,919 - INFO - Fetching papers in SIGCOMM (2024)...
2024-11-21 20:03:27,781 - INFO - Search in https://dblp.uni-trier.de/db/conf/sigcomm/sigcomm2024.html...
2024-11-21 20:03:29,828 - INFO - Search in https://dblp.uni-trier.de/db/conf/sigcomm/sigcomm2024pd.html...
2024-11-21 20:03:32,551 - INFO - Year 2024: Found 1 papers.
2024-11-21 20:03:32,554 - INFO - Found 2 papers in SIGCOMM.
2024-11-21 20:03:32,619 - INFO - ----------------------------------------------------
2024-11-21 20:03:32,620 - INFO - Processing journal 18/55
2024-11-21 20:03:32,620 - INFO - Currently find 78 papers.
2024-11-21 20:03:32,620 - INFO - ----------------------------------------------------
2024-11-21 20:03:32,620 - INFO - Fetching papers from MobiCom (http://dblp.uni-trier.de/db/conf/mobicom/)
2024-11-21 20:03:32,620 - INFO - Fetching papers in MobiCom (2022)...
2024-11-21 20:03:35,924 - INFO - Search in https://dblp.uni-trier.de/db/conf/mobicom/mobicom2022.html...
2024-11-21 20:03:38,914 - INFO - Search in https://dblp.uni-trier.de/db/conf/mobicom/mwssh2022.html...
2024-11-21 20:03:40,403 - INFO - Year 2022: Found 0 papers.
2024-11-21 20:03:40,403 - INFO - Fetching papers in MobiCom (2023)...
2024-11-21 20:03:44,088 - INFO - Search in https://dblp.uni-trier.de/db/conf/mobicom/mobicom2023.html...
2024-11-21 20:03:48,658 - INFO - Year 2023: Found 1 papers.
2024-11-21 20:03:48,658 - INFO - Fetching papers in MobiCom (2024)...
2024-11-21 20:03:52,119 - INFO - Search in https://dblp.uni-trier.de/db/conf/mobicom/mobicom2024.html...
2024-11-21 20:03:54,252 - INFO - Year 2024: Found 0 papers.
2024-11-21 20:03:54,253 - INFO - Found 1 papers in MobiCom.
2024-11-21 20:03:54,309 - INFO - ----------------------------------------------------
2024-11-21 20:03:54,309 - INFO - Processing journal 19/55
2024-11-21 20:03:54,309 - INFO - Currently find 79 papers.
2024-11-21 20:03:54,310 - INFO - ----------------------------------------------------
2024-11-21 20:03:54,310 - INFO - Fetching papers from INFOCOM (http://dblp.uni-trier.de/db/conf/infocom/)
2024-11-21 20:03:54,310 - INFO - Fetching papers in INFOCOM (2022)...
2024-11-21 20:03:57,377 - INFO - Search in https://dblp.uni-trier.de/db/conf/infocom/infocom2022.html...
2024-11-21 20:04:03,118 - INFO - Search in https://dblp.uni-trier.de/db/conf/infocom/infocom2022w.html...
2024-11-21 20:04:07,432 - INFO - Year 2022: Found 13 papers.
2024-11-21 20:04:07,432 - INFO - Fetching papers in INFOCOM (2023)...
2024-11-21 20:04:10,941 - INFO - Search in https://dblp.uni-trier.de/db/conf/infocom/infocom2023.html...
2024-11-21 20:04:15,903 - INFO - Search in https://dblp.uni-trier.de/db/conf/infocom/infocom2023w.html...
2024-11-21 20:04:19,547 - INFO - Year 2023: Found 8 papers.
2024-11-21 20:04:19,547 - INFO - Fetching papers in INFOCOM (2024)...
2024-11-21 20:04:23,275 - INFO - Search in https://dblp.uni-trier.de/db/conf/infocom/infocom2024.html...
2024-11-21 20:04:28,855 - INFO - Search in https://dblp.uni-trier.de/db/conf/infocom/infocom2024w.html...
2024-11-21 20:04:33,326 - INFO - Year 2024: Found 10 papers.
2024-11-21 20:04:33,327 - INFO - Found 31 papers in INFOCOM.
2024-11-21 20:04:33,388 - INFO - ----------------------------------------------------
2024-11-21 20:04:33,388 - INFO - Processing journal 20/55
2024-11-21 20:04:33,388 - INFO - Currently find 110 papers.
2024-11-21 20:04:33,388 - INFO - ----------------------------------------------------
2024-11-21 20:04:33,388 - INFO - Fetching papers from NSDI (http://dblp.uni-trier.de/db/conf/nsdi/)
2024-11-21 20:04:33,390 - INFO - Fetching papers in NSDI (2022)...
2024-11-21 20:04:36,843 - INFO - Search in https://dblp.uni-trier.de/db/conf/nsdi/nsdi2022.html...
2024-11-21 20:04:38,885 - INFO - Year 2022: Found 0 papers.
2024-11-21 20:04:38,885 - INFO - Fetching papers in NSDI (2023)...
2024-11-21 20:04:42,268 - INFO - Search in https://dblp.uni-trier.de/db/conf/nsdi/nsdi2023.html...
2024-11-21 20:04:45,165 - INFO - Year 2023: Found 1 papers.
2024-11-21 20:04:45,166 - INFO - Fetching papers in NSDI (2024)...
2024-11-21 20:04:48,786 - INFO - Search in https://dblp.uni-trier.de/db/conf/nsdi/nsdi2024.html...
2024-11-21 20:04:51,248 - INFO - Year 2024: Found 0 papers.
2024-11-21 20:04:51,249 - INFO - Found 1 papers in NSDI.
2024-11-21 20:04:51,325 - INFO - ----------------------------------------------------
2024-11-21 20:04:51,325 - INFO - Processing journal 21/55
2024-11-21 20:04:51,326 - INFO - Currently find 111 papers.
2024-11-21 20:04:51,326 - INFO - ----------------------------------------------------
2024-11-21 20:04:51,326 - INFO - Fetching papers from JSAC (http://dblp.uni-trier.de/db/journals/jsac/)
2024-11-21 20:04:51,326 - INFO - Fetching papers in JSAC (2022)...
2024-11-21 20:04:54,799 - INFO - Search in https://dblp.uni-trier.de/db/journals/jsac/jsac40.html...
2024-11-21 20:05:00,191 - INFO - Year 2022: Found 28 papers.
2024-11-21 20:05:00,191 - INFO - Fetching papers in JSAC (2023)...
2024-11-21 20:05:03,044 - INFO - Search in https://dblp.uni-trier.de/db/journals/jsac/jsac41.html...
2024-11-21 20:05:09,359 - INFO - Year 2023: Found 3 papers.
2024-11-21 20:05:09,359 - INFO - Fetching papers in JSAC (2024)...
2024-11-21 20:05:12,642 - INFO - Search in https://dblp.uni-trier.de/db/journals/jsac/jsac42.html...
2024-11-21 20:05:17,250 - INFO - Year 2024: Found 4 papers.
2024-11-21 20:05:17,251 - INFO - Found 35 papers in JSAC.
2024-11-21 20:05:17,334 - INFO - ----------------------------------------------------
2024-11-21 20:05:17,334 - INFO - Processing journal 22/55
2024-11-21 20:05:17,335 - INFO - Currently find 146 papers.
2024-11-21 20:05:17,335 - INFO - ----------------------------------------------------
2024-11-21 20:05:17,335 - INFO - Fetching papers from TMC (http://dblp.uni-trier.de/db/journals/tmc/)
2024-11-21 20:05:17,335 - INFO - Fetching papers in TMC (2022)...
2024-11-21 20:05:20,819 - INFO - Search in https://dblp.uni-trier.de/db/journals/tmc/tmc21.html...
2024-11-21 20:05:28,118 - INFO - Year 2022: Found 6 papers.
2024-11-21 20:05:28,118 - INFO - Fetching papers in TMC (2023)...
2024-11-21 20:05:32,056 - INFO - Search in https://dblp.uni-trier.de/db/journals/tmc/tmc22.html...
2024-11-21 20:05:46,933 - INFO - Year 2023: Found 11 papers.
2024-11-21 20:05:46,934 - INFO - Fetching papers in TMC (2024)...
2024-11-21 20:05:50,074 - INFO - Search in https://dblp.uni-trier.de/db/journals/tmc/tmc23.html...
2024-11-21 20:06:12,526 - INFO - Year 2024: Found 19 papers.
2024-11-21 20:06:12,527 - INFO - Found 36 papers in TMC.
2024-11-21 20:06:12,606 - INFO - ----------------------------------------------------
2024-11-21 20:06:12,606 - INFO - Processing journal 23/55
2024-11-21 20:06:12,607 - INFO - Currently find 182 papers.
2024-11-21 20:06:12,607 - INFO - ----------------------------------------------------
2024-11-21 20:06:12,607 - INFO - Fetching papers from TON (http://dblp.uni-trier.de/db/journals/ton/)
2024-11-21 20:06:12,607 - INFO - Fetching papers in TON (2022)...
2024-11-21 20:06:15,633 - INFO - Search in https://dblp.uni-trier.de/db/journals/ton/ton30.html...
2024-11-21 20:06:20,290 - INFO - Year 2022: Found 2 papers.
2024-11-21 20:06:20,290 - INFO - Fetching papers in TON (2023)...
2024-11-21 20:06:23,246 - INFO - Search in https://dblp.uni-trier.de/db/journals/ton/ton31.html...
2024-11-21 20:06:28,566 - INFO - Year 2023: Found 6 papers.
2024-11-21 20:06:28,567 - INFO - Fetching papers in TON (2024)...
2024-11-21 20:06:32,048 - INFO - Search in https://dblp.uni-trier.de/db/journals/ton/ton32.html...
2024-11-21 20:06:39,383 - INFO - Year 2024: Found 6 papers.
2024-11-21 20:06:39,384 - INFO - Found 14 papers in TON.
2024-11-21 20:06:39,484 - INFO - ----------------------------------------------------
2024-11-21 20:06:39,484 - INFO - Processing journal 24/55
2024-11-21 20:06:39,485 - INFO - Currently find 196 papers.
2024-11-21 20:06:39,485 - INFO - ----------------------------------------------------
2024-11-21 20:06:39,485 - INFO - Fetching papers from CCS (http://dblp.uni-trier.de/db/conf/ccs/)
2024-11-21 20:06:39,485 - INFO - Fetching papers in CCS (2022)...
2024-11-21 20:06:43,458 - INFO - Search in https://dblp.uni-trier.de/db/conf/ccs/ccs2022.html...
2024-11-21 20:06:49,116 - INFO - Year 2022: Found 10 papers.
2024-11-21 20:06:49,116 - INFO - Fetching papers in CCS (2023)...
2024-11-21 20:06:52,834 - INFO - Search in https://dblp.uni-trier.de/db/conf/ccs/ccs2023.html...
2024-11-21 20:06:59,134 - INFO - Year 2023: Found 11 papers.
2024-11-21 20:06:59,134 - INFO - Fetching papers in CCS (2024)...
2024-11-21 20:07:02,137 - WARNING - No data for 2024
2024-11-21 20:07:02,138 - INFO - Found 21 papers in CCS.
2024-11-21 20:07:02,231 - INFO - ----------------------------------------------------
2024-11-21 20:07:02,232 - INFO - Processing journal 25/55
2024-11-21 20:07:02,232 - INFO - Currently find 217 papers.
2024-11-21 20:07:02,232 - INFO - ----------------------------------------------------
2024-11-21 20:07:02,232 - INFO - Fetching papers from EUROCRYPT (http://dblp.uni-trier.de/db/conf/eurocrypt/)
2024-11-21 20:07:02,233 - INFO - Fetching papers in EUROCRYPT (2022)...
2024-11-21 20:07:05,826 - INFO - Search in https://dblp.uni-trier.de/db/conf/eurocrypt/eurocrypt2022-1.html...
2024-11-21 20:07:07,832 - INFO - Search in https://dblp.uni-trier.de/db/conf/eurocrypt/eurocrypt2022-2.html...
2024-11-21 20:07:09,879 - INFO - Search in https://dblp.uni-trier.de/db/conf/eurocrypt/eurocrypt2022-3.html...
2024-11-21 20:07:12,684 - INFO - Year 2022: Found 0 papers.
2024-11-21 20:07:12,684 - INFO - Fetching papers in EUROCRYPT (2023)...
2024-11-21 20:07:16,346 - INFO - Search in https://dblp.uni-trier.de/db/conf/eurocrypt/eurocrypt2023-1.html...
2024-11-21 20:07:18,387 - INFO - Search in https://dblp.uni-trier.de/db/conf/eurocrypt/eurocrypt2023-2.html...
2024-11-21 20:07:20,100 - INFO - Search in https://dblp.uni-trier.de/db/conf/eurocrypt/eurocrypt2023-3.html...
2024-11-21 20:07:22,053 - INFO - Search in https://dblp.uni-trier.de/db/conf/eurocrypt/eurocrypt2023-4.html...
2024-11-21 20:07:23,725 - INFO - Search in https://dblp.uni-trier.de/db/conf/eurocrypt/eurocrypt2023-5.html...
2024-11-21 20:07:25,726 - INFO - Year 2023: Found 0 papers.
2024-11-21 20:07:25,726 - INFO - Fetching papers in EUROCRYPT (2024)...
2024-11-21 20:07:29,438 - INFO - Search in https://dblp.uni-trier.de/db/conf/eurocrypt/eurocrypt2024-1.html...
2024-11-21 20:07:30,953 - INFO - Search in https://dblp.uni-trier.de/db/conf/eurocrypt/eurocrypt2024-2.html...
2024-11-21 20:07:34,153 - INFO - Search in https://dblp.uni-trier.de/db/conf/eurocrypt/eurocrypt2024-3.html...
2024-11-21 20:07:36,418 - INFO - Search in https://dblp.uni-trier.de/db/conf/eurocrypt/eurocrypt2024-4.html...
2024-11-21 20:07:38,297 - INFO - Search in https://dblp.uni-trier.de/db/conf/eurocrypt/eurocrypt2024-5.html...
2024-11-21 20:07:40,257 - INFO - Search in https://dblp.uni-trier.de/db/conf/eurocrypt/eurocrypt2024-6.html...
2024-11-21 20:07:42,188 - INFO - Search in https://dblp.uni-trier.de/db/conf/eurocrypt/eurocrypt2024-7.html...
2024-11-21 20:07:43,713 - INFO - Year 2024: Found 1 papers.
2024-11-21 20:07:43,714 - INFO - Found 1 papers in EUROCRYPT.
2024-11-21 20:07:43,814 - INFO - ----------------------------------------------------
2024-11-21 20:07:43,814 - INFO - Processing journal 26/55
2024-11-21 20:07:43,815 - INFO - Currently find 218 papers.
2024-11-21 20:07:43,815 - INFO - ----------------------------------------------------
2024-11-21 20:07:43,815 - INFO - Fetching papers from S&P (http://dblp.uni-trier.de/db/conf/sp/)
2024-11-21 20:07:43,815 - INFO - Fetching papers in S&P (2022)...
2024-11-21 20:07:47,282 - INFO - Search in https://dblp.uni-trier.de/db/conf/sp/sp2022.html...
2024-11-21 20:07:50,825 - INFO - Search in https://dblp.uni-trier.de/db/conf/sp/sp2022w.html...
2024-11-21 20:07:52,776 - INFO - Year 2022: Found 6 papers.
2024-11-21 20:07:52,777 - INFO - Fetching papers in S&P (2023)...
2024-11-21 20:07:56,101 - INFO - Search in https://dblp.uni-trier.de/db/conf/sp/sp2023.html...
2024-11-21 20:08:00,634 - INFO - Search in https://dblp.uni-trier.de/db/conf/sp/sp2023w.html...
2024-11-21 20:08:02,661 - INFO - Year 2023: Found 4 papers.
2024-11-21 20:08:02,661 - INFO - Fetching papers in S&P (2024)...
2024-11-21 20:08:15,120 - INFO - Search in https://dblp.uni-trier.de/db/conf/sp/sp2024.html...
2024-11-21 20:08:20,251 - INFO - Search in https://dblp.uni-trier.de/db/conf/sp/sp2024w.html...
2024-11-21 20:08:22,027 - INFO - Year 2024: Found 9 papers.
2024-11-21 20:08:22,028 - INFO - Found 19 papers in S&P.
2024-11-21 20:08:22,180 - INFO - ----------------------------------------------------
2024-11-21 20:08:22,181 - INFO - Processing journal 27/55
2024-11-21 20:08:22,181 - INFO - Currently find 237 papers.
2024-11-21 20:08:22,181 - INFO - ----------------------------------------------------
2024-11-21 20:08:22,181 - INFO - Fetching papers from CRYPTO (http://dblp.uni-trier.de/db/conf/crypto/)
2024-11-21 20:08:22,182 - INFO - Fetching papers in CRYPTO (2022)...
2024-11-21 20:08:26,086 - INFO - Search in https://dblp.uni-trier.de/db/conf/crypto/crypto2022-1.html...
2024-11-21 20:08:27,705 - INFO - Search in https://dblp.uni-trier.de/db/conf/crypto/crypto2022-2.html...
2024-11-21 20:08:29,674 - INFO - Search in https://dblp.uni-trier.de/db/conf/crypto/crypto2022-3.html...
2024-11-21 20:08:31,449 - INFO - Search in https://dblp.uni-trier.de/db/conf/crypto/crypto2022-4.html...
2024-11-21 20:08:33,433 - INFO - Year 2022: Found 1 papers.
2024-11-21 20:08:33,433 - INFO - Fetching papers in CRYPTO (2023)...
2024-11-21 20:08:37,007 - INFO - Search in https://dblp.uni-trier.de/db/conf/crypto/crypto2023-1.html...
2024-11-21 20:08:39,266 - INFO - Search in https://dblp.uni-trier.de/db/conf/crypto/crypto2023-2.html...
2024-11-21 20:08:43,695 - INFO - Search in https://dblp.uni-trier.de/db/conf/crypto/crypto2023-3.html...
2024-11-21 20:08:45,398 - INFO - Search in https://dblp.uni-trier.de/db/conf/crypto/crypto2023-4.html...
2024-11-21 20:08:47,392 - INFO - Search in https://dblp.uni-trier.de/db/conf/crypto/crypto2023-5.html...
2024-11-21 20:08:48,933 - INFO - Year 2023: Found 0 papers.
2024-11-21 20:08:48,933 - INFO - Fetching papers in CRYPTO (2024)...
2024-11-21 20:08:52,743 - INFO - Search in https://dblp.uni-trier.de/db/conf/crypto/crypto2024-1.html...
2024-11-21 20:08:54,261 - INFO - Search in https://dblp.uni-trier.de/db/conf/crypto/crypto2024-2.html...
2024-11-21 20:08:55,770 - INFO - Search in https://dblp.uni-trier.de/db/conf/crypto/crypto2024-3.html...
2024-11-21 20:08:57,280 - INFO - Search in https://dblp.uni-trier.de/db/conf/crypto/crypto2024-4.html...
2024-11-21 20:08:58,859 - INFO - Search in https://dblp.uni-trier.de/db/conf/crypto/crypto2024-5.html...
2024-11-21 20:09:00,372 - INFO - Search in https://dblp.uni-trier.de/db/conf/crypto/crypto2024-6.html...
2024-11-21 20:09:01,991 - INFO - Search in https://dblp.uni-trier.de/db/conf/crypto/crypto2024-7.html...
2024-11-21 20:09:03,963 - INFO - Search in https://dblp.uni-trier.de/db/conf/crypto/crypto2024-8.html...
2024-11-21 20:09:05,472 - INFO - Search in https://dblp.uni-trier.de/db/conf/crypto/crypto2024-9.html...
2024-11-21 20:09:07,018 - INFO - Search in https://dblp.uni-trier.de/db/conf/crypto/crypto2024-10.html...
2024-11-21 20:09:09,101 - INFO - Year 2024: Found 0 papers.
2024-11-21 20:09:09,102 - INFO - Found 1 papers in CRYPTO.
2024-11-21 20:09:09,305 - INFO - ----------------------------------------------------
2024-11-21 20:09:09,305 - INFO - Processing journal 28/55
2024-11-21 20:09:09,305 - INFO - Currently find 238 papers.
2024-11-21 20:09:09,306 - INFO - ----------------------------------------------------
2024-11-21 20:09:09,306 - INFO - Fetching papers from USENIX Security (http://dblp.uni-trier.de/db/conf/uss/)
2024-11-21 20:09:09,306 - INFO - Fetching papers in USENIX Security (2022)...
2024-11-21 20:09:12,787 - INFO - Search in https://dblp.uni-trier.de/db/conf/uss/uss2022.html...
2024-11-21 20:09:17,319 - INFO - Search in https://dblp.uni-trier.de/db/conf/uss/cset2022.html...
2024-11-21 20:09:19,291 - INFO - Year 2022: Found 0 papers.
2024-11-21 20:09:19,291 - INFO - Fetching papers in USENIX Security (2023)...
2024-11-21 20:09:23,449 - INFO - Search in https://dblp.uni-trier.de/db/conf/uss/uss2023.html...
2024-11-21 20:09:32,385 - INFO - Search in https://dblp.uni-trier.de/db/conf/uss/cset2023.html...
2024-11-21 20:09:35,330 - INFO - Year 2023: Found 10 papers.
2024-11-21 20:09:35,330 - INFO - Fetching papers in USENIX Security (2024)...
2024-11-21 20:09:39,642 - INFO - Search in https://dblp.uni-trier.de/db/conf/uss/uss2024.html...
2024-11-21 20:09:47,887 - INFO - Search in https://dblp.uni-trier.de/db/conf/uss/cset2024.html...
2024-11-21 20:09:49,856 - INFO - Year 2024: Found 4 papers.
2024-11-21 20:09:49,857 - INFO - Found 14 papers in USENIX Security.
2024-11-21 20:09:49,974 - INFO - ----------------------------------------------------
2024-11-21 20:09:49,975 - INFO - Processing journal 29/55
2024-11-21 20:09:49,975 - INFO - Currently find 252 papers.
2024-11-21 20:09:49,975 - INFO - ----------------------------------------------------
2024-11-21 20:09:49,975 - INFO - Fetching papers from NDSS (http://dblp.uni-trier.de/db/conf/ndss/)
2024-11-21 20:09:49,975 - INFO - Fetching papers in NDSS (2022)...
2024-11-21 20:09:53,315 - INFO - Search in https://dblp.uni-trier.de/db/conf/ndss/ndss2022.html...
2024-11-21 20:09:55,915 - INFO - Year 2022: Found 0 papers.
2024-11-21 20:09:55,915 - INFO - Fetching papers in NDSS (2023)...
2024-11-21 20:09:59,778 - INFO - Search in https://dblp.uni-trier.de/db/conf/ndss/ndss2023.html...
2024-11-21 20:10:02,420 - INFO - Year 2023: Found 4 papers.
2024-11-21 20:10:02,420 - INFO - Fetching papers in NDSS (2024)...
2024-11-21 20:10:05,649 - INFO - Search in https://dblp.uni-trier.de/db/conf/ndss/ndss2024.html...
2024-11-21 20:10:08,859 - INFO - Year 2024: Found 6 papers.
2024-11-21 20:10:08,860 - INFO - Found 10 papers in NDSS.
2024-11-21 20:10:08,990 - INFO - ----------------------------------------------------
2024-11-21 20:10:08,991 - INFO - Processing journal 30/55
2024-11-21 20:10:08,991 - INFO - Currently find 262 papers.
2024-11-21 20:10:08,991 - INFO - ----------------------------------------------------
2024-11-21 20:10:08,991 - INFO - Fetching papers from TDSC (http://dblp.uni-trier.de/db/journals/tdsc/)
2024-11-21 20:10:08,991 - INFO - Fetching papers in TDSC (2022)...
2024-11-21 20:10:12,175 - INFO - Search in https://dblp.uni-trier.de/db/journals/tdsc/tdsc19.html...
2024-11-21 20:10:18,856 - INFO - Year 2022: Found 14 papers.
2024-11-21 20:10:18,856 - INFO - Fetching papers in TDSC (2023)...
2024-11-21 20:10:22,214 - INFO - Search in https://dblp.uni-trier.de/db/journals/tdsc/tdsc20.html...
2024-11-21 20:10:31,432 - INFO - Year 2023: Found 27 papers.
2024-11-21 20:10:31,433 - INFO - Fetching papers in TDSC (2024)...
2024-11-21 20:10:34,855 - INFO - Search in https://dblp.uni-trier.de/db/journals/tdsc/tdsc21.html...
2024-11-21 20:10:43,853 - INFO - Year 2024: Found 24 papers.
2024-11-21 20:10:43,854 - INFO - Found 65 papers in TDSC.
2024-11-21 20:10:44,002 - INFO - ----------------------------------------------------
2024-11-21 20:10:44,002 - INFO - Processing journal 31/55
2024-11-21 20:10:44,003 - INFO - Currently find 327 papers.
2024-11-21 20:10:44,003 - INFO - ----------------------------------------------------
2024-11-21 20:10:44,003 - INFO - Fetching papers from TIFS (http://dblp.uni-trier.de/db/journals/tifs/)
2024-11-21 20:10:44,003 - INFO - Fetching papers in TIFS (2022)...
2024-11-21 20:10:47,420 - INFO - Search in https://dblp.uni-trier.de/db/journals/tifs/tifs17.html...
2024-11-21 20:10:53,949 - INFO - Year 2022: Found 8 papers.
2024-11-21 20:10:53,949 - INFO - Fetching papers in TIFS (2023)...
2024-11-21 20:10:57,337 - INFO - Search in https://dblp.uni-trier.de/db/journals/tifs/tifs18.html...
2024-11-21 20:11:09,279 - INFO - Year 2023: Found 18 papers.
2024-11-21 20:11:09,280 - INFO - Fetching papers in TIFS (2024)...
2024-11-21 20:11:12,576 - INFO - Search in https://dblp.uni-trier.de/db/journals/tifs/tifs19.html...
2024-11-21 20:11:40,562 - INFO - Year 2024: Found 32 papers.
2024-11-21 20:11:40,563 - INFO - Found 58 papers in TIFS.
2024-11-21 20:11:40,710 - INFO - ----------------------------------------------------
2024-11-21 20:11:40,710 - INFO - Processing journal 32/55
2024-11-21 20:11:40,711 - INFO - Currently find 385 papers.
2024-11-21 20:11:40,711 - INFO - ----------------------------------------------------
2024-11-21 20:11:40,711 - INFO - Fetching papers from nan (http://dblp.uni-trier.de/db/journals/joc/)
2024-11-21 20:11:40,712 - INFO - Fetching papers in nan (2022)...
2024-11-21 20:11:45,252 - INFO - Search in https://dblp.uni-trier.de/db/journals/joc/joc35.html...
2024-11-21 20:11:47,332 - INFO - Year 2022: Found 0 papers.
2024-11-21 20:11:47,332 - INFO - Fetching papers in nan (2023)...
2024-11-21 20:11:54,602 - INFO - Search in https://dblp.uni-trier.de/db/journals/joc/joc36.html...
2024-11-21 20:11:57,007 - INFO - Year 2023: Found 0 papers.
2024-11-21 20:11:57,007 - INFO - Fetching papers in nan (2024)...
2024-11-21 20:12:08,386 - INFO - Search in https://dblp.uni-trier.de/db/journals/joc/joc37.html...
2024-11-21 20:12:10,323 - INFO - Year 2024: Found 0 papers.
2024-11-21 20:12:10,324 - INFO - No papers found in nan.
2024-11-21 20:12:10,327 - INFO - ----------------------------------------------------
2024-11-21 20:12:10,331 - INFO - Processing journal 33/55
2024-11-21 20:12:10,332 - INFO - Currently find 385 papers.
2024-11-21 20:12:10,332 - INFO - ----------------------------------------------------
2024-11-21 20:12:10,332 - INFO - Fetching papers from PLDI (http://dblp.uni-trier.de/db/conf/pldi/)
2024-11-21 20:12:10,333 - INFO - Fetching papers in PLDI (2022)...
2024-11-21 20:12:13,476 - INFO - Search in https://dblp.uni-trier.de/db/conf/pldi/pldi2022.html...
2024-11-21 20:12:15,813 - INFO - Year 2022: Found 0 papers.
2024-11-21 20:12:15,814 - INFO - Fetching papers in PLDI (2023)...
2024-11-21 20:12:19,326 - INFO - Search in https://dblp.uni-trier.de/db/conf/pldi/pldi2022.html...
2024-11-21 20:12:21,301 - INFO - Year 2023: Found 0 papers.
2024-11-21 20:12:21,302 - INFO - Fetching papers in PLDI (2024)...
2024-11-21 20:12:25,806 - INFO - Search in https://dblp.uni-trier.de/db/conf/pldi/pldi2022.html...
2024-11-21 20:12:27,791 - INFO - Year 2024: Found 0 papers.
2024-11-21 20:12:27,792 - INFO - No papers found in PLDI.
2024-11-21 20:12:27,792 - INFO - ----------------------------------------------------
2024-11-21 20:12:27,792 - INFO - Processing journal 34/55
2024-11-21 20:12:27,792 - INFO - Currently find 385 papers.
2024-11-21 20:12:27,793 - INFO - ----------------------------------------------------
2024-11-21 20:12:27,793 - INFO - Fetching papers from POPL (http://dblp.uni-trier.de/db/conf/popl/)
2024-11-21 20:12:27,793 - INFO - Fetching papers in POPL (2022)...
2024-11-21 20:12:31,535 - INFO - Search in https://dblp.uni-trier.de/db/conf/popl/popl2017.html...
2024-11-21 20:12:33,525 - INFO - Year 2022: Found 2 papers.
2024-11-21 20:12:33,526 - INFO - Fetching papers in POPL (2023)...
2024-11-21 20:12:37,207 - INFO - Search in https://dblp.uni-trier.de/db/conf/popl/popl2017.html...
2024-11-21 20:12:39,554 - INFO - Year 2023: Found 2 papers.
2024-11-21 20:12:39,554 - INFO - Fetching papers in POPL (2024)...
2024-11-21 20:12:43,668 - INFO - Search in https://dblp.uni-trier.de/db/conf/popl/popl2017.html...
2024-11-21 20:12:45,971 - INFO - Year 2024: Found 2 papers.
2024-11-21 20:12:45,972 - INFO - Found 6 papers in POPL.
2024-11-21 20:12:46,115 - INFO - ----------------------------------------------------
2024-11-21 20:12:46,115 - INFO - Processing journal 35/55
2024-11-21 20:12:46,116 - INFO - Currently find 391 papers.
2024-11-21 20:12:46,116 - INFO - ----------------------------------------------------
2024-11-21 20:12:46,116 - INFO - Fetching papers from FSE/ESEC (http://dblp.uni-trier.de/db/conf/sigsoft/)
2024-11-21 20:12:46,116 - INFO - Fetching papers in FSE/ESEC (2022)...
2024-11-21 20:12:49,865 - INFO - Search in https://dblp.uni-trier.de/db/conf/sigsoft/fse2022.html...
2024-11-21 20:12:53,513 - INFO - Search in https://dblp.uni-trier.de/db/conf/sigsoft/atest2022.html...
2024-11-21 20:12:55,469 - INFO - Search in https://dblp.uni-trier.de/db/conf/sigsoft/easeai2022.html...
2024-11-21 20:12:57,319 - INFO - Search in https://dblp.uni-trier.de/db/conf/sigsoft/maltesque2022.html...
2024-11-21 20:12:58,871 - INFO - Search in https://dblp.uni-trier.de/db/conf/qp4se/qp4se2022.html...
2024-11-21 20:13:00,990 - INFO - Year 2022: Found 4 papers.
2024-11-21 20:13:00,991 - INFO - Fetching papers in FSE/ESEC (2023)...
2024-11-21 20:13:05,393 - INFO - Search in https://dblp.uni-trier.de/db/conf/sigsoft/fse2023.html...
2024-11-21 20:13:10,221 - INFO - Year 2023: Found 5 papers.
2024-11-21 20:13:10,221 - INFO - Fetching papers in FSE/ESEC (2024)...
2024-11-21 20:13:14,181 - INFO - Search in https://dblp.uni-trier.de/db/conf/sigsoft/fse2024c.html...
2024-11-21 20:13:17,183 - INFO - Year 2024: Found 0 papers.
2024-11-21 20:13:17,184 - INFO - Found 9 papers in FSE/ESEC.
2024-11-21 20:13:17,331 - INFO - ----------------------------------------------------
2024-11-21 20:13:17,332 - INFO - Processing journal 36/55
2024-11-21 20:13:17,332 - INFO - Currently find 400 papers.
2024-11-21 20:13:17,332 - INFO - ----------------------------------------------------
2024-11-21 20:13:17,333 - INFO - Fetching papers from SOSP (http://dblp.uni-trier.de/db/conf/sosp/)
2024-11-21 20:13:17,333 - INFO - Fetching papers in SOSP (2022)...
2024-11-21 20:13:20,868 - WARNING - No data for 2022
2024-11-21 20:13:20,869 - INFO - Fetching papers in SOSP (2023)...
2024-11-21 20:13:24,159 - INFO - Search in https://dblp.uni-trier.de/db/conf/sosp/sosp2023.html...
2024-11-21 20:13:26,211 - INFO - Search in https://dblp.uni-trier.de/db/conf/plos/plos2023.html...
2024-11-21 20:13:28,328 - INFO - Year 2023: Found 0 papers.
2024-11-21 20:13:28,328 - INFO - Fetching papers in SOSP (2024)...
2024-11-21 20:13:31,895 - INFO - Search in https://dblp.uni-trier.de/db/conf/sosp/sosp2024.html...
2024-11-21 20:13:34,134 - INFO - Year 2024: Found 0 papers.
2024-11-21 20:13:34,134 - INFO - No papers found in SOSP.
2024-11-21 20:13:34,135 - INFO - ----------------------------------------------------
2024-11-21 20:13:34,135 - INFO - Processing journal 37/55
2024-11-21 20:13:34,135 - INFO - Currently find 400 papers.
2024-11-21 20:13:34,136 - INFO - ----------------------------------------------------
2024-11-21 20:13:34,136 - INFO - Fetching papers from OOPSLA (http://dblp.uni-trier.de/db/conf/oopsla/)
2024-11-21 20:13:34,136 - INFO - Fetching papers in OOPSLA (2022)...
2024-11-21 20:13:37,294 - INFO - Search in https://dblp.uni-trier.de/db/conf/oopsla/oopsla2016.html...
2024-11-21 20:13:39,111 - INFO - Year 2022: Found 1 papers.
2024-11-21 20:13:39,112 - INFO - Fetching papers in OOPSLA (2023)...
2024-11-21 20:13:42,913 - INFO - Search in https://dblp.uni-trier.de/db/conf/oopsla/oopsla2016.html...
2024-11-21 20:13:48,566 - INFO - Year 2023: Found 1 papers.
2024-11-21 20:13:48,567 - INFO - Fetching papers in OOPSLA (2024)...
2024-11-21 20:13:53,102 - INFO - Search in https://dblp.uni-trier.de/db/conf/oopsla/oopsla2016.html...
2024-11-21 20:13:54,938 - INFO - Year 2024: Found 1 papers.
2024-11-21 20:13:54,939 - INFO - Found 3 papers in OOPSLA.
2024-11-21 20:13:55,101 - INFO - ----------------------------------------------------
2024-11-21 20:13:55,102 - INFO - Processing journal 38/55
2024-11-21 20:13:55,102 - INFO - Currently find 403 papers.
2024-11-21 20:13:55,102 - INFO - ----------------------------------------------------
2024-11-21 20:13:55,103 - INFO - Fetching papers from ASE (http://dblp.uni-trier.de/db/conf/kbse/)
2024-11-21 20:13:55,103 - INFO - Fetching papers in ASE (2022)...
2024-11-21 20:13:58,793 - INFO - Search in https://dblp.uni-trier.de/db/conf/kbse/ase2022.html...
2024-11-21 20:14:03,473 - INFO - Year 2022: Found 7 papers.
2024-11-21 20:14:03,473 - INFO - Fetching papers in ASE (2023)...
2024-11-21 20:14:07,072 - INFO - Search in https://dblp.uni-trier.de/db/conf/kbse/ase2023.html...
2024-11-21 20:14:11,213 - INFO - Search in https://dblp.uni-trier.de/db/conf/kbse/ase2023w.html...
2024-11-21 20:14:13,306 - INFO - Year 2023: Found 3 papers.
2024-11-21 20:14:13,307 - INFO - Fetching papers in ASE (2024)...
2024-11-21 20:14:17,484 - INFO - Search in https://dblp.uni-trier.de/db/conf/kbse/ase2024w.html...
2024-11-21 20:14:19,190 - INFO - Year 2024: Found 0 papers.
2024-11-21 20:14:19,191 - INFO - Found 10 papers in ASE.
2024-11-21 20:14:19,345 - INFO - ----------------------------------------------------
2024-11-21 20:14:19,346 - INFO - Processing journal 39/55
2024-11-21 20:14:19,346 - INFO - Currently find 413 papers.
2024-11-21 20:14:19,346 - INFO - ----------------------------------------------------
2024-11-21 20:14:19,347 - INFO - Fetching papers from ICSE (http://dblp.uni-trier.de/db/conf/icse/)
2024-11-21 20:14:19,347 - INFO - Fetching papers in ICSE (2022)...
2024-11-21 20:14:24,687 - INFO - Search in https://dblp.uni-trier.de/db/conf/icse/icse2022.html...
2024-11-21 20:14:29,332 - INFO - Search in https://dblp.uni-trier.de/db/conf/icse/icse2022c.html...
2024-11-21 20:14:32,245 - INFO - Search in https://dblp.uni-trier.de/db/conf/icse/nier2022.html...
2024-11-21 20:14:34,112 - INFO - Search in https://dblp.uni-trier.de/db/conf/icse/icse2022seis.html...
2024-11-21 20:14:36,015 - INFO - Year 2022: Found 3 papers.
2024-11-21 20:14:36,016 - INFO - Fetching papers in ICSE (2023)...
2024-11-21 20:14:40,115 - INFO - Search in https://dblp.uni-trier.de/db/conf/icse/icse2023.html...
2024-11-21 20:14:44,694 - INFO - Search in https://dblp.uni-trier.de/db/conf/icse/icse2023c.html...
2024-11-21 20:14:47,668 - INFO - Search in https://dblp.uni-trier.de/db/conf/icse/aiops2023.html...
2024-11-21 20:14:49,020 - INFO - Search in https://dblp.uni-trier.de/db/conf/icse/innersoft2023.html...
2024-11-21 20:14:50,639 - INFO - Search in https://dblp.uni-trier.de/db/conf/icse/intense2023.html...
2024-11-21 20:14:51,968 - INFO - Search in https://dblp.uni-trier.de/db/conf/icse/nier2023.html...
2024-11-21 20:14:53,552 - INFO - Search in https://dblp.uni-trier.de/db/conf/icse/seis2023.html...
2024-11-21 20:14:55,744 - INFO - Search in https://dblp.uni-trier.de/db/conf/icse/svm2023.html...
2024-11-21 20:14:57,581 - INFO - Year 2023: Found 6 papers.
2024-11-21 20:14:57,581 - INFO - Fetching papers in ICSE (2024)...
2024-11-21 20:15:02,217 - INFO - Search in https://dblp.uni-trier.de/db/conf/icse/icse2024.html...
2024-11-21 20:15:07,186 - INFO - Search in https://dblp.uni-trier.de/db/conf/icse/icse2024c.html...
2024-11-21 20:15:10,337 - INFO - Search in https://dblp.uni-trier.de/db/conf/icse/designing2024.html...
2024-11-21 20:15:12,588 - INFO - Search in https://dblp.uni-trier.de/db/conf/icse/ftw2024.html...
2024-11-21 20:15:14,429 - INFO - Search in https://dblp.uni-trier.de/db/conf/icse/intense2024.html...
2024-11-21 20:15:16,333 - INFO - Search in https://dblp.uni-trier.de/db/conf/icse/more2024.html...
2024-11-21 20:15:18,189 - INFO - Search in https://dblp.uni-trier.de/db/conf/icse/nier2024.html...
2024-11-21 20:15:20,163 - INFO - Search in https://dblp.uni-trier.de/db/conf/icse/satrends2024.html...
2024-11-21 20:15:22,625 - INFO - Search in https://dblp.uni-trier.de/db/conf/icse/seis2024.html...
2024-11-21 20:15:25,261 - INFO - Year 2024: Found 16 papers.
2024-11-21 20:15:25,262 - INFO - Found 25 papers in ICSE.
2024-11-21 20:15:25,423 - INFO - ----------------------------------------------------
2024-11-21 20:15:25,424 - INFO - Processing journal 40/55
2024-11-21 20:15:25,424 - INFO - Currently find 438 papers.
2024-11-21 20:15:25,424 - INFO - ----------------------------------------------------
2024-11-21 20:15:25,424 - INFO - Fetching papers from ISSTA (http://dblp.uni-trier.de/db/conf/issta/)
2024-11-21 20:15:25,425 - INFO - Fetching papers in ISSTA (2022)...
2024-11-21 20:15:28,804 - INFO - Search in https://dblp.uni-trier.de/db/conf/issta/issta2022.html...
2024-11-21 20:15:31,561 - INFO - Year 2022: Found 5 papers.
2024-11-21 20:15:31,561 - INFO - Fetching papers in ISSTA (2023)...
2024-11-21 20:15:35,119 - INFO - Search in https://dblp.uni-trier.de/db/conf/issta/issta2023.html...
2024-11-21 20:15:38,442 - INFO - Year 2023: Found 7 papers.
2024-11-21 20:15:38,442 - INFO - Fetching papers in ISSTA (2024)...
2024-11-21 20:15:43,209 - INFO - Search in https://dblp.uni-trier.de/db/conf/issta/issta2024.html...
2024-11-21 20:15:46,606 - INFO - Year 2024: Found 8 papers.
2024-11-21 20:15:46,607 - INFO - Found 20 papers in ISSTA.
2024-11-21 20:15:46,771 - INFO - ----------------------------------------------------
2024-11-21 20:15:46,771 - INFO - Processing journal 41/55
2024-11-21 20:15:46,772 - INFO - Currently find 458 papers.
2024-11-21 20:15:46,772 - INFO - ----------------------------------------------------
2024-11-21 20:15:46,772 - INFO - Fetching papers from OSDI (http://dblp.uni-trier.de/db/conf/osdi/)
2024-11-21 20:15:46,773 - INFO - Fetching papers in OSDI (2022)...
2024-11-21 20:15:50,072 - INFO - Search in https://dblp.uni-trier.de/db/conf/osdi/osdi2022.html...
2024-11-21 20:15:52,235 - INFO - Year 2022: Found 0 papers.
2024-11-21 20:15:52,235 - INFO - Fetching papers in OSDI (2023)...
2024-11-21 20:15:55,546 - INFO - Search in https://dblp.uni-trier.de/db/conf/osdi/osdi2023.html...
2024-11-21 20:15:57,475 - INFO - Year 2023: Found 1 papers.
2024-11-21 20:15:57,475 - INFO - Fetching papers in OSDI (2024)...
2024-11-21 20:16:00,840 - INFO - Search in https://dblp.uni-trier.de/db/conf/osdi/osdi2024.html...
2024-11-21 20:16:02,660 - INFO - Year 2024: Found 0 papers.
2024-11-21 20:16:02,661 - INFO - Found 1 papers in OSDI.
2024-11-21 20:16:02,834 - INFO - ----------------------------------------------------
2024-11-21 20:16:02,835 - INFO - Processing journal 42/55
2024-11-21 20:16:02,835 - INFO - Currently find 459 papers.
2024-11-21 20:16:02,835 - INFO - ----------------------------------------------------
2024-11-21 20:16:02,835 - INFO - Fetching papers from FM (http://dblp.uni-trier.de/db/conf/fm/)
2024-11-21 20:16:02,836 - INFO - Fetching papers in FM (2022)...
2024-11-21 20:16:06,968 - WARNING - No data for 2022
2024-11-21 20:16:06,968 - INFO - Fetching papers in FM (2023)...
2024-11-21 20:16:10,734 - INFO - Search in https://dblp.uni-trier.de/db/conf/fm/fm2023.html...
2024-11-21 20:16:12,871 - INFO - Search in https://dblp.uni-trier.de/db/conf/fm/fmdt2023.html...
2024-11-21 20:16:14,218 - INFO - Year 2023: Found 2 papers.
2024-11-21 20:16:14,219 - INFO - Fetching papers in FM (2024)...
2024-11-21 20:16:19,086 - INFO - Search in https://dblp.uni-trier.de/db/conf/fm/fm2024-1.html...
2024-11-21 20:16:21,360 - INFO - Search in https://dblp.uni-trier.de/db/conf/fm/fm2024-2.html...
2024-11-21 20:16:23,001 - INFO - Year 2024: Found 0 papers.
2024-11-21 20:16:23,002 - INFO - Found 2 papers in FM.
2024-11-21 20:16:23,174 - INFO - ----------------------------------------------------
2024-11-21 20:16:23,174 - INFO - Processing journal 43/55
2024-11-21 20:16:23,174 - INFO - Currently find 461 papers.
2024-11-21 20:16:23,175 - INFO - ----------------------------------------------------
2024-11-21 20:16:23,175 - INFO - Fetching papers from TOPLAS (http://dblp.uni-trier.de/db/journals/toplas/)
2024-11-21 20:16:23,175 - INFO - Fetching papers in TOPLAS (2022)...
2024-11-21 20:16:26,733 - INFO - Search in https://dblp.uni-trier.de/db/journals/toplas/toplas44.html...
2024-11-21 20:16:28,701 - INFO - Year 2022: Found 0 papers.
2024-11-21 20:16:28,701 - INFO - Fetching papers in TOPLAS (2023)...
2024-11-21 20:16:31,974 - INFO - Search in https://dblp.uni-trier.de/db/journals/toplas/toplas45.html...
2024-11-21 20:16:33,978 - INFO - Year 2023: Found 1 papers.
2024-11-21 20:16:33,978 - INFO - Fetching papers in TOPLAS (2024)...
2024-11-21 20:16:36,959 - INFO - Search in https://dblp.uni-trier.de/db/journals/toplas/toplas46.html...
2024-11-21 20:16:38,771 - INFO - Year 2024: Found 0 papers.
2024-11-21 20:16:38,772 - INFO - Found 1 papers in TOPLAS.
2024-11-21 20:16:38,949 - INFO - ----------------------------------------------------
2024-11-21 20:16:38,949 - INFO - Processing journal 44/55
2024-11-21 20:16:38,949 - INFO - Currently find 462 papers.
2024-11-21 20:16:38,950 - INFO - ----------------------------------------------------
2024-11-21 20:16:38,950 - INFO - Fetching papers from TOSEM (http://dblp.uni-trier.de/db/journals/tosem/)
2024-11-21 20:16:38,950 - INFO - Fetching papers in TOSEM (2022)...
2024-11-21 20:16:42,455 - INFO - Search in https://dblp.uni-trier.de/db/journals/tosem/tosem31.html...
2024-11-21 20:16:44,654 - INFO - Year 2022: Found 3 papers.
2024-11-21 20:16:44,654 - INFO - Fetching papers in TOSEM (2023)...
2024-11-21 20:16:48,057 - INFO - Search in https://dblp.uni-trier.de/db/journals/tosem/tosem32.html...
2024-11-21 20:16:52,337 - INFO - Year 2023: Found 5 papers.
2024-11-21 20:16:52,337 - INFO - Fetching papers in TOSEM (2024)...
2024-11-21 20:16:56,036 - INFO - Search in https://dblp.uni-trier.de/db/journals/tosem/tosem33.html...
2024-11-21 20:17:04,720 - INFO - Year 2024: Found 2 papers.
2024-11-21 20:17:04,721 - INFO - Found 10 papers in TOSEM.
2024-11-21 20:17:05,012 - INFO - ----------------------------------------------------
2024-11-21 20:17:05,012 - INFO - Processing journal 45/55
2024-11-21 20:17:05,012 - INFO - Currently find 472 papers.
2024-11-21 20:17:05,012 - INFO - ----------------------------------------------------
2024-11-21 20:17:05,012 - INFO - Fetching papers from TSE (http://dblp.uni-trier.de/db/journals/tse/)
2024-11-21 20:17:05,013 - INFO - Fetching papers in TSE (2022)...
2024-11-21 20:17:08,716 - INFO - Search in https://dblp.uni-trier.de/db/journals/tse/tse48.html...
2024-11-21 20:17:15,054 - INFO - Year 2022: Found 6 papers.
2024-11-21 20:17:15,054 - INFO - Fetching papers in TSE (2023)...
2024-11-21 20:17:18,515 - INFO - Search in https://dblp.uni-trier.de/db/journals/tse/tse49.html...
2024-11-21 20:17:25,021 - INFO - Year 2023: Found 8 papers.
2024-11-21 20:17:25,021 - INFO - Fetching papers in TSE (2024)...
2024-11-21 20:17:28,701 - INFO - Search in https://dblp.uni-trier.de/db/journals/tse/tse50.html...
2024-11-21 20:17:31,791 - INFO - Year 2024: Found 4 papers.
2024-11-21 20:17:31,792 - INFO - Found 18 papers in TSE.
2024-11-21 20:17:31,983 - INFO - ----------------------------------------------------
2024-11-21 20:17:31,983 - INFO - Processing journal 46/55
2024-11-21 20:17:31,984 - INFO - Currently find 490 papers.
2024-11-21 20:17:31,984 - INFO - ----------------------------------------------------
2024-11-21 20:17:31,984 - INFO - Fetching papers from TSC (http://dblp.uni-trier.de/db/journals/tsc/)
2024-11-21 20:17:31,984 - INFO - Fetching papers in TSC (2022)...
2024-11-21 20:17:36,633 - INFO - Search in https://dblp.uni-trier.de/db/journals/tsc/tsc15.html...
2024-11-21 20:17:42,806 - INFO - Year 2022: Found 13 papers.
2024-11-21 20:17:42,806 - INFO - Fetching papers in TSC (2023)...
2024-11-21 20:17:47,409 - INFO - Search in https://dblp.uni-trier.de/db/journals/tsc/tsc16.html...
2024-11-21 20:17:54,529 - INFO - Year 2023: Found 36 papers.
2024-11-21 20:17:54,529 - INFO - Fetching papers in TSC (2024)...
2024-11-21 20:17:57,961 - INFO - Search in https://dblp.uni-trier.de/db/journals/tsc/tsc17.html...
2024-11-21 20:18:01,670 - INFO - Year 2024: Found 23 papers.
2024-11-21 20:18:01,671 - INFO - Found 72 papers in TSC.
2024-11-21 20:18:01,876 - INFO - ----------------------------------------------------
2024-11-21 20:18:01,877 - INFO - Processing journal 47/55
2024-11-21 20:18:01,877 - INFO - Currently find 562 papers.
2024-11-21 20:18:01,877 - INFO - ----------------------------------------------------
2024-11-21 20:18:01,877 - INFO - Fetching papers from SIGMOD (http://dblp.uni-trier.de/db/conf/sigmod/)
2024-11-21 20:18:01,877 - INFO - Fetching papers in SIGMOD (2022)...
2024-11-21 20:18:05,305 - INFO - Search in https://dblp.uni-trier.de/db/conf/sigmod/sigmod2022.html...
2024-11-21 20:18:10,245 - INFO - Year 2022: Found 2 papers.
2024-11-21 20:18:10,245 - INFO - Fetching papers in SIGMOD (2023)...
2024-11-21 20:18:14,314 - INFO - Search in https://dblp.uni-trier.de/db/conf/sigmod/sigmod2023c.html...
2024-11-21 20:18:16,389 - INFO - Year 2023: Found 0 papers.
2024-11-21 20:18:16,389 - INFO - Fetching papers in SIGMOD (2024)...
2024-11-21 20:18:20,459 - INFO - Search in https://dblp.uni-trier.de/db/conf/sigmod/sigmod2024c.html...
2024-11-21 20:18:24,328 - INFO - Year 2024: Found 1 papers.
2024-11-21 20:18:24,329 - INFO - Found 3 papers in SIGMOD.
2024-11-21 20:18:24,548 - INFO - ----------------------------------------------------
2024-11-21 20:18:24,549 - INFO - Processing journal 48/55
2024-11-21 20:18:24,549 - INFO - Currently find 565 papers.
2024-11-21 20:18:24,549 - INFO - ----------------------------------------------------
2024-11-21 20:18:24,550 - INFO - Fetching papers from SIGKDD (http://dblp.uni-trier.de/db/conf/kdd/)
2024-11-21 20:18:24,550 - INFO - Fetching papers in SIGKDD (2022)...
2024-11-21 20:18:28,587 - INFO - Search in https://dblp.uni-trier.de/db/conf/kdd/kdd2022.html...
2024-11-21 20:18:45,280 - INFO - Year 2022: Found 1 papers.
2024-11-21 20:18:45,281 - INFO - Fetching papers in SIGKDD (2023)...
2024-11-21 20:18:49,743 - INFO - Search in https://dblp.uni-trier.de/db/conf/kdd/kdd2023.html...
2024-11-21 20:19:07,614 - INFO - Search in https://dblp.uni-trier.de/db/conf/kdd/evalrs2023.html...
2024-11-21 20:19:09,290 - INFO - Year 2023: Found 1 papers.
2024-11-21 20:19:09,290 - INFO - Fetching papers in SIGKDD (2024)...
2024-11-21 20:19:13,528 - INFO - Search in https://dblp.uni-trier.de/db/conf/kdd/kdd2024.html...
2024-11-21 20:19:37,123 - INFO - Year 2024: Found 3 papers.
2024-11-21 20:19:37,124 - INFO - Found 5 papers in SIGKDD.
2024-11-21 20:19:37,356 - INFO - ----------------------------------------------------
2024-11-21 20:19:37,356 - INFO - Processing journal 49/55
2024-11-21 20:19:37,356 - INFO - Currently find 570 papers.
2024-11-21 20:19:37,356 - INFO - ----------------------------------------------------
2024-11-21 20:19:37,358 - INFO - Fetching papers from ICDE (http://dblp.uni-trier.de/db/conf/icde/)
2024-11-21 20:19:37,358 - INFO - Fetching papers in ICDE (2022)...
2024-11-21 20:19:40,702 - INFO - Search in https://dblp.uni-trier.de/db/conf/icde/icde2022.html...
2024-11-21 20:19:47,553 - INFO - Search in https://dblp.uni-trier.de/db/conf/icde/icde2022w.html...
2024-11-21 20:19:49,649 - INFO - Year 2022: Found 5 papers.
2024-11-21 20:19:49,649 - INFO - Fetching papers in ICDE (2023)...
2024-11-21 20:19:52,943 - INFO - Search in https://dblp.uni-trier.de/db/conf/icde/icde2023.html...
2024-11-21 20:20:01,963 - INFO - Search in https://dblp.uni-trier.de/db/conf/icde/icde2023w.html...
2024-11-21 20:20:04,010 - INFO - Year 2023: Found 5 papers.
2024-11-21 20:20:04,010 - INFO - Fetching papers in ICDE (2024)...
2024-11-21 20:20:07,710 - INFO - Search in https://dblp.uni-trier.de/db/conf/icde/icde2024.html...
2024-11-21 20:20:20,595 - INFO - Search in https://dblp.uni-trier.de/db/conf/icde/icde2024w.html...
2024-11-21 20:20:22,993 - INFO - Year 2024: Found 7 papers.
2024-11-21 20:20:22,994 - INFO - Found 17 papers in ICDE.
2024-11-21 20:20:23,213 - INFO - ----------------------------------------------------
2024-11-21 20:20:23,213 - INFO - Processing journal 50/55
2024-11-21 20:20:23,214 - INFO - Currently find 587 papers.
2024-11-21 20:20:23,214 - INFO - ----------------------------------------------------
2024-11-21 20:20:23,214 - INFO - Fetching papers from SIGIR (http://dblp.uni-trier.de/db/conf/sigir/)
2024-11-21 20:20:23,214 - INFO - Fetching papers in SIGIR (2022)...
2024-11-21 20:20:27,261 - INFO - Search in https://dblp.uni-trier.de/db/conf/sigir/sigir2022.html...
2024-11-21 20:20:38,321 - INFO - Search in https://dblp.uni-trier.de/db/conf/sigir/inra2022.html...
2024-11-21 20:20:41,157 - INFO - Year 2022: Found 1 papers.
2024-11-21 20:20:41,157 - INFO - Fetching papers in SIGIR (2023)...
2024-11-21 20:20:45,073 - INFO - Search in https://dblp.uni-trier.de/db/conf/sigir/sigir2023.html...
2024-11-21 20:20:58,874 - INFO - Year 2023: Found 0 papers.
2024-11-21 20:20:58,874 - INFO - Fetching papers in SIGIR (2024)...
2024-11-21 20:21:03,523 - INFO - Search in https://dblp.uni-trier.de/db/conf/sigir/sigir2024.html...
2024-11-21 20:21:13,424 - INFO - Year 2024: Found 0 papers.
2024-11-21 20:21:13,425 - INFO - Found 1 papers in SIGIR.
2024-11-21 20:21:13,691 - INFO - ----------------------------------------------------
2024-11-21 20:21:13,692 - INFO - Processing journal 51/55
2024-11-21 20:21:13,692 - INFO - Currently find 588 papers.
2024-11-21 20:21:13,692 - INFO - ----------------------------------------------------
2024-11-21 20:21:13,692 - INFO - Fetching papers from VLDB (http://dblp.uni-trier.de/db/conf/vldb/)
2024-11-21 20:21:13,692 - INFO - Fetching papers in VLDB (2022)...
2024-11-21 20:21:17,588 - INFO - Search in https://dblp.uni-trier.de/db/conf/vldb/phd2022.html...
2024-11-21 20:21:19,214 - INFO - Search in https://dblp.uni-trier.de/db/conf/vldb/cdms2022.html...
2024-11-21 20:21:21,338 - INFO - Search in https://dblp.uni-trier.de/db/conf/vldb/deco2022.html...
2024-11-21 20:21:23,206 - INFO - Year 2022: Found 0 papers.
2024-11-21 20:21:23,206 - INFO - Fetching papers in VLDB (2023)...
2024-11-21 20:21:27,426 - INFO - Search in https://dblp.uni-trier.de/db/conf/vldb/w2023.html...
2024-11-21 20:21:29,823 - INFO - Search in https://dblp.uni-trier.de/db/conf/vldb/phd2023.html...
2024-11-21 20:21:31,716 - INFO - Year 2023: Found 0 papers.
2024-11-21 20:21:31,716 - INFO - Fetching papers in VLDB (2024)...
2024-11-21 20:21:35,134 - INFO - Search in https://dblp.uni-trier.de/db/conf/vldb/vldb2024w.html...
2024-11-21 20:21:37,421 - INFO - Year 2024: Found 5 papers.
2024-11-21 20:21:37,422 - INFO - Found 5 papers in VLDB.
2024-11-21 20:21:37,740 - INFO - ----------------------------------------------------
2024-11-21 20:21:37,740 - INFO - Processing journal 52/55
2024-11-21 20:21:37,740 - INFO - Currently find 593 papers.
2024-11-21 20:21:37,741 - INFO - ----------------------------------------------------
2024-11-21 20:21:37,741 - INFO - Fetching papers from TODS (http://dblp.uni-trier.de/db/journals/tods/)
2024-11-21 20:21:37,741 - INFO - Fetching papers in TODS (2022)...
2024-11-21 20:21:40,625 - INFO - Search in https://dblp.uni-trier.de/db/journals/tods/tods47.html...
2024-11-21 20:21:43,397 - INFO - Year 2022: Found 0 papers.
2024-11-21 20:21:43,397 - INFO - Fetching papers in TODS (2023)...
2024-11-21 20:21:48,088 - INFO - Search in https://dblp.uni-trier.de/db/journals/tods/tods48.html...
2024-11-21 20:21:50,364 - INFO - Year 2023: Found 0 papers.
2024-11-21 20:21:50,364 - INFO - Fetching papers in TODS (2024)...
2024-11-21 20:21:54,030 - INFO - Search in https://dblp.uni-trier.de/db/journals/tods/tods49.html...
2024-11-21 20:21:55,536 - INFO - Year 2024: Found 0 papers.
2024-11-21 20:21:55,537 - INFO - No papers found in TODS.
2024-11-21 20:21:55,537 - INFO - ----------------------------------------------------
2024-11-21 20:21:55,537 - INFO - Processing journal 53/55
2024-11-21 20:21:55,537 - INFO - Currently find 593 papers.
2024-11-21 20:21:55,537 - INFO - ----------------------------------------------------
2024-11-21 20:21:55,537 - INFO - Fetching papers from TOIS (http://dblp.uni-trier.de/db/journals/tois/)
2024-11-21 20:21:55,538 - INFO - Fetching papers in TOIS (2022)...
2024-11-21 20:22:04,657 - ERROR - Error fetching data: HTTPSConnectionPool(host='dblp.uni-trier.de', port=443): Max retries exceeded with url: /db/journals/tois/ (Caused by ProxyError('Cannot connect to proxy.', ConnectionResetError(10054, '', None, 10054, None)))
2024-11-21 20:22:12,823 - INFO - Search in https://dblp.uni-trier.de/db/journals/tois/tois40.html...
2024-11-21 20:22:17,158 - INFO - Year 2022: Found 0 papers.
2024-11-21 20:22:17,158 - INFO - Fetching papers in TOIS (2023)...
2024-11-21 20:22:20,813 - INFO - Search in https://dblp.uni-trier.de/db/journals/tois/tois41.html...
2024-11-21 20:22:23,850 - INFO - Year 2023: Found 0 papers.
2024-11-21 20:22:23,851 - INFO - Fetching papers in TOIS (2024)...
2024-11-21 20:22:26,807 - INFO - Search in https://dblp.uni-trier.de/db/journals/tois/tois42.html...
2024-11-21 20:22:30,312 - INFO - Year 2024: Found 0 papers.
2024-11-21 20:22:30,312 - INFO - No papers found in TOIS.
2024-11-21 20:22:30,313 - INFO - ----------------------------------------------------
2024-11-21 20:22:30,313 - INFO - Processing journal 54/55
2024-11-21 20:22:30,313 - INFO - Currently find 593 papers.
2024-11-21 20:22:30,313 - INFO - ----------------------------------------------------
2024-11-21 20:22:30,313 - INFO - Fetching papers from TKDE (http://dblp.uni-trier.de/db/journals/tkde/)
2024-11-21 20:22:30,313 - INFO - Fetching papers in TKDE (2022)...
2024-11-21 20:22:33,283 - INFO - Search in https://dblp.uni-trier.de/db/journals/tkde/tkde34.html...
2024-11-21 20:22:43,593 - INFO - Year 2022: Found 1 papers.
2024-11-21 20:22:43,593 - INFO - Fetching papers in TKDE (2023)...
2024-11-21 20:22:46,659 - INFO - Search in https://dblp.uni-trier.de/db/journals/tkde/tkde35.html...
2024-11-21 20:23:28,516 - INFO - Year 2023: Found 7 papers.
2024-11-21 20:23:28,516 - INFO - Fetching papers in TKDE (2024)...
2024-11-21 20:23:31,989 - INFO - Search in https://dblp.uni-trier.de/db/journals/tkde/tkde36.html...
2024-11-21 20:23:45,010 - INFO - Year 2024: Found 10 papers.
2024-11-21 20:23:45,011 - INFO - Found 18 papers in TKDE.
2024-11-21 20:23:45,261 - INFO - ----------------------------------------------------
2024-11-21 20:23:45,262 - INFO - Processing journal 55/55
2024-11-21 20:23:45,262 - INFO - Currently find 611 papers.
2024-11-21 20:23:45,262 - INFO - ----------------------------------------------------
2024-11-21 20:23:45,262 - INFO - Fetching papers from VLDBJ (http://dblp.uni-trier.de/db/journals/vldb/)
2024-11-21 20:23:45,262 - INFO - Fetching papers in VLDBJ (2022)...
2024-11-21 20:23:48,844 - INFO - Search in https://dblp.uni-trier.de/db/journals/vldb/vldb31.html...
2024-11-21 20:23:56,636 - INFO - Year 2022: Found 0 papers.
2024-11-21 20:23:56,636 - INFO - Fetching papers in VLDBJ (2023)...
2024-11-21 20:24:00,369 - INFO - Search in https://dblp.uni-trier.de/db/journals/vldb/vldb32.html...
2024-11-21 20:24:02,599 - INFO - Year 2023: Found 1 papers.
2024-11-21 20:24:02,599 - INFO - Fetching papers in VLDBJ (2024)...
2024-11-21 20:24:05,757 - INFO - Search in https://dblp.uni-trier.de/db/journals/vldb/vldb33.html...
2024-11-21 20:24:08,583 - INFO - Year 2024: Found 2 papers.
2024-11-21 20:24:08,584 - INFO - Found 3 papers in VLDBJ.
2024-11-21 20:24:08,822 - INFO - Total papers found: 614
2024-11-21 20:24:08,822 - INFO - Results saved to output\papers_results.xlsx
