2024-11-21 16:08:03,163 - INFO - ----------------------------------------------------
2024-11-21 16:08:03,164 - INFO - Searching for papers from the following parameters:
2024-11-21 16:08:03,164 - INFO - Journal level: A
2024-11-21 16:08:03,164 - INFO - Years: [2022, 2023, 2024]
2024-11-21 16:08:03,164 - INFO - Keywords: blockchain
2024-11-21 16:08:03,164 - INFO - All journals/conferences will be included.
2024-11-21 16:08:03,164 - INFO - Selected categories: 1, 2, 3, 4, 5
2024-11-21 16:08:03,164 - INFO - ----------------------------------------------------
2024-11-21 16:08:03,173 - INFO - ----------------------------------------------------
2024-11-21 16:08:03,173 - INFO - Processing journal 1/55
2024-11-21 16:08:03,173 - INFO - Currently find 0 papers.
2024-11-21 16:08:03,174 - INFO - ----------------------------------------------------
2024-11-21 16:08:03,174 - INFO - Fetching papers from PPoPP (http://dblp.uni-trier.de/db/conf/ppopp/)
2024-11-21 16:08:03,174 - INFO - Fetching papers in PPoPP (2022)...
2024-11-21 16:08:06,582 - INFO - Search in https://dblp.uni-trier.de/db/conf/ppopp/ppopp2022.html...
2024-11-21 16:08:08,691 - INFO - Search in https://dblp.uni-trier.de/db/conf/ppopp/exhet2022.html...
2024-11-21 16:08:10,402 - INFO - Search in https://dblp.uni-trier.de/db/conf/ppopp/pmam2022.html...
2024-11-21 16:08:12,369 - INFO - Search in https://dblp.uni-trier.de/db/conf/ppopp/bid2022.html...
2024-11-21 16:08:13,658 - INFO - Year 2022: Found 0 papers.
2024-11-21 16:08:13,658 - INFO - Fetching papers in PPoPP (2023)...
2024-11-21 16:08:16,855 - INFO - Search in https://dblp.uni-trier.de/db/conf/ppopp/ppopp2023.html...
2024-11-21 16:08:18,865 - INFO - Search in https://dblp.uni-trier.de/db/conf/ppopp/exhet2023.html...
2024-11-21 16:08:21,121 - INFO - Search in https://dblp.uni-trier.de/db/conf/ppopp/pmam2023.html...
2024-11-21 16:08:22,640 - INFO - Search in https://dblp.uni-trier.de/db/conf/ppopp/bid2023.html...
2024-11-21 16:08:24,200 - INFO - Year 2023: Found 1 papers.
2024-11-21 16:08:24,200 - INFO - Fetching papers in PPoPP (2024)...
2024-11-21 16:08:27,440 - INFO - Search in https://dblp.uni-trier.de/db/conf/ppopp/ppopp2024.html...
2024-11-21 16:08:29,709 - INFO - Search in https://dblp.uni-trier.de/db/conf/ppopp/pmam2024.html...
2024-11-21 16:08:32,062 - INFO - Year 2024: Found 1 papers.
2024-11-21 16:08:32,063 - INFO - Found 2 papers in PPoPP.
2024-11-21 16:08:32,293 - INFO - ----------------------------------------------------
2024-11-21 16:08:32,293 - INFO - Processing journal 2/55
2024-11-21 16:08:32,293 - INFO - Currently find 2 papers.
2024-11-21 16:08:32,294 - INFO - ----------------------------------------------------
2024-11-21 16:08:32,294 - INFO - Fetching papers from FAST (http://dblp.uni-trier.de/db/conf/fast/)
2024-11-21 16:08:32,294 - INFO - Fetching papers in FAST (2022)...
2024-11-21 16:08:35,862 - INFO - Search in https://dblp.uni-trier.de/db/conf/fast/fast2022.html...
2024-11-21 16:08:37,945 - INFO - Year 2022: Found 0 papers.
2024-11-21 16:08:37,945 - INFO - Fetching papers in FAST (2023)...
2024-11-21 16:08:41,402 - INFO - Search in https://dblp.uni-trier.de/db/conf/fast/fast2023.html...
2024-11-21 16:08:43,037 - INFO - Year 2023: Found 0 papers.
2024-11-21 16:08:43,038 - INFO - Fetching papers in FAST (2024)...
2024-11-21 16:08:46,664 - INFO - Search in https://dblp.uni-trier.de/db/conf/fast/fast2024.html...
2024-11-21 16:08:48,569 - INFO - Year 2024: Found 1 papers.
2024-11-21 16:08:48,570 - INFO - Found 1 papers in FAST.
2024-11-21 16:08:48,584 - INFO - ----------------------------------------------------
2024-11-21 16:08:48,584 - INFO - Processing journal 3/55
2024-11-21 16:08:48,585 - INFO - Currently find 3 papers.
2024-11-21 16:08:48,585 - INFO - ----------------------------------------------------
2024-11-21 16:08:48,585 - INFO - Fetching papers from DAC (https://dblp.uni-trier.de/db/conf/dac/)
2024-11-21 16:08:48,585 - INFO - Fetching papers in DAC (2022)...
2024-11-21 16:08:51,307 - INFO - Search in https://dblp.uni-trier.de/db/conf/dac/dac2022.html...
2024-11-21 16:08:56,589 - INFO - Year 2022: Found 0 papers.
2024-11-21 16:08:56,589 - INFO - Fetching papers in DAC (2023)...
2024-11-21 16:08:59,645 - INFO - Search in https://dblp.uni-trier.de/db/conf/dac/dac2023.html...
2024-11-21 16:09:06,592 - INFO - Year 2023: Found 0 papers.
2024-11-21 16:09:06,593 - INFO - Fetching papers in DAC (2024)...
2024-11-21 16:09:09,245 - INFO - Search in https://dblp.uni-trier.de/db/conf/dac/dac2024.html...
2024-11-21 16:09:19,152 - INFO - Year 2024: Found 0 papers.
2024-11-21 16:09:19,153 - INFO - No papers found in DAC.
2024-11-21 16:09:19,154 - INFO - ----------------------------------------------------
2024-11-21 16:09:19,154 - INFO - Processing journal 4/55
2024-11-21 16:09:19,154 - INFO - Currently find 3 papers.
2024-11-21 16:09:19,154 - INFO - ----------------------------------------------------
2024-11-21 16:09:19,154 - INFO - Fetching papers from HPCA (http://dblp.uni-trier.de/db/conf/cnhpca/)
2024-11-21 16:09:19,155 - INFO - Fetching papers in HPCA (2022)...
2024-11-21 16:09:23,083 - WARNING - No data for 2022
2024-11-21 16:09:23,083 - INFO - Fetching papers in HPCA (2023)...
2024-11-21 16:09:29,384 - WARNING - No data for 2023
2024-11-21 16:09:29,385 - INFO - Fetching papers in HPCA (2024)...
2024-11-21 16:09:32,412 - WARNING - No data for 2024
2024-11-21 16:09:32,413 - INFO - No papers found in HPCA.
2024-11-21 16:09:32,413 - INFO - ----------------------------------------------------
2024-11-21 16:09:32,413 - INFO - Processing journal 5/55
2024-11-21 16:09:32,413 - INFO - Currently find 3 papers.
2024-11-21 16:09:32,414 - INFO - ----------------------------------------------------
2024-11-21 16:09:32,414 - INFO - Fetching papers from MICRO (http://dblp.uni-trier.de/db/conf/micro/)
2024-11-21 16:09:32,414 - INFO - Fetching papers in MICRO (2022)...
2024-11-21 16:09:36,907 - INFO - Search in https://dblp.uni-trier.de/db/conf/micro/micro2022.html...
2024-11-21 16:09:39,802 - INFO - Year 2022: Found 0 papers.
2024-11-21 16:09:39,802 - INFO - Fetching papers in MICRO (2023)...
2024-11-21 16:09:44,096 - INFO - Search in https://dblp.uni-trier.de/db/conf/micro/micro2023.html...
2024-11-21 16:09:46,632 - INFO - Search in https://dblp.uni-trier.de/db/conf/micro/nocarc2023.html...
2024-11-21 16:09:48,434 - INFO - Year 2023: Found 0 papers.
2024-11-21 16:09:48,435 - INFO - Fetching papers in MICRO (2024)...
2024-11-21 16:09:52,256 - WARNING - No data for 2024
2024-11-21 16:09:52,257 - INFO - No papers found in MICRO.
2024-11-21 16:09:52,257 - INFO - ----------------------------------------------------
2024-11-21 16:09:52,257 - INFO - Processing journal 6/55
2024-11-21 16:09:52,257 - INFO - Currently find 3 papers.
2024-11-21 16:09:52,258 - INFO - ----------------------------------------------------
2024-11-21 16:09:52,258 - INFO - Fetching papers from SC (http://dblp.uni-trier.de/db/conf/sc/)
2024-11-21 16:09:52,258 - INFO - Fetching papers in SC (2022)...
2024-11-21 16:09:57,992 - INFO - Search in https://dblp.uni-trier.de/db/conf/sc/sc2022.html...
2024-11-21 16:10:00,257 - INFO - Search in https://dblp.uni-trier.de/db/conf/sc/scalah2022.html...
2024-11-21 16:10:01,846 - INFO - Search in https://dblp.uni-trier.de/db/conf/sc/hipar2022.html...
2024-11-21 16:10:03,761 - INFO - Search in https://dblp.uni-trier.de/db/conf/sc/rsdha2022.html...
2024-11-21 16:10:05,375 - INFO - Search in https://dblp.uni-trier.de/db/conf/sc/shpc2022.html...
2024-11-21 16:10:06,695 - INFO - Year 2022: Found 0 papers.
2024-11-21 16:10:06,695 - INFO - Fetching papers in SC (2023)...
2024-11-21 16:10:11,424 - INFO - Search in https://dblp.uni-trier.de/db/conf/sc/sc2023.html...
2024-11-21 16:10:14,565 - INFO - Search in https://dblp.uni-trier.de/db/conf/sc/sc2023w.html...
2024-11-21 16:10:20,296 - INFO - Year 2023: Found 1 papers.
2024-11-21 16:10:20,297 - INFO - Fetching papers in SC (2024)...
2024-11-21 16:10:24,197 - WARNING - No data for 2024
2024-11-21 16:10:24,198 - INFO - Found 1 papers in SC.
2024-11-21 16:10:24,214 - INFO - ----------------------------------------------------
2024-11-21 16:10:24,215 - INFO - Processing journal 7/55
2024-11-21 16:10:24,215 - INFO - Currently find 4 papers.
2024-11-21 16:10:24,215 - INFO - ----------------------------------------------------
2024-11-21 16:10:24,216 - INFO - Fetching papers from ASPLOS (http://dblp.uni-trier.de/db/conf/asplos/)
2024-11-21 16:10:24,216 - INFO - Fetching papers in ASPLOS (2022)...
2024-11-21 16:10:27,994 - INFO - Search in https://dblp.uni-trier.de/db/conf/asplos/asplos2022.html...
2024-11-21 16:10:30,638 - INFO - Year 2022: Found 0 papers.
2024-11-21 16:10:30,638 - INFO - Fetching papers in ASPLOS (2023)...
2024-11-21 16:10:35,616 - INFO - Search in https://dblp.uni-trier.de/db/conf/asplos/asplos2023-1.html...
2024-11-21 16:10:37,104 - INFO - Search in https://dblp.uni-trier.de/db/conf/asplos/asplos2023-2.html...
2024-11-21 16:10:39,106 - INFO - Search in https://dblp.uni-trier.de/db/conf/asplos/asplos2023-3.html...
2024-11-21 16:10:41,288 - INFO - Search in https://dblp.uni-trier.de/db/conf/asplos/asplos2023-4.html...
2024-11-21 16:10:43,246 - INFO - Year 2023: Found 0 papers.
2024-11-21 16:10:43,246 - INFO - Fetching papers in ASPLOS (2024)...
2024-11-21 16:10:48,882 - INFO - Search in https://dblp.uni-trier.de/db/conf/asplos/asplos2024-1.html...
2024-11-21 16:10:50,856 - INFO - Search in https://dblp.uni-trier.de/db/conf/asplos/asplos2024-2.html...
2024-11-21 16:10:53,736 - INFO - Search in https://dblp.uni-trier.de/db/conf/asplos/asplos2024-3.html...
2024-11-21 16:10:56,270 - INFO - Year 2024: Found 0 papers.
2024-11-21 16:10:56,271 - INFO - No papers found in ASPLOS.
2024-11-21 16:10:56,271 - INFO - ----------------------------------------------------
2024-11-21 16:10:56,271 - INFO - Processing journal 8/55
2024-11-21 16:10:56,271 - INFO - Currently find 4 papers.
2024-11-21 16:10:56,271 - INFO - ----------------------------------------------------
2024-11-21 16:10:56,272 - INFO - Fetching papers from ISCA (http://dblp.uni-trier.de/db/conf/isca/)
2024-11-21 16:10:56,272 - INFO - Fetching papers in ISCA (2022)...
2024-11-21 16:10:59,977 - INFO - Search in https://dblp.uni-trier.de/db/conf/isca/isca2022.html...
2024-11-21 16:11:02,438 - INFO - Year 2022: Found 0 papers.
2024-11-21 16:11:02,438 - INFO - Fetching papers in ISCA (2023)...
2024-11-21 16:11:06,072 - INFO - Search in https://dblp.uni-trier.de/db/conf/isca/isca2023.html...
2024-11-21 16:11:08,983 - INFO - Year 2023: Found 1 papers.
2024-11-21 16:11:08,983 - INFO - Fetching papers in ISCA (2024)...
2024-11-21 16:11:12,862 - INFO - Search in https://dblp.uni-trier.de/db/conf/isca/isca2024.html...
2024-11-21 16:11:15,068 - INFO - Year 2024: Found 0 papers.
2024-11-21 16:11:15,069 - INFO - Found 1 papers in ISCA.
2024-11-21 16:11:15,087 - INFO - ----------------------------------------------------
2024-11-21 16:11:15,087 - INFO - Processing journal 9/55
2024-11-21 16:11:15,088 - INFO - Currently find 5 papers.
2024-11-21 16:11:15,088 - INFO - ----------------------------------------------------
2024-11-21 16:11:15,088 - INFO - Fetching papers from USENIX ATC (http://dblp.uni-trier.de/db/conf/usenix/index.html)
2024-11-21 16:11:15,089 - INFO - Fetching papers in USENIX ATC (2022)...
2024-11-21 16:11:19,574 - INFO - Search in https://dblp.uni-trier.de/db/conf/usenix/usenix2022.html...
2024-11-21 16:11:21,778 - INFO - Year 2022: Found 0 papers.
2024-11-21 16:11:21,778 - INFO - Fetching papers in USENIX ATC (2023)...
2024-11-21 16:11:24,645 - INFO - Search in https://dblp.uni-trier.de/db/conf/usenix/usenix2023.html...
2024-11-21 16:11:26,539 - INFO - Year 2023: Found 1 papers.
2024-11-21 16:11:26,539 - INFO - Fetching papers in USENIX ATC (2024)...
2024-11-21 16:11:29,320 - INFO - Search in https://dblp.uni-trier.de/db/conf/usenix/usenix2024.html...
2024-11-21 16:11:33,092 - INFO - Year 2024: Found 0 papers.
2024-11-21 16:11:33,094 - INFO - Found 1 papers in USENIX ATC.
2024-11-21 16:11:33,115 - INFO - ----------------------------------------------------
2024-11-21 16:11:33,115 - INFO - Processing journal 10/55
2024-11-21 16:11:33,116 - INFO - Currently find 6 papers.
2024-11-21 16:11:33,116 - INFO - ----------------------------------------------------
2024-11-21 16:11:33,116 - INFO - Fetching papers from EuroSys (http://dblp.uni-trier.de/db/conf/eurosys/)
2024-11-21 16:11:33,116 - INFO - Fetching papers in EuroSys (2022)...
2024-11-21 16:11:36,562 - INFO - Search in https://dblp.uni-trier.de/db/conf/eurosys/eurosys2022.html...
2024-11-21 16:11:38,322 - INFO - Year 2022: Found 0 papers.
2024-11-21 16:11:38,322 - INFO - Fetching papers in EuroSys (2023)...
2024-11-21 16:11:41,872 - INFO - Search in https://dblp.uni-trier.de/db/conf/eurosys/eurosys2023.html...
2024-11-21 16:11:43,839 - INFO - Year 2023: Found 1 papers.
2024-11-21 16:11:43,839 - INFO - Fetching papers in EuroSys (2024)...
2024-11-21 16:11:47,461 - INFO - Search in https://dblp.uni-trier.de/db/conf/eurosys/eurosys2024.html...
2024-11-21 16:11:50,398 - INFO - Year 2024: Found 0 papers.
2024-11-21 16:11:50,399 - INFO - Found 1 papers in EuroSys.
2024-11-21 16:11:50,426 - INFO - ----------------------------------------------------
2024-11-21 16:11:50,426 - INFO - Processing journal 11/55
2024-11-21 16:11:50,427 - INFO - Currently find 7 papers.
2024-11-21 16:11:50,427 - INFO - ----------------------------------------------------
2024-11-21 16:11:50,427 - INFO - Fetching papers from TOCS (http://dblp.uni-trier.de/db/journals/tocs/)
2024-11-21 16:11:50,428 - INFO - Fetching papers in TOCS (2022)...
2024-11-21 16:11:53,331 - INFO - Search in https://dblp.uni-trier.de/db/journals/tocs/tocs40.html...
2024-11-21 16:11:55,000 - INFO - Year 2022: Found 0 papers.
2024-11-21 16:11:55,001 - INFO - Fetching papers in TOCS (2023)...
2024-11-21 16:11:58,708 - INFO - Search in https://dblp.uni-trier.de/db/journals/tocs/tocs41.html...
2024-11-21 16:12:00,417 - INFO - Year 2023: Found 1 papers.
2024-11-21 16:12:00,417 - INFO - Fetching papers in TOCS (2024)...
2024-11-21 16:12:03,959 - INFO - Search in https://dblp.uni-trier.de/db/journals/tocs/tocs42.html...
2024-11-21 16:12:05,577 - INFO - Year 2024: Found 0 papers.
2024-11-21 16:12:05,578 - INFO - Found 1 papers in TOCS.
2024-11-21 16:12:05,608 - INFO - ----------------------------------------------------
2024-11-21 16:12:05,608 - INFO - Processing journal 12/55
2024-11-21 16:12:05,608 - INFO - Currently find 8 papers.
2024-11-21 16:12:05,608 - INFO - ----------------------------------------------------
2024-11-21 16:12:05,608 - INFO - Fetching papers from TOS (http://dblp.uni-trier.de/db/journals/tos/)
2024-11-21 16:12:05,609 - INFO - Fetching papers in TOS (2022)...
2024-11-21 16:12:08,702 - INFO - Search in https://dblp.uni-trier.de/db/journals/tos/tos18.html...
2024-11-21 16:12:10,772 - INFO - Year 2022: Found 0 papers.
2024-11-21 16:12:10,772 - INFO - Fetching papers in TOS (2023)...
2024-11-21 16:12:13,405 - INFO - Search in https://dblp.uni-trier.de/db/journals/tos/tos19.html...
2024-11-21 16:12:15,230 - INFO - Year 2023: Found 0 papers.
2024-11-21 16:12:15,230 - INFO - Fetching papers in TOS (2024)...
2024-11-21 16:12:18,105 - INFO - Search in https://dblp.uni-trier.de/db/journals/tos/tos20.html...
2024-11-21 16:12:20,045 - INFO - Year 2024: Found 1 papers.
2024-11-21 16:12:20,046 - INFO - Found 1 papers in TOS.
2024-11-21 16:12:20,080 - INFO - ----------------------------------------------------
2024-11-21 16:12:20,080 - INFO - Processing journal 13/55
2024-11-21 16:12:20,080 - INFO - Currently find 9 papers.
2024-11-21 16:12:20,081 - INFO - ----------------------------------------------------
2024-11-21 16:12:20,081 - INFO - Fetching papers from TCAD (http://dblp.uni-trier.de/db/journals/tcad/)
2024-11-21 16:12:20,081 - INFO - Fetching papers in TCAD (2022)...
2024-11-21 16:12:23,475 - INFO - Search in https://dblp.uni-trier.de/db/journals/tcad/tcad41.html...
2024-11-21 16:12:35,647 - INFO - Year 2022: Found 0 papers.
2024-11-21 16:12:35,647 - INFO - Fetching papers in TCAD (2023)...
2024-11-21 16:12:38,992 - INFO - Search in https://dblp.uni-trier.de/db/journals/tcad/tcad42.html...
2024-11-21 16:12:49,494 - INFO - Year 2023: Found 0 papers.
2024-11-21 16:12:49,494 - INFO - Fetching papers in TCAD (2024)...
2024-11-21 16:12:52,685 - INFO - Search in https://dblp.uni-trier.de/db/journals/tcad/tcad43.html...
2024-11-21 16:12:58,700 - INFO - Year 2024: Found 2 papers.
2024-11-21 16:12:58,701 - INFO - Found 2 papers in TCAD.
2024-11-21 16:12:58,736 - INFO - ----------------------------------------------------
2024-11-21 16:12:58,737 - INFO - Processing journal 14/55
2024-11-21 16:12:58,737 - INFO - Currently find 11 papers.
2024-11-21 16:12:58,738 - INFO - ----------------------------------------------------
2024-11-21 16:12:58,738 - INFO - Fetching papers from TC (http://dblp.uni-trier.de/db/journals/tc/index.html)
2024-11-21 16:12:58,738 - INFO - Fetching papers in TC (2022)...
2024-11-21 16:13:01,216 - INFO - Search in https://dblp.uni-trier.de/db/journals/tc/tc71.html...
2024-11-21 16:13:06,521 - INFO - Year 2022: Found 7 papers.
2024-11-21 16:13:06,521 - INFO - Fetching papers in TC (2023)...
2024-11-21 16:13:09,603 - INFO - Search in https://dblp.uni-trier.de/db/journals/tc/tc72.html...
2024-11-21 16:13:15,179 - INFO - Year 2023: Found 16 papers.
2024-11-21 16:13:15,180 - INFO - Fetching papers in TC (2024)...
2024-11-21 16:13:17,850 - INFO - Search in https://dblp.uni-trier.de/db/journals/tc/tc73.html...
2024-11-21 16:13:22,017 - INFO - Year 2024: Found 8 papers.
2024-11-21 16:13:22,018 - INFO - Found 31 papers in TC.
2024-11-21 16:13:22,058 - INFO - ----------------------------------------------------
2024-11-21 16:13:22,058 - INFO - Processing journal 15/55
2024-11-21 16:13:22,059 - INFO - Currently find 42 papers.
2024-11-21 16:13:22,059 - INFO - ----------------------------------------------------
2024-11-21 16:13:22,059 - INFO - Fetching papers from TPDS (http://dblp.uni-trier.de/db/journals/tpds/)
2024-11-21 16:13:22,060 - INFO - Fetching papers in TPDS (2022)...
2024-11-21 16:13:25,614 - INFO - Search in https://dblp.uni-trier.de/db/journals/tpds/tpds33.html...
2024-11-21 16:13:33,635 - INFO - Year 2022: Found 5 papers.
2024-11-21 16:13:33,635 - INFO - Fetching papers in TPDS (2023)...
2024-11-21 16:13:36,690 - INFO - Search in https://dblp.uni-trier.de/db/journals/tpds/tpds34.html...
2024-11-21 16:13:42,916 - INFO - Year 2023: Found 8 papers.
2024-11-21 16:13:42,916 - INFO - Fetching papers in TPDS (2024)...
2024-11-21 16:13:45,947 - INFO - Search in https://dblp.uni-trier.de/db/journals/tpds/tpds35.html...
2024-11-21 16:13:49,491 - INFO - Year 2024: Found 4 papers.
2024-11-21 16:13:49,492 - INFO - Found 17 papers in TPDS.
2024-11-21 16:13:49,541 - INFO - ----------------------------------------------------
2024-11-21 16:13:49,541 - INFO - Processing journal 16/55
2024-11-21 16:13:49,541 - INFO - Currently find 59 papers.
2024-11-21 16:13:49,541 - INFO - ----------------------------------------------------
2024-11-21 16:13:49,542 - INFO - Fetching papers from TACO (http://dblp.uni-trier.de/db/journals/taco/)
2024-11-21 16:13:49,542 - INFO - Fetching papers in TACO (2022)...
2024-11-21 16:13:52,675 - INFO - Search in https://dblp.uni-trier.de/db/journals/taco/taco19.html...
2024-11-21 16:13:54,916 - INFO - Year 2022: Found 0 papers.
2024-11-21 16:13:54,916 - INFO - Fetching papers in TACO (2023)...
2024-11-21 16:13:57,606 - INFO - Search in https://dblp.uni-trier.de/db/journals/taco/taco20.html...
2024-11-21 16:13:59,883 - INFO - Year 2023: Found 0 papers.
2024-11-21 16:13:59,884 - INFO - Fetching papers in TACO (2024)...
2024-11-21 16:14:05,185 - INFO - Search in https://dblp.uni-trier.de/db/journals/taco/taco21.html...
2024-11-21 16:14:07,078 - INFO - Year 2024: Found 0 papers.
2024-11-21 16:14:07,078 - INFO - No papers found in TACO.
2024-11-21 16:14:07,079 - INFO - ----------------------------------------------------
2024-11-21 16:14:07,079 - INFO - Processing journal 17/55
2024-11-21 16:14:07,079 - INFO - Currently find 59 papers.
2024-11-21 16:14:07,079 - INFO - ----------------------------------------------------
2024-11-21 16:14:07,079 - INFO - Fetching papers from SIGCOMM (http://dblp.uni-trier.de/db/conf/sigcomm/index.html)
2024-11-21 16:14:07,081 - INFO - Fetching papers in SIGCOMM (2022)...
2024-11-21 16:14:11,024 - INFO - Search in https://dblp.uni-trier.de/db/conf/sigcomm/sigcomm2022.html...
2024-11-21 16:14:13,132 - INFO - Search in https://dblp.uni-trier.de/db/conf/sigcomm/p2022.html...
2024-11-21 16:14:19,047 - INFO - Search in https://dblp.uni-trier.de/db/conf/sigcomm/nai2022.html...
2024-11-21 16:14:20,746 - INFO - Search in https://dblp.uni-trier.de/db/conf/sigcomm/net4us2022.html...
2024-11-21 16:14:22,564 - INFO - Search in https://dblp.uni-trier.de/db/conf/sigcomm/ffspin2022.html...
2024-11-21 16:14:24,438 - INFO - Search in https://dblp.uni-trier.de/db/conf/sigcomm/fira2022.html...
2024-11-21 16:14:26,285 - INFO - Year 2022: Found 0 papers.
2024-11-21 16:14:26,285 - INFO - Fetching papers in SIGCOMM (2023)...
2024-11-21 16:14:29,944 - INFO - Search in https://dblp.uni-trier.de/db/conf/sigcomm/sigcomm2023.html...
2024-11-21 16:14:33,707 - INFO - Search in https://dblp.uni-trier.de/db/conf/sigcomm/fira2023.html...
2024-11-21 16:14:35,594 - INFO - Search in https://dblp.uni-trier.de/db/conf/sigcomm/qunet2023.html...
2024-11-21 16:14:37,032 - INFO - Year 2023: Found 0 papers.
2024-11-21 16:14:37,032 - INFO - Fetching papers in SIGCOMM (2024)...
2024-11-21 16:14:41,639 - INFO - Search in https://dblp.uni-trier.de/db/conf/sigcomm/sigcomm2024.html...
2024-11-21 16:14:46,609 - INFO - Search in https://dblp.uni-trier.de/db/conf/sigcomm/sigcomm2024pd.html...
2024-11-21 16:14:49,355 - INFO - Year 2024: Found 1 papers.
2024-11-21 16:14:49,357 - INFO - Found 1 papers in SIGCOMM.
2024-11-21 16:14:49,409 - INFO - ----------------------------------------------------
2024-11-21 16:14:49,410 - INFO - Processing journal 18/55
2024-11-21 16:14:49,410 - INFO - Currently find 60 papers.
2024-11-21 16:14:49,410 - INFO - ----------------------------------------------------
2024-11-21 16:14:49,411 - INFO - Fetching papers from MobiCom (http://dblp.uni-trier.de/db/conf/mobicom/)
2024-11-21 16:14:49,411 - INFO - Fetching papers in MobiCom (2022)...
2024-11-21 16:14:53,587 - INFO - Search in https://dblp.uni-trier.de/db/conf/mobicom/mobicom2022.html...
2024-11-21 16:14:56,913 - INFO - Search in https://dblp.uni-trier.de/db/conf/mobicom/mwssh2022.html...
2024-11-21 16:14:58,391 - INFO - Year 2022: Found 0 papers.
2024-11-21 16:14:58,391 - INFO - Fetching papers in MobiCom (2023)...
2024-11-21 16:15:02,277 - INFO - Search in https://dblp.uni-trier.de/db/conf/mobicom/mobicom2023.html...
2024-11-21 16:15:05,898 - INFO - Year 2023: Found 0 papers.
2024-11-21 16:15:05,898 - INFO - Fetching papers in MobiCom (2024)...
2024-11-21 16:15:09,932 - INFO - Search in https://dblp.uni-trier.de/db/conf/mobicom/mobicom2024.html...
2024-11-21 16:15:11,829 - INFO - Year 2024: Found 0 papers.
2024-11-21 16:15:11,829 - INFO - No papers found in MobiCom.
2024-11-21 16:15:11,829 - INFO - ----------------------------------------------------
2024-11-21 16:15:11,830 - INFO - Processing journal 19/55
2024-11-21 16:15:11,830 - INFO - Currently find 60 papers.
2024-11-21 16:15:11,830 - INFO - ----------------------------------------------------
2024-11-21 16:15:11,831 - INFO - Fetching papers from INFOCOM (http://dblp.uni-trier.de/db/conf/infocom/)
2024-11-21 16:15:11,831 - INFO - Fetching papers in INFOCOM (2022)...
2024-11-21 16:15:15,236 - INFO - Search in https://dblp.uni-trier.de/db/conf/infocom/infocom2022.html...
2024-11-21 16:15:19,620 - INFO - Search in https://dblp.uni-trier.de/db/conf/infocom/infocom2022w.html...
2024-11-21 16:15:26,984 - INFO - Year 2022: Found 12 papers.
2024-11-21 16:15:26,984 - INFO - Fetching papers in INFOCOM (2023)...
2024-11-21 16:15:31,865 - INFO - Search in https://dblp.uni-trier.de/db/conf/infocom/infocom2023.html...
2024-11-21 16:15:36,980 - INFO - Search in https://dblp.uni-trier.de/db/conf/infocom/infocom2023w.html...
2024-11-21 16:15:40,975 - INFO - Year 2023: Found 8 papers.
2024-11-21 16:15:40,975 - INFO - Fetching papers in INFOCOM (2024)...
2024-11-21 16:15:45,012 - INFO - Search in https://dblp.uni-trier.de/db/conf/infocom/infocom2024.html...
2024-11-21 16:15:49,997 - INFO - Search in https://dblp.uni-trier.de/db/conf/infocom/infocom2024w.html...
2024-11-21 16:15:53,669 - INFO - Year 2024: Found 7 papers.
2024-11-21 16:15:53,670 - INFO - Found 27 papers in INFOCOM.
2024-11-21 16:15:53,726 - INFO - ----------------------------------------------------
2024-11-21 16:15:53,726 - INFO - Processing journal 20/55
2024-11-21 16:15:53,726 - INFO - Currently find 87 papers.
2024-11-21 16:15:53,726 - INFO - ----------------------------------------------------
2024-11-21 16:15:53,726 - INFO - Fetching papers from NSDI (http://dblp.uni-trier.de/db/conf/nsdi/)
2024-11-21 16:15:53,727 - INFO - Fetching papers in NSDI (2022)...
2024-11-21 16:15:59,403 - INFO - Search in https://dblp.uni-trier.de/db/conf/nsdi/nsdi2022.html...
2024-11-21 16:16:01,534 - INFO - Year 2022: Found 0 papers.
2024-11-21 16:16:01,534 - INFO - Fetching papers in NSDI (2023)...
2024-11-21 16:16:05,399 - INFO - Search in https://dblp.uni-trier.de/db/conf/nsdi/nsdi2023.html...
2024-11-21 16:16:07,707 - INFO - Year 2023: Found 0 papers.
2024-11-21 16:16:07,707 - INFO - Fetching papers in NSDI (2024)...
2024-11-21 16:16:11,665 - INFO - Search in https://dblp.uni-trier.de/db/conf/nsdi/nsdi2024.html...
2024-11-21 16:16:14,784 - INFO - Year 2024: Found 0 papers.
2024-11-21 16:16:14,784 - INFO - No papers found in NSDI.
2024-11-21 16:16:14,784 - INFO - ----------------------------------------------------
2024-11-21 16:16:14,784 - INFO - Processing journal 21/55
2024-11-21 16:16:14,785 - INFO - Currently find 87 papers.
2024-11-21 16:16:14,785 - INFO - ----------------------------------------------------
2024-11-21 16:16:14,785 - INFO - Fetching papers from JSAC (http://dblp.uni-trier.de/db/journals/jsac/)
2024-11-21 16:16:14,786 - INFO - Fetching papers in JSAC (2022)...
2024-11-21 16:16:18,255 - INFO - Search in https://dblp.uni-trier.de/db/journals/jsac/jsac40.html...
2024-11-21 16:16:23,510 - INFO - Year 2022: Found 27 papers.
2024-11-21 16:16:23,511 - INFO - Fetching papers in JSAC (2023)...
2024-11-21 16:16:26,686 - INFO - Search in https://dblp.uni-trier.de/db/journals/jsac/jsac41.html...
2024-11-21 16:16:32,869 - INFO - Year 2023: Found 3 papers.
2024-11-21 16:16:32,870 - INFO - Fetching papers in JSAC (2024)...
2024-11-21 16:16:35,598 - INFO - Search in https://dblp.uni-trier.de/db/journals/jsac/jsac42.html...
2024-11-21 16:16:40,577 - INFO - Year 2024: Found 3 papers.
2024-11-21 16:16:40,578 - INFO - Found 33 papers in JSAC.
2024-11-21 16:16:40,644 - INFO - ----------------------------------------------------
2024-11-21 16:16:40,644 - INFO - Processing journal 22/55
2024-11-21 16:16:40,645 - INFO - Currently find 120 papers.
2024-11-21 16:16:40,645 - INFO - ----------------------------------------------------
2024-11-21 16:16:40,645 - INFO - Fetching papers from TMC (http://dblp.uni-trier.de/db/journals/tmc/)
2024-11-21 16:16:40,645 - INFO - Fetching papers in TMC (2022)...
2024-11-21 16:16:43,409 - INFO - Search in https://dblp.uni-trier.de/db/journals/tmc/tmc21.html...
2024-11-21 16:16:50,833 - INFO - Year 2022: Found 4 papers.
2024-11-21 16:16:50,834 - INFO - Fetching papers in TMC (2023)...
2024-11-21 16:16:54,353 - INFO - Search in https://dblp.uni-trier.de/db/journals/tmc/tmc22.html...
2024-11-21 16:17:08,177 - INFO - Year 2023: Found 11 papers.
2024-11-21 16:17:08,178 - INFO - Fetching papers in TMC (2024)...
2024-11-21 16:17:11,435 - INFO - Search in https://dblp.uni-trier.de/db/journals/tmc/tmc23.html...
2024-11-21 16:17:34,912 - INFO - Year 2024: Found 16 papers.
2024-11-21 16:17:34,912 - INFO - Found 31 papers in TMC.
2024-11-21 16:17:34,988 - INFO - ----------------------------------------------------
2024-11-21 16:17:34,988 - INFO - Processing journal 23/55
2024-11-21 16:17:34,988 - INFO - Currently find 151 papers.
2024-11-21 16:17:34,989 - INFO - ----------------------------------------------------
2024-11-21 16:17:34,989 - INFO - Fetching papers from TON (http://dblp.uni-trier.de/db/journals/ton/)
2024-11-21 16:17:34,989 - INFO - Fetching papers in TON (2022)...
2024-11-21 16:17:38,369 - INFO - Search in https://dblp.uni-trier.de/db/journals/ton/ton30.html...
2024-11-21 16:17:46,354 - INFO - Year 2022: Found 2 papers.
2024-11-21 16:17:46,354 - INFO - Fetching papers in TON (2023)...
2024-11-21 16:17:49,562 - INFO - Search in https://dblp.uni-trier.de/db/journals/ton/ton31.html...
2024-11-21 16:17:54,582 - INFO - Year 2023: Found 6 papers.
2024-11-21 16:17:54,582 - INFO - Fetching papers in TON (2024)...
2024-11-21 16:17:57,502 - INFO - Search in https://dblp.uni-trier.de/db/journals/ton/ton32.html...
2024-11-21 16:18:03,941 - INFO - Year 2024: Found 6 papers.
2024-11-21 16:18:03,942 - INFO - Found 14 papers in TON.
2024-11-21 16:18:04,023 - INFO - ----------------------------------------------------
2024-11-21 16:18:04,023 - INFO - Processing journal 24/55
2024-11-21 16:18:04,023 - INFO - Currently find 165 papers.
2024-11-21 16:18:04,023 - INFO - ----------------------------------------------------
2024-11-21 16:18:04,024 - INFO - Fetching papers from CCS (http://dblp.uni-trier.de/db/conf/ccs/)
2024-11-21 16:18:04,024 - INFO - Fetching papers in CCS (2022)...
2024-11-21 16:18:07,126 - INFO - Search in https://dblp.uni-trier.de/db/conf/ccs/ccs2022.html...
2024-11-21 16:18:13,863 - INFO - Year 2022: Found 5 papers.
2024-11-21 16:18:13,863 - INFO - Fetching papers in CCS (2023)...
2024-11-21 16:18:17,555 - INFO - Search in https://dblp.uni-trier.de/db/conf/ccs/ccs2023.html...
2024-11-21 16:18:24,123 - INFO - Year 2023: Found 7 papers.
2024-11-21 16:18:24,123 - INFO - Fetching papers in CCS (2024)...
2024-11-21 16:18:27,826 - WARNING - No data for 2024
2024-11-21 16:18:27,827 - INFO - Found 12 papers in CCS.
2024-11-21 16:18:27,914 - INFO - ----------------------------------------------------
2024-11-21 16:18:27,914 - INFO - Processing journal 25/55
2024-11-21 16:18:27,914 - INFO - Currently find 177 papers.
2024-11-21 16:18:27,915 - INFO - ----------------------------------------------------
2024-11-21 16:18:27,915 - INFO - Fetching papers from EUROCRYPT (http://dblp.uni-trier.de/db/conf/eurocrypt/)
2024-11-21 16:18:27,915 - INFO - Fetching papers in EUROCRYPT (2022)...
2024-11-21 16:18:31,737 - INFO - Search in https://dblp.uni-trier.de/db/conf/eurocrypt/eurocrypt2022-1.html...
2024-11-21 16:18:35,558 - INFO - Search in https://dblp.uni-trier.de/db/conf/eurocrypt/eurocrypt2022-2.html...
2024-11-21 16:18:37,426 - INFO - Search in https://dblp.uni-trier.de/db/conf/eurocrypt/eurocrypt2022-3.html...
2024-11-21 16:18:39,378 - INFO - Year 2022: Found 0 papers.
2024-11-21 16:18:39,378 - INFO - Fetching papers in EUROCRYPT (2023)...
2024-11-21 16:18:43,140 - INFO - Search in https://dblp.uni-trier.de/db/conf/eurocrypt/eurocrypt2023-1.html...
2024-11-21 16:18:45,323 - INFO - Search in https://dblp.uni-trier.de/db/conf/eurocrypt/eurocrypt2023-2.html...
2024-11-21 16:18:46,935 - INFO - Search in https://dblp.uni-trier.de/db/conf/eurocrypt/eurocrypt2023-3.html...
2024-11-21 16:18:48,461 - INFO - Search in https://dblp.uni-trier.de/db/conf/eurocrypt/eurocrypt2023-4.html...
2024-11-21 16:18:50,911 - INFO - Search in https://dblp.uni-trier.de/db/conf/eurocrypt/eurocrypt2023-5.html...
2024-11-21 16:18:53,139 - INFO - Year 2023: Found 0 papers.
2024-11-21 16:18:53,140 - INFO - Fetching papers in EUROCRYPT (2024)...
2024-11-21 16:18:57,895 - INFO - Search in https://dblp.uni-trier.de/db/conf/eurocrypt/eurocrypt2024-1.html...
2024-11-21 16:18:59,845 - INFO - Search in https://dblp.uni-trier.de/db/conf/eurocrypt/eurocrypt2024-2.html...
2024-11-21 16:19:01,792 - INFO - Search in https://dblp.uni-trier.de/db/conf/eurocrypt/eurocrypt2024-3.html...
2024-11-21 16:19:03,511 - INFO - Search in https://dblp.uni-trier.de/db/conf/eurocrypt/eurocrypt2024-4.html...
2024-11-21 16:19:05,761 - INFO - Search in https://dblp.uni-trier.de/db/conf/eurocrypt/eurocrypt2024-5.html...
2024-11-21 16:19:07,719 - INFO - Search in https://dblp.uni-trier.de/db/conf/eurocrypt/eurocrypt2024-6.html...
2024-11-21 16:19:09,591 - INFO - Search in https://dblp.uni-trier.de/db/conf/eurocrypt/eurocrypt2024-7.html...
2024-11-21 16:19:11,557 - INFO - Year 2024: Found 1 papers.
2024-11-21 16:19:11,558 - INFO - Found 1 papers in EUROCRYPT.
2024-11-21 16:19:11,645 - INFO - ----------------------------------------------------
2024-11-21 16:19:11,646 - INFO - Processing journal 26/55
2024-11-21 16:19:11,646 - INFO - Currently find 178 papers.
2024-11-21 16:19:11,646 - INFO - ----------------------------------------------------
2024-11-21 16:19:11,647 - INFO - Fetching papers from S&P (http://dblp.uni-trier.de/db/conf/sp/)
2024-11-21 16:19:11,647 - INFO - Fetching papers in S&P (2022)...
2024-11-21 16:19:16,173 - INFO - Search in https://dblp.uni-trier.de/db/conf/sp/sp2022.html...
2024-11-21 16:19:19,199 - INFO - Search in https://dblp.uni-trier.de/db/conf/sp/sp2022w.html...
2024-11-21 16:19:21,150 - INFO - Year 2022: Found 4 papers.
2024-11-21 16:19:21,151 - INFO - Fetching papers in S&P (2023)...
2024-11-21 16:19:24,850 - INFO - Search in https://dblp.uni-trier.de/db/conf/sp/sp2023.html...
2024-11-21 16:19:29,291 - INFO - Search in https://dblp.uni-trier.de/db/conf/sp/sp2023w.html...
2024-11-21 16:19:31,056 - INFO - Year 2023: Found 3 papers.
2024-11-21 16:19:31,056 - INFO - Fetching papers in S&P (2024)...
2024-11-21 16:19:34,946 - INFO - Search in https://dblp.uni-trier.de/db/conf/sp/sp2024.html...
2024-11-21 16:19:41,357 - INFO - Search in https://dblp.uni-trier.de/db/conf/sp/sp2024w.html...
2024-11-21 16:19:43,406 - INFO - Year 2024: Found 4 papers.
2024-11-21 16:19:43,407 - INFO - Found 11 papers in S&P.
2024-11-21 16:19:43,499 - INFO - ----------------------------------------------------
2024-11-21 16:19:43,499 - INFO - Processing journal 27/55
2024-11-21 16:19:43,499 - INFO - Currently find 189 papers.
2024-11-21 16:19:43,499 - INFO - ----------------------------------------------------
2024-11-21 16:19:43,499 - INFO - Fetching papers from CRYPTO (http://dblp.uni-trier.de/db/conf/crypto/)
2024-11-21 16:19:43,501 - INFO - Fetching papers in CRYPTO (2022)...
2024-11-21 16:19:47,588 - INFO - Search in https://dblp.uni-trier.de/db/conf/crypto/crypto2022-1.html...
2024-11-21 16:19:50,214 - INFO - Search in https://dblp.uni-trier.de/db/conf/crypto/crypto2022-2.html...
2024-11-21 16:19:51,852 - INFO - Search in https://dblp.uni-trier.de/db/conf/crypto/crypto2022-3.html...
2024-11-21 16:19:53,456 - INFO - Search in https://dblp.uni-trier.de/db/conf/crypto/crypto2022-4.html...
2024-11-21 16:19:55,754 - INFO - Year 2022: Found 1 papers.
2024-11-21 16:19:55,754 - INFO - Fetching papers in CRYPTO (2023)...
2024-11-21 16:20:00,090 - INFO - Search in https://dblp.uni-trier.de/db/conf/crypto/crypto2023-1.html...
2024-11-21 16:20:01,833 - INFO - Search in https://dblp.uni-trier.de/db/conf/crypto/crypto2023-2.html...
2024-11-21 16:20:03,881 - INFO - Search in https://dblp.uni-trier.de/db/conf/crypto/crypto2023-3.html...
2024-11-21 16:20:05,878 - INFO - Search in https://dblp.uni-trier.de/db/conf/crypto/crypto2023-4.html...
2024-11-21 16:20:08,210 - INFO - Search in https://dblp.uni-trier.de/db/conf/crypto/crypto2023-5.html...
2024-11-21 16:20:09,859 - INFO - Year 2023: Found 0 papers.
2024-11-21 16:20:09,860 - INFO - Fetching papers in CRYPTO (2024)...
2024-11-21 16:20:14,000 - INFO - Search in https://dblp.uni-trier.de/db/conf/crypto/crypto2024-1.html...
2024-11-21 16:20:16,360 - INFO - Search in https://dblp.uni-trier.de/db/conf/crypto/crypto2024-2.html...
2024-11-21 16:20:17,846 - INFO - Search in https://dblp.uni-trier.de/db/conf/crypto/crypto2024-3.html...
2024-11-21 16:20:19,590 - INFO - Search in https://dblp.uni-trier.de/db/conf/crypto/crypto2024-4.html...
2024-11-21 16:20:22,610 - INFO - Search in https://dblp.uni-trier.de/db/conf/crypto/crypto2024-5.html...
2024-11-21 16:20:24,478 - INFO - Search in https://dblp.uni-trier.de/db/conf/crypto/crypto2024-6.html...
2024-11-21 16:20:25,958 - INFO - Search in https://dblp.uni-trier.de/db/conf/crypto/crypto2024-7.html...
2024-11-21 16:20:27,464 - INFO - Search in https://dblp.uni-trier.de/db/conf/crypto/crypto2024-8.html...
2024-11-21 16:20:29,334 - INFO - Search in https://dblp.uni-trier.de/db/conf/crypto/crypto2024-9.html...
2024-11-21 16:20:31,808 - INFO - Search in https://dblp.uni-trier.de/db/conf/crypto/crypto2024-10.html...
2024-11-21 16:20:34,858 - INFO - Year 2024: Found 0 papers.
2024-11-21 16:20:34,858 - INFO - Found 1 papers in CRYPTO.
2024-11-21 16:20:34,951 - INFO - ----------------------------------------------------
2024-11-21 16:20:34,952 - INFO - Processing journal 28/55
2024-11-21 16:20:34,952 - INFO - Currently find 190 papers.
2024-11-21 16:20:34,952 - INFO - ----------------------------------------------------
2024-11-21 16:20:34,953 - INFO - Fetching papers from USENIX Security (http://dblp.uni-trier.de/db/conf/uss/)
2024-11-21 16:20:34,953 - INFO - Fetching papers in USENIX Security (2022)...
2024-11-21 16:20:39,264 - INFO - Search in https://dblp.uni-trier.de/db/conf/uss/uss2022.html...
2024-11-21 16:20:43,719 - INFO - Search in https://dblp.uni-trier.de/db/conf/uss/cset2022.html...
2024-11-21 16:20:45,824 - INFO - Year 2022: Found 0 papers.
2024-11-21 16:20:45,824 - INFO - Fetching papers in USENIX Security (2023)...
2024-11-21 16:20:49,658 - INFO - Search in https://dblp.uni-trier.de/db/conf/uss/uss2023.html...
2024-11-21 16:20:58,181 - INFO - Search in https://dblp.uni-trier.de/db/conf/uss/cset2023.html...
2024-11-21 16:20:59,977 - INFO - Year 2023: Found 4 papers.
2024-11-21 16:20:59,978 - INFO - Fetching papers in USENIX Security (2024)...
2024-11-21 16:21:05,615 - INFO - Search in https://dblp.uni-trier.de/db/conf/uss/uss2024.html...
2024-11-21 16:21:14,120 - INFO - Search in https://dblp.uni-trier.de/db/conf/uss/cset2024.html...
2024-11-21 16:21:16,087 - INFO - Year 2024: Found 2 papers.
2024-11-21 16:21:16,087 - INFO - Found 6 papers in USENIX Security.
2024-11-21 16:21:16,208 - INFO - ----------------------------------------------------
2024-11-21 16:21:16,209 - INFO - Processing journal 29/55
2024-11-21 16:21:16,209 - INFO - Currently find 196 papers.
2024-11-21 16:21:16,209 - INFO - ----------------------------------------------------
2024-11-21 16:21:16,210 - INFO - Fetching papers from NDSS (http://dblp.uni-trier.de/db/conf/ndss/)
2024-11-21 16:21:16,210 - INFO - Fetching papers in NDSS (2022)...
2024-11-21 16:21:19,507 - INFO - Search in https://dblp.uni-trier.de/db/conf/ndss/ndss2022.html...
2024-11-21 16:21:22,367 - INFO - Year 2022: Found 0 papers.
2024-11-21 16:21:22,367 - INFO - Fetching papers in NDSS (2023)...
2024-11-21 16:21:26,055 - INFO - Search in https://dblp.uni-trier.de/db/conf/ndss/ndss2023.html...
2024-11-21 16:21:29,094 - INFO - Year 2023: Found 2 papers.
2024-11-21 16:21:29,094 - INFO - Fetching papers in NDSS (2024)...
2024-11-21 16:21:32,745 - INFO - Search in https://dblp.uni-trier.de/db/conf/ndss/ndss2024.html...
2024-11-21 16:21:35,495 - INFO - Year 2024: Found 3 papers.
2024-11-21 16:21:35,496 - INFO - Found 5 papers in NDSS.
2024-11-21 16:21:35,596 - INFO - ----------------------------------------------------
2024-11-21 16:21:35,597 - INFO - Processing journal 30/55
2024-11-21 16:21:35,597 - INFO - Currently find 201 papers.
2024-11-21 16:21:35,597 - INFO - ----------------------------------------------------
2024-11-21 16:21:35,598 - INFO - Fetching papers from TDSC (http://dblp.uni-trier.de/db/journals/tdsc/)
2024-11-21 16:21:35,598 - INFO - Fetching papers in TDSC (2022)...
2024-11-21 16:21:39,096 - INFO - Search in https://dblp.uni-trier.de/db/journals/tdsc/tdsc19.html...
2024-11-21 16:21:45,288 - INFO - Year 2022: Found 13 papers.
2024-11-21 16:21:45,289 - INFO - Fetching papers in TDSC (2023)...
2024-11-21 16:21:48,461 - INFO - Search in https://dblp.uni-trier.de/db/journals/tdsc/tdsc20.html...
2024-11-21 16:21:56,626 - INFO - Year 2023: Found 19 papers.
2024-11-21 16:21:56,626 - INFO - Fetching papers in TDSC (2024)...
2024-11-21 16:22:00,048 - INFO - Search in https://dblp.uni-trier.de/db/journals/tdsc/tdsc21.html...
2024-11-21 16:22:08,400 - INFO - Year 2024: Found 21 papers.
2024-11-21 16:22:08,401 - INFO - Found 53 papers in TDSC.
2024-11-21 16:22:08,544 - INFO - ----------------------------------------------------
2024-11-21 16:22:08,544 - INFO - Processing journal 31/55
2024-11-21 16:22:08,544 - INFO - Currently find 254 papers.
2024-11-21 16:22:08,545 - INFO - ----------------------------------------------------
2024-11-21 16:22:08,545 - INFO - Fetching papers from TIFS (http://dblp.uni-trier.de/db/journals/tifs/)
2024-11-21 16:22:08,545 - INFO - Fetching papers in TIFS (2022)...
2024-11-21 16:22:12,162 - INFO - Search in https://dblp.uni-trier.de/db/journals/tifs/tifs17.html...
2024-11-21 16:22:21,034 - INFO - Year 2022: Found 8 papers.
2024-11-21 16:22:21,035 - INFO - Fetching papers in TIFS (2023)...
2024-11-21 16:22:23,765 - INFO - Search in https://dblp.uni-trier.de/db/journals/tifs/tifs18.html...
2024-11-21 16:22:34,786 - INFO - Year 2023: Found 15 papers.
2024-11-21 16:22:34,787 - INFO - Fetching papers in TIFS (2024)...
2024-11-21 16:22:37,730 - INFO - Search in https://dblp.uni-trier.de/db/journals/tifs/tifs19.html...
2024-11-21 16:23:01,709 - INFO - Year 2024: Found 31 papers.
2024-11-21 16:23:01,710 - INFO - Found 54 papers in TIFS.
2024-11-21 16:23:01,836 - INFO - ----------------------------------------------------
2024-11-21 16:23:01,836 - INFO - Processing journal 32/55
2024-11-21 16:23:01,836 - INFO - Currently find 308 papers.
2024-11-21 16:23:01,836 - INFO - ----------------------------------------------------
2024-11-21 16:23:01,837 - INFO - Fetching papers from nan (http://dblp.uni-trier.de/db/journals/joc/)
2024-11-21 16:23:01,837 - INFO - Fetching papers in nan (2022)...
2024-11-21 16:23:05,559 - INFO - Search in https://dblp.uni-trier.de/db/journals/joc/joc35.html...
2024-11-21 16:23:08,026 - INFO - Year 2022: Found 0 papers.
2024-11-21 16:23:08,026 - INFO - Fetching papers in nan (2023)...
2024-11-21 16:23:11,378 - INFO - Search in https://dblp.uni-trier.de/db/journals/joc/joc36.html...
2024-11-21 16:23:13,435 - INFO - Year 2023: Found 0 papers.
2024-11-21 16:23:13,435 - INFO - Fetching papers in nan (2024)...
2024-11-21 16:23:16,360 - INFO - Search in https://dblp.uni-trier.de/db/journals/joc/joc37.html...
2024-11-21 16:23:17,984 - INFO - Year 2024: Found 0 papers.
2024-11-21 16:23:17,985 - INFO - No papers found in nan.
2024-11-21 16:23:17,985 - INFO - ----------------------------------------------------
2024-11-21 16:23:17,985 - INFO - Processing journal 33/55
2024-11-21 16:23:17,986 - INFO - Currently find 308 papers.
2024-11-21 16:23:17,986 - INFO - ----------------------------------------------------
2024-11-21 16:23:17,986 - INFO - Fetching papers from PLDI (http://dblp.uni-trier.de/db/conf/pldi/)
2024-11-21 16:23:17,986 - INFO - Fetching papers in PLDI (2022)...
2024-11-21 16:23:23,729 - INFO - Search in https://dblp.uni-trier.de/db/conf/pldi/pldi2022.html...
2024-11-21 16:23:26,584 - INFO - Year 2022: Found 0 papers.
2024-11-21 16:23:26,584 - INFO - Fetching papers in PLDI (2023)...
2024-11-21 16:23:30,456 - INFO - Search in https://dblp.uni-trier.de/db/conf/pldi/pldi2022.html...
2024-11-21 16:23:32,390 - INFO - Year 2023: Found 0 papers.
2024-11-21 16:23:32,390 - INFO - Fetching papers in PLDI (2024)...
2024-11-21 16:23:36,881 - INFO - Search in https://dblp.uni-trier.de/db/conf/pldi/pldi2022.html...
2024-11-21 16:23:38,906 - INFO - Year 2024: Found 0 papers.
2024-11-21 16:23:38,906 - INFO - No papers found in PLDI.
2024-11-21 16:23:38,907 - INFO - ----------------------------------------------------
2024-11-21 16:23:38,907 - INFO - Processing journal 34/55
2024-11-21 16:23:38,907 - INFO - Currently find 308 papers.
2024-11-21 16:23:38,907 - INFO - ----------------------------------------------------
2024-11-21 16:23:38,908 - INFO - Fetching papers from POPL (http://dblp.uni-trier.de/db/conf/popl/)
2024-11-21 16:23:38,908 - INFO - Fetching papers in POPL (2022)...
2024-11-21 16:23:42,915 - INFO - Search in https://dblp.uni-trier.de/db/conf/popl/popl2017.html...
2024-11-21 16:23:45,174 - INFO - Year 2022: Found 0 papers.
2024-11-21 16:23:45,174 - INFO - Fetching papers in POPL (2023)...
2024-11-21 16:23:49,474 - INFO - Search in https://dblp.uni-trier.de/db/conf/popl/popl2017.html...
2024-11-21 16:23:51,763 - INFO - Year 2023: Found 0 papers.
2024-11-21 16:23:51,763 - INFO - Fetching papers in POPL (2024)...
2024-11-21 16:23:55,210 - INFO - Search in https://dblp.uni-trier.de/db/conf/popl/popl2017.html...
2024-11-21 16:23:58,516 - INFO - Year 2024: Found 0 papers.
2024-11-21 16:23:58,516 - INFO - No papers found in POPL.
2024-11-21 16:23:58,516 - INFO - ----------------------------------------------------
2024-11-21 16:23:58,517 - INFO - Processing journal 35/55
2024-11-21 16:23:58,517 - INFO - Currently find 308 papers.
2024-11-21 16:23:58,517 - INFO - ----------------------------------------------------
2024-11-21 16:23:58,518 - INFO - Fetching papers from FSE/ESEC (http://dblp.uni-trier.de/db/conf/sigsoft/)
2024-11-21 16:23:58,518 - INFO - Fetching papers in FSE/ESEC (2022)...
2024-11-21 16:24:02,755 - INFO - Search in https://dblp.uni-trier.de/db/conf/sigsoft/fse2022.html...
2024-11-21 16:24:07,397 - INFO - Search in https://dblp.uni-trier.de/db/conf/sigsoft/atest2022.html...
2024-11-21 16:24:08,879 - INFO - Search in https://dblp.uni-trier.de/db/conf/sigsoft/easeai2022.html...
2024-11-21 16:24:10,346 - INFO - Search in https://dblp.uni-trier.de/db/conf/sigsoft/maltesque2022.html...
2024-11-21 16:24:12,237 - INFO - Search in https://dblp.uni-trier.de/db/conf/qp4se/qp4se2022.html...
2024-11-21 16:24:14,409 - INFO - Year 2022: Found 1 papers.
2024-11-21 16:24:14,409 - INFO - Fetching papers in FSE/ESEC (2023)...
2024-11-21 16:24:18,689 - INFO - Search in https://dblp.uni-trier.de/db/conf/sigsoft/fse2023.html...
2024-11-21 16:24:23,768 - INFO - Year 2023: Found 0 papers.
2024-11-21 16:24:23,768 - INFO - Fetching papers in FSE/ESEC (2024)...
2024-11-21 16:24:27,722 - INFO - Search in https://dblp.uni-trier.de/db/conf/sigsoft/fse2024c.html...
2024-11-21 16:24:30,785 - INFO - Year 2024: Found 0 papers.
2024-11-21 16:24:30,786 - INFO - Found 1 papers in FSE/ESEC.
2024-11-21 16:24:30,908 - INFO - ----------------------------------------------------
2024-11-21 16:24:30,908 - INFO - Processing journal 36/55
2024-11-21 16:24:30,908 - INFO - Currently find 309 papers.
2024-11-21 16:24:30,909 - INFO - ----------------------------------------------------
2024-11-21 16:24:30,909 - INFO - Fetching papers from SOSP (http://dblp.uni-trier.de/db/conf/sosp/)
2024-11-21 16:24:30,909 - INFO - Fetching papers in SOSP (2022)...
2024-11-21 16:24:34,659 - WARNING - No data for 2022
2024-11-21 16:24:34,659 - INFO - Fetching papers in SOSP (2023)...
2024-11-21 16:24:38,474 - INFO - Search in https://dblp.uni-trier.de/db/conf/sosp/sosp2023.html...
2024-11-21 16:24:40,758 - INFO - Search in https://dblp.uni-trier.de/db/conf/plos/plos2023.html...
2024-11-21 16:24:42,253 - INFO - Year 2023: Found 0 papers.
2024-11-21 16:24:42,253 - INFO - Fetching papers in SOSP (2024)...
2024-11-21 16:24:45,600 - INFO - Search in https://dblp.uni-trier.de/db/conf/sosp/sosp2024.html...
2024-11-21 16:24:48,040 - INFO - Year 2024: Found 0 papers.
2024-11-21 16:24:48,041 - INFO - No papers found in SOSP.
2024-11-21 16:24:48,041 - INFO - ----------------------------------------------------
2024-11-21 16:24:48,041 - INFO - Processing journal 37/55
2024-11-21 16:24:48,041 - INFO - Currently find 309 papers.
2024-11-21 16:24:48,042 - INFO - ----------------------------------------------------
2024-11-21 16:24:48,042 - INFO - Fetching papers from OOPSLA (http://dblp.uni-trier.de/db/conf/oopsla/)
2024-11-21 16:24:48,042 - INFO - Fetching papers in OOPSLA (2022)...
2024-11-21 16:24:51,933 - INFO - Search in https://dblp.uni-trier.de/db/conf/oopsla/oopsla2016.html...
2024-11-21 16:24:54,254 - INFO - Year 2022: Found 0 papers.
2024-11-21 16:24:54,254 - INFO - Fetching papers in OOPSLA (2023)...
2024-11-21 16:24:57,763 - INFO - Search in https://dblp.uni-trier.de/db/conf/oopsla/oopsla2016.html...
2024-11-21 16:24:59,921 - INFO - Year 2023: Found 0 papers.
2024-11-21 16:24:59,921 - INFO - Fetching papers in OOPSLA (2024)...
2024-11-21 16:25:03,112 - INFO - Search in https://dblp.uni-trier.de/db/conf/oopsla/oopsla2016.html...
2024-11-21 16:25:05,118 - INFO - Year 2024: Found 0 papers.
2024-11-21 16:25:05,119 - INFO - No papers found in OOPSLA.
2024-11-21 16:25:05,119 - INFO - ----------------------------------------------------
2024-11-21 16:25:05,120 - INFO - Processing journal 38/55
2024-11-21 16:25:05,120 - INFO - Currently find 309 papers.
2024-11-21 16:25:05,120 - INFO - ----------------------------------------------------
2024-11-21 16:25:05,120 - INFO - Fetching papers from ASE (http://dblp.uni-trier.de/db/conf/kbse/)
2024-11-21 16:25:05,121 - INFO - Fetching papers in ASE (2022)...
2024-11-21 16:25:08,742 - INFO - Search in https://dblp.uni-trier.de/db/conf/kbse/ase2022.html...
2024-11-21 16:25:13,831 - INFO - Year 2022: Found 1 papers.
2024-11-21 16:25:13,831 - INFO - Fetching papers in ASE (2023)...
2024-11-21 16:25:17,919 - INFO - Search in https://dblp.uni-trier.de/db/conf/kbse/ase2023.html...
2024-11-21 16:25:24,992 - INFO - Search in https://dblp.uni-trier.de/db/conf/kbse/ase2023w.html...
2024-11-21 16:25:28,713 - INFO - Year 2023: Found 0 papers.
2024-11-21 16:25:28,713 - INFO - Fetching papers in ASE (2024)...
2024-11-21 16:25:32,447 - INFO - Search in https://dblp.uni-trier.de/db/conf/kbse/ase2024w.html...
2024-11-21 16:25:34,749 - INFO - Year 2024: Found 0 papers.
2024-11-21 16:25:34,750 - INFO - Found 1 papers in ASE.
2024-11-21 16:25:34,909 - INFO - ----------------------------------------------------
2024-11-21 16:25:34,910 - INFO - Processing journal 39/55
2024-11-21 16:25:34,910 - INFO - Currently find 310 papers.
2024-11-21 16:25:34,910 - INFO - ----------------------------------------------------
2024-11-21 16:25:34,911 - INFO - Fetching papers from ICSE (http://dblp.uni-trier.de/db/conf/icse/)
2024-11-21 16:25:34,911 - INFO - Fetching papers in ICSE (2022)...
2024-11-21 16:25:39,068 - INFO - Search in https://dblp.uni-trier.de/db/conf/icse/icse2022.html...
2024-11-21 16:25:43,745 - INFO - Search in https://dblp.uni-trier.de/db/conf/icse/icse2022c.html...
2024-11-21 16:25:46,471 - INFO - Search in https://dblp.uni-trier.de/db/conf/icse/nier2022.html...
2024-11-21 16:25:48,152 - INFO - Search in https://dblp.uni-trier.de/db/conf/icse/icse2022seis.html...
2024-11-21 16:25:50,630 - INFO - Year 2022: Found 1 papers.
2024-11-21 16:25:50,631 - INFO - Fetching papers in ICSE (2023)...
2024-11-21 16:25:55,136 - INFO - Search in https://dblp.uni-trier.de/db/conf/icse/icse2023.html...
2024-11-21 16:25:59,592 - INFO - Search in https://dblp.uni-trier.de/db/conf/icse/icse2023c.html...
2024-11-21 16:26:02,898 - INFO - Search in https://dblp.uni-trier.de/db/conf/icse/aiops2023.html...
2024-11-21 16:26:04,600 - INFO - Search in https://dblp.uni-trier.de/db/conf/icse/innersoft2023.html...
2024-11-21 16:26:05,922 - INFO - Search in https://dblp.uni-trier.de/db/conf/icse/intense2023.html...
2024-11-21 16:26:07,542 - INFO - Search in https://dblp.uni-trier.de/db/conf/icse/nier2023.html...
2024-11-21 16:26:09,220 - INFO - Search in https://dblp.uni-trier.de/db/conf/icse/seis2023.html...
2024-11-21 16:26:10,880 - INFO - Search in https://dblp.uni-trier.de/db/conf/icse/svm2023.html...
2024-11-21 16:26:12,487 - INFO - Year 2023: Found 1 papers.
2024-11-21 16:26:12,487 - INFO - Fetching papers in ICSE (2024)...
2024-11-21 16:26:16,488 - INFO - Search in https://dblp.uni-trier.de/db/conf/icse/icse2024.html...
2024-11-21 16:26:22,447 - INFO - Search in https://dblp.uni-trier.de/db/conf/icse/icse2024c.html...
2024-11-21 16:26:26,280 - INFO - Search in https://dblp.uni-trier.de/db/conf/icse/designing2024.html...
2024-11-21 16:26:28,325 - INFO - Search in https://dblp.uni-trier.de/db/conf/icse/ftw2024.html...
2024-11-21 16:26:29,874 - INFO - Search in https://dblp.uni-trier.de/db/conf/icse/intense2024.html...
2024-11-21 16:26:31,506 - INFO - Search in https://dblp.uni-trier.de/db/conf/icse/more2024.html...
2024-11-21 16:26:33,406 - INFO - Search in https://dblp.uni-trier.de/db/conf/icse/nier2024.html...
2024-11-21 16:26:35,158 - INFO - Search in https://dblp.uni-trier.de/db/conf/icse/satrends2024.html...
2024-11-21 16:26:37,958 - INFO - Search in https://dblp.uni-trier.de/db/conf/icse/seis2024.html...
2024-11-21 16:26:40,113 - INFO - Year 2024: Found 1 papers.
2024-11-21 16:26:40,114 - INFO - Found 3 papers in ICSE.
2024-11-21 16:26:40,244 - INFO - ----------------------------------------------------
2024-11-21 16:26:40,244 - INFO - Processing journal 40/55
2024-11-21 16:26:40,245 - INFO - Currently find 313 papers.
2024-11-21 16:26:40,245 - INFO - ----------------------------------------------------
2024-11-21 16:26:40,245 - INFO - Fetching papers from ISSTA (http://dblp.uni-trier.de/db/conf/issta/)
2024-11-21 16:26:40,245 - INFO - Fetching papers in ISSTA (2022)...
2024-11-21 16:26:43,600 - INFO - Search in https://dblp.uni-trier.de/db/conf/issta/issta2022.html...
2024-11-21 16:26:46,208 - INFO - Year 2022: Found 0 papers.
2024-11-21 16:26:46,208 - INFO - Fetching papers in ISSTA (2023)...
2024-11-21 16:26:49,709 - INFO - Search in https://dblp.uni-trier.de/db/conf/issta/issta2023.html...
2024-11-21 16:26:52,531 - INFO - Year 2023: Found 0 papers.
2024-11-21 16:26:52,531 - INFO - Fetching papers in ISSTA (2024)...
2024-11-21 16:26:55,755 - INFO - Search in https://dblp.uni-trier.de/db/conf/issta/issta2024.html...
2024-11-21 16:27:00,155 - INFO - Year 2024: Found 1 papers.
2024-11-21 16:27:00,156 - INFO - Found 1 papers in ISSTA.
2024-11-21 16:27:00,287 - INFO - ----------------------------------------------------
2024-11-21 16:27:00,287 - INFO - Processing journal 41/55
2024-11-21 16:27:00,287 - INFO - Currently find 314 papers.
2024-11-21 16:27:00,288 - INFO - ----------------------------------------------------
2024-11-21 16:27:00,288 - INFO - Fetching papers from OSDI (http://dblp.uni-trier.de/db/conf/osdi/)
2024-11-21 16:27:00,288 - INFO - Fetching papers in OSDI (2022)...
2024-11-21 16:27:03,396 - INFO - Search in https://dblp.uni-trier.de/db/conf/osdi/osdi2022.html...
2024-11-21 16:27:05,130 - INFO - Year 2022: Found 0 papers.
2024-11-21 16:27:05,130 - INFO - Fetching papers in OSDI (2023)...
2024-11-21 16:27:09,629 - INFO - Search in https://dblp.uni-trier.de/db/conf/osdi/osdi2023.html...
2024-11-21 16:27:11,861 - INFO - Year 2023: Found 1 papers.
2024-11-21 16:27:11,862 - INFO - Fetching papers in OSDI (2024)...
2024-11-21 16:27:16,403 - INFO - Search in https://dblp.uni-trier.de/db/conf/osdi/osdi2024.html...
2024-11-21 16:27:18,995 - INFO - Year 2024: Found 0 papers.
2024-11-21 16:27:18,996 - INFO - Found 1 papers in OSDI.
2024-11-21 16:27:19,129 - INFO - ----------------------------------------------------
2024-11-21 16:27:19,129 - INFO - Processing journal 42/55
2024-11-21 16:27:19,129 - INFO - Currently find 315 papers.
2024-11-21 16:27:19,130 - INFO - ----------------------------------------------------
2024-11-21 16:27:19,130 - INFO - Fetching papers from FM (http://dblp.uni-trier.de/db/conf/fm/)
2024-11-21 16:27:19,130 - INFO - Fetching papers in FM (2022)...
2024-11-21 16:27:23,116 - WARNING - No data for 2022
2024-11-21 16:27:23,116 - INFO - Fetching papers in FM (2023)...
2024-11-21 16:27:26,216 - INFO - Search in https://dblp.uni-trier.de/db/conf/fm/fm2023.html...
2024-11-21 16:27:27,930 - INFO - Search in https://dblp.uni-trier.de/db/conf/fm/fmdt2023.html...
2024-11-21 16:27:29,255 - INFO - Year 2023: Found 0 papers.
2024-11-21 16:27:29,255 - INFO - Fetching papers in FM (2024)...
2024-11-21 16:27:33,085 - INFO - Search in https://dblp.uni-trier.de/db/conf/fm/fm2024-1.html...
2024-11-21 16:27:35,012 - INFO - Search in https://dblp.uni-trier.de/db/conf/fm/fm2024-2.html...
2024-11-21 16:27:36,728 - INFO - Year 2024: Found 0 papers.
2024-11-21 16:27:36,729 - INFO - No papers found in FM.
2024-11-21 16:27:36,729 - INFO - ----------------------------------------------------
2024-11-21 16:27:36,729 - INFO - Processing journal 43/55
2024-11-21 16:27:36,729 - INFO - Currently find 315 papers.
2024-11-21 16:27:36,729 - INFO - ----------------------------------------------------
2024-11-21 16:27:36,729 - INFO - Fetching papers from TOPLAS (http://dblp.uni-trier.de/db/journals/toplas/)
2024-11-21 16:27:36,729 - INFO - Fetching papers in TOPLAS (2022)...
2024-11-21 16:27:40,409 - INFO - Search in https://dblp.uni-trier.de/db/journals/toplas/toplas44.html...
2024-11-21 16:27:42,227 - INFO - Year 2022: Found 0 papers.
2024-11-21 16:27:42,227 - INFO - Fetching papers in TOPLAS (2023)...
2024-11-21 16:27:45,739 - INFO - Search in https://dblp.uni-trier.de/db/journals/toplas/toplas45.html...
2024-11-21 16:27:47,589 - INFO - Year 2023: Found 0 papers.
2024-11-21 16:27:47,589 - INFO - Fetching papers in TOPLAS (2024)...
2024-11-21 16:27:51,388 - INFO - Search in https://dblp.uni-trier.de/db/journals/toplas/toplas46.html...
2024-11-21 16:27:52,838 - INFO - Year 2024: Found 0 papers.
2024-11-21 16:27:52,838 - INFO - No papers found in TOPLAS.
2024-11-21 16:27:52,839 - INFO - ----------------------------------------------------
2024-11-21 16:27:52,839 - INFO - Processing journal 44/55
2024-11-21 16:27:52,839 - INFO - Currently find 315 papers.
2024-11-21 16:27:52,840 - INFO - ----------------------------------------------------
2024-11-21 16:27:52,840 - INFO - Fetching papers from TOSEM (http://dblp.uni-trier.de/db/journals/tosem/)
2024-11-21 16:27:52,840 - INFO - Fetching papers in TOSEM (2022)...
2024-11-21 16:27:55,698 - INFO - Search in https://dblp.uni-trier.de/db/journals/tosem/tosem31.html...
2024-11-21 16:27:57,928 - INFO - Year 2022: Found 1 papers.
2024-11-21 16:27:57,928 - INFO - Fetching papers in TOSEM (2023)...
2024-11-21 16:28:01,577 - INFO - Search in https://dblp.uni-trier.de/db/journals/tosem/tosem32.html...
2024-11-21 16:28:05,694 - INFO - Year 2023: Found 2 papers.
2024-11-21 16:28:05,694 - INFO - Fetching papers in TOSEM (2024)...
2024-11-21 16:28:09,031 - INFO - Search in https://dblp.uni-trier.de/db/journals/tosem/tosem33.html...
2024-11-21 16:28:12,835 - INFO - Year 2024: Found 0 papers.
2024-11-21 16:28:12,836 - INFO - Found 3 papers in TOSEM.
2024-11-21 16:28:12,997 - INFO - ----------------------------------------------------
2024-11-21 16:28:12,998 - INFO - Processing journal 45/55
2024-11-21 16:28:12,998 - INFO - Currently find 318 papers.
2024-11-21 16:28:12,998 - INFO - ----------------------------------------------------
2024-11-21 16:28:12,998 - INFO - Fetching papers from TSE (http://dblp.uni-trier.de/db/journals/tse/)
2024-11-21 16:28:12,999 - INFO - Fetching papers in TSE (2022)...
2024-11-21 16:28:20,423 - INFO - Search in https://dblp.uni-trier.de/db/journals/tse/tse48.html...
2024-11-21 16:28:26,739 - INFO - Year 2022: Found 0 papers.
2024-11-21 16:28:26,739 - INFO - Fetching papers in TSE (2023)...
2024-11-21 16:28:29,899 - INFO - Search in https://dblp.uni-trier.de/db/journals/tse/tse49.html...
2024-11-21 16:28:35,630 - INFO - Year 2023: Found 1 papers.
2024-11-21 16:28:35,630 - INFO - Fetching papers in TSE (2024)...
2024-11-21 16:28:39,154 - INFO - Search in https://dblp.uni-trier.de/db/journals/tse/tse50.html...
2024-11-21 16:28:42,364 - INFO - Year 2024: Found 1 papers.
2024-11-21 16:28:42,365 - INFO - Found 2 papers in TSE.
2024-11-21 16:28:42,503 - INFO - ----------------------------------------------------
2024-11-21 16:28:42,503 - INFO - Processing journal 46/55
2024-11-21 16:28:42,504 - INFO - Currently find 320 papers.
2024-11-21 16:28:42,504 - INFO - ----------------------------------------------------
2024-11-21 16:28:42,504 - INFO - Fetching papers from TSC (http://dblp.uni-trier.de/db/journals/tsc/)
2024-11-21 16:28:42,504 - INFO - Fetching papers in TSC (2022)...
2024-11-21 16:28:46,216 - INFO - Search in https://dblp.uni-trier.de/db/journals/tsc/tsc15.html...
2024-11-21 16:28:52,472 - INFO - Year 2022: Found 10 papers.
2024-11-21 16:28:52,472 - INFO - Fetching papers in TSC (2023)...
2024-11-21 16:28:55,209 - INFO - Search in https://dblp.uni-trier.de/db/journals/tsc/tsc16.html...
2024-11-21 16:29:03,464 - INFO - Year 2023: Found 34 papers.
2024-11-21 16:29:03,464 - INFO - Fetching papers in TSC (2024)...
2024-11-21 16:29:07,140 - INFO - Search in https://dblp.uni-trier.de/db/journals/tsc/tsc17.html...
2024-11-21 16:29:11,146 - INFO - Year 2024: Found 23 papers.
2024-11-21 16:29:11,146 - INFO - Found 67 papers in TSC.
2024-11-21 16:29:11,293 - INFO - ----------------------------------------------------
2024-11-21 16:29:11,293 - INFO - Processing journal 47/55
2024-11-21 16:29:11,294 - INFO - Currently find 387 papers.
2024-11-21 16:29:11,294 - INFO - ----------------------------------------------------
2024-11-21 16:29:11,294 - INFO - Fetching papers from SIGMOD (http://dblp.uni-trier.de/db/conf/sigmod/)
2024-11-21 16:29:11,295 - INFO - Fetching papers in SIGMOD (2022)...
2024-11-21 16:29:14,801 - INFO - Search in https://dblp.uni-trier.de/db/conf/sigmod/sigmod2022.html...
2024-11-21 16:29:18,994 - INFO - Year 2022: Found 0 papers.
2024-11-21 16:29:18,994 - INFO - Fetching papers in SIGMOD (2023)...
2024-11-21 16:29:24,617 - INFO - Search in https://dblp.uni-trier.de/db/conf/sigmod/sigmod2023c.html...
2024-11-21 16:29:27,043 - INFO - Year 2023: Found 0 papers.
2024-11-21 16:29:27,044 - INFO - Fetching papers in SIGMOD (2024)...
2024-11-21 16:29:30,368 - INFO - Search in https://dblp.uni-trier.de/db/conf/sigmod/sigmod2024c.html...
2024-11-21 16:29:34,251 - INFO - Year 2024: Found 1 papers.
2024-11-21 16:29:34,252 - INFO - Found 1 papers in SIGMOD.
2024-11-21 16:29:34,409 - INFO - ----------------------------------------------------
2024-11-21 16:29:34,409 - INFO - Processing journal 48/55
2024-11-21 16:29:34,410 - INFO - Currently find 388 papers.
2024-11-21 16:29:34,410 - INFO - ----------------------------------------------------
2024-11-21 16:29:34,410 - INFO - Fetching papers from SIGKDD (http://dblp.uni-trier.de/db/conf/kdd/)
2024-11-21 16:29:34,410 - INFO - Fetching papers in SIGKDD (2022)...
2024-11-21 16:29:38,725 - INFO - Search in https://dblp.uni-trier.de/db/conf/kdd/kdd2022.html...
2024-11-21 16:29:51,973 - INFO - Year 2022: Found 1 papers.
2024-11-21 16:29:51,973 - INFO - Fetching papers in SIGKDD (2023)...
2024-11-21 16:29:55,866 - INFO - Search in https://dblp.uni-trier.de/db/conf/kdd/kdd2023.html...
2024-11-21 16:30:13,009 - INFO - Search in https://dblp.uni-trier.de/db/conf/kdd/evalrs2023.html...
2024-11-21 16:30:14,825 - INFO - Year 2023: Found 0 papers.
2024-11-21 16:30:14,825 - INFO - Fetching papers in SIGKDD (2024)...
2024-11-21 16:30:19,046 - INFO - Search in https://dblp.uni-trier.de/db/conf/kdd/kdd2024.html...
2024-11-21 16:30:39,712 - INFO - Year 2024: Found 2 papers.
2024-11-21 16:30:39,713 - INFO - Found 3 papers in SIGKDD.
2024-11-21 16:30:39,899 - INFO - ----------------------------------------------------
2024-11-21 16:30:39,900 - INFO - Processing journal 49/55
2024-11-21 16:30:39,900 - INFO - Currently find 391 papers.
2024-11-21 16:30:39,900 - INFO - ----------------------------------------------------
2024-11-21 16:30:39,900 - INFO - Fetching papers from ICDE (http://dblp.uni-trier.de/db/conf/icde/)
2024-11-21 16:30:39,901 - INFO - Fetching papers in ICDE (2022)...
2024-11-21 16:30:43,629 - INFO - Search in https://dblp.uni-trier.de/db/conf/icde/icde2022.html...
2024-11-21 16:30:50,109 - INFO - Search in https://dblp.uni-trier.de/db/conf/icde/icde2022w.html...
2024-11-21 16:30:51,666 - INFO - Year 2022: Found 5 papers.
2024-11-21 16:30:51,666 - INFO - Fetching papers in ICDE (2023)...
2024-11-21 16:30:55,293 - INFO - Search in https://dblp.uni-trier.de/db/conf/icde/icde2023.html...
2024-11-21 16:31:04,115 - INFO - Search in https://dblp.uni-trier.de/db/conf/icde/icde2023w.html...
2024-11-21 16:31:06,497 - INFO - Year 2023: Found 5 papers.
2024-11-21 16:31:06,497 - INFO - Fetching papers in ICDE (2024)...
2024-11-21 16:31:15,589 - ERROR - Error fetching data: HTTPSConnectionPool(host='dblp.uni-trier.de', port=443): Max retries exceeded with url: /db/conf/icde/ (Caused by ProxyError('Cannot connect to proxy.', ConnectionResetError(10054, '', None, 10054, None)))
2024-11-21 16:31:24,095 - INFO - Search in https://dblp.uni-trier.de/db/conf/icde/icde2024.html...
2024-11-21 16:31:36,005 - INFO - Search in https://dblp.uni-trier.de/db/conf/icde/icde2024w.html...
2024-11-21 16:31:37,809 - INFO - Year 2024: Found 7 papers.
2024-11-21 16:31:37,810 - INFO - Found 17 papers in ICDE.
2024-11-21 16:31:37,974 - INFO - ----------------------------------------------------
2024-11-21 16:31:37,975 - INFO - Processing journal 50/55
2024-11-21 16:31:37,975 - INFO - Currently find 408 papers.
2024-11-21 16:31:37,975 - INFO - ----------------------------------------------------
2024-11-21 16:31:37,976 - INFO - Fetching papers from SIGIR (http://dblp.uni-trier.de/db/conf/sigir/)
2024-11-21 16:31:37,976 - INFO - Fetching papers in SIGIR (2022)...
2024-11-21 16:31:41,846 - INFO - Search in https://dblp.uni-trier.de/db/conf/sigir/sigir2022.html...
2024-11-21 16:31:52,804 - INFO - Search in https://dblp.uni-trier.de/db/conf/sigir/inra2022.html...
2024-11-21 16:31:54,649 - INFO - Year 2022: Found 1 papers.
2024-11-21 16:31:54,649 - INFO - Fetching papers in SIGIR (2023)...
2024-11-21 16:31:59,011 - INFO - Search in https://dblp.uni-trier.de/db/conf/sigir/sigir2023.html...
2024-11-21 16:32:11,933 - INFO - Year 2023: Found 0 papers.
2024-11-21 16:32:11,934 - INFO - Fetching papers in SIGIR (2024)...
2024-11-21 16:32:15,208 - INFO - Search in https://dblp.uni-trier.de/db/conf/sigir/sigir2024.html...
2024-11-21 16:32:25,242 - INFO - Year 2024: Found 0 papers.
2024-11-21 16:32:25,243 - INFO - Found 1 papers in SIGIR.
2024-11-21 16:32:25,420 - INFO - ----------------------------------------------------
2024-11-21 16:32:25,420 - INFO - Processing journal 51/55
2024-11-21 16:32:25,421 - INFO - Currently find 409 papers.
2024-11-21 16:32:25,421 - INFO - ----------------------------------------------------
2024-11-21 16:32:25,422 - INFO - Fetching papers from VLDB (http://dblp.uni-trier.de/db/conf/vldb/)
2024-11-21 16:32:25,422 - INFO - Fetching papers in VLDB (2022)...
2024-11-21 16:32:28,683 - INFO - Search in https://dblp.uni-trier.de/db/conf/vldb/phd2022.html...
2024-11-21 16:32:30,525 - INFO - Search in https://dblp.uni-trier.de/db/conf/vldb/cdms2022.html...
2024-11-21 16:32:32,185 - INFO - Search in https://dblp.uni-trier.de/db/conf/vldb/deco2022.html...
2024-11-21 16:32:33,665 - INFO - Year 2022: Found 0 papers.
2024-11-21 16:32:33,665 - INFO - Fetching papers in VLDB (2023)...
2024-11-21 16:32:37,099 - INFO - Search in https://dblp.uni-trier.de/db/conf/vldb/w2023.html...
2024-11-21 16:32:39,401 - INFO - Search in https://dblp.uni-trier.de/db/conf/vldb/phd2023.html...
2024-11-21 16:32:40,883 - INFO - Year 2023: Found 0 papers.
2024-11-21 16:32:40,883 - INFO - Fetching papers in VLDB (2024)...
2024-11-21 16:32:44,155 - INFO - Search in https://dblp.uni-trier.de/db/conf/vldb/vldb2024w.html...
2024-11-21 16:32:46,498 - INFO - Year 2024: Found 4 papers.
2024-11-21 16:32:46,499 - INFO - Found 4 papers in VLDB.
2024-11-21 16:32:46,672 - INFO - ----------------------------------------------------
2024-11-21 16:32:46,672 - INFO - Processing journal 52/55
2024-11-21 16:32:46,672 - INFO - Currently find 413 papers.
2024-11-21 16:32:46,673 - INFO - ----------------------------------------------------
2024-11-21 16:32:46,673 - INFO - Fetching papers from TODS (http://dblp.uni-trier.de/db/journals/tods/)
2024-11-21 16:32:46,673 - INFO - Fetching papers in TODS (2022)...
2024-11-21 16:32:49,646 - INFO - Search in https://dblp.uni-trier.de/db/journals/tods/tods47.html...
2024-11-21 16:32:51,604 - INFO - Year 2022: Found 0 papers.
2024-11-21 16:32:51,604 - INFO - Fetching papers in TODS (2023)...
2024-11-21 16:32:54,758 - INFO - Search in https://dblp.uni-trier.de/db/journals/tods/tods48.html...
2024-11-21 16:32:56,671 - INFO - Year 2023: Found 0 papers.
2024-11-21 16:32:56,672 - INFO - Fetching papers in TODS (2024)...
2024-11-21 16:32:59,589 - INFO - Search in https://dblp.uni-trier.de/db/journals/tods/tods49.html...
2024-11-21 16:33:01,460 - INFO - Year 2024: Found 0 papers.
2024-11-21 16:33:01,460 - INFO - No papers found in TODS.
2024-11-21 16:33:01,460 - INFO - ----------------------------------------------------
2024-11-21 16:33:01,461 - INFO - Processing journal 53/55
2024-11-21 16:33:01,461 - INFO - Currently find 413 papers.
2024-11-21 16:33:01,461 - INFO - ----------------------------------------------------
2024-11-21 16:33:01,462 - INFO - Fetching papers from TOIS (http://dblp.uni-trier.de/db/journals/tois/)
2024-11-21 16:33:01,462 - INFO - Fetching papers in TOIS (2022)...
2024-11-21 16:33:04,144 - INFO - Search in https://dblp.uni-trier.de/db/journals/tois/tois40.html...
2024-11-21 16:33:06,280 - INFO - Year 2022: Found 0 papers.
2024-11-21 16:33:06,280 - INFO - Fetching papers in TOIS (2023)...
2024-11-21 16:33:10,505 - INFO - Search in https://dblp.uni-trier.de/db/journals/tois/tois41.html...
2024-11-21 16:33:13,099 - INFO - Year 2023: Found 0 papers.
2024-11-21 16:33:13,099 - INFO - Fetching papers in TOIS (2024)...
2024-11-21 16:33:15,786 - INFO - Search in https://dblp.uni-trier.de/db/journals/tois/tois42.html...
2024-11-21 16:33:19,387 - INFO - Year 2024: Found 0 papers.
2024-11-21 16:33:19,387 - INFO - No papers found in TOIS.
2024-11-21 16:33:19,388 - INFO - ----------------------------------------------------
2024-11-21 16:33:19,389 - INFO - Processing journal 54/55
2024-11-21 16:33:19,389 - INFO - Currently find 413 papers.
2024-11-21 16:33:19,389 - INFO - ----------------------------------------------------
2024-11-21 16:33:19,389 - INFO - Fetching papers from TKDE (http://dblp.uni-trier.de/db/journals/tkde/)
2024-11-21 16:33:19,389 - INFO - Fetching papers in TKDE (2022)...
2024-11-21 16:33:22,095 - INFO - Search in https://dblp.uni-trier.de/db/journals/tkde/tkde34.html...
2024-11-21 16:33:33,729 - INFO - Year 2022: Found 1 papers.
2024-11-21 16:33:33,729 - INFO - Fetching papers in TKDE (2023)...
2024-11-21 16:33:37,482 - INFO - Search in https://dblp.uni-trier.de/db/journals/tkde/tkde35.html...
2024-11-21 16:34:25,626 - INFO - Year 2023: Found 5 papers.
2024-11-21 16:34:25,626 - INFO - Fetching papers in TKDE (2024)...
2024-11-21 16:34:28,968 - INFO - Search in https://dblp.uni-trier.de/db/journals/tkde/tkde36.html...
2024-11-21 16:34:41,478 - INFO - Year 2024: Found 8 papers.
2024-11-21 16:34:41,479 - INFO - Found 14 papers in TKDE.
2024-11-21 16:34:41,658 - INFO - ----------------------------------------------------
2024-11-21 16:34:41,658 - INFO - Processing journal 55/55
2024-11-21 16:34:41,659 - INFO - Currently find 427 papers.
2024-11-21 16:34:41,659 - INFO - ----------------------------------------------------
2024-11-21 16:34:41,659 - INFO - Fetching papers from VLDBJ (http://dblp.uni-trier.de/db/journals/vldb/)
2024-11-21 16:34:41,659 - INFO - Fetching papers in VLDBJ (2022)...
2024-11-21 16:34:44,843 - INFO - Search in https://dblp.uni-trier.de/db/journals/vldb/vldb31.html...
2024-11-21 16:34:47,847 - INFO - Year 2022: Found 0 papers.
2024-11-21 16:34:47,848 - INFO - Fetching papers in VLDBJ (2023)...
2024-11-21 16:34:51,147 - INFO - Search in https://dblp.uni-trier.de/db/journals/vldb/vldb32.html...
2024-11-21 16:34:53,186 - INFO - Year 2023: Found 0 papers.
2024-11-21 16:34:53,187 - INFO - Fetching papers in VLDBJ (2024)...
2024-11-21 16:34:56,619 - INFO - Search in https://dblp.uni-trier.de/db/journals/vldb/vldb33.html...
2024-11-21 16:34:58,712 - INFO - Year 2024: Found 2 papers.
2024-11-21 16:34:58,713 - INFO - Found 2 papers in VLDBJ.
2024-11-21 16:34:58,983 - INFO - Total papers found: 429
2024-11-21 16:34:58,984 - INFO - Results saved to output\papers_results.xlsx